<?xml version="1.0" encoding="UTF-8"?>
<coverage generated="1754659928987" clover="3.2.0">
  <project timestamp="1754659928987" name="All files">
    <metrics statements="2309" coveredstatements="0" conditionals="1415" coveredconditionals="0" methods="275" coveredmethods="0" elements="3999" coveredelements="0" complexity="0" loc="2309" ncloc="2309" packages="5" files="20" classes="20"/>
    <package name="src">
      <metrics statements="2045" coveredstatements="0" conditionals="1352" coveredconditionals="0" methods="214" coveredmethods="0"/>
      <file name="c9ai-core.js" path="/Users/hebbarp/todo-management/c9ai/src/c9ai-core.js">
        <metrics statements="1826" coveredstatements="0" conditionals="1203" coveredconditionals="0" methods="182" coveredmethods="0"/>
        <line num="1" count="0" type="stmt"/>
        <line num="2" count="0" type="stmt"/>
        <line num="3" count="0" type="stmt"/>
        <line num="4" count="0" type="stmt"/>
        <line num="5" count="0" type="stmt"/>
        <line num="6" count="0" type="stmt"/>
        <line num="7" count="0" type="stmt"/>
        <line num="8" count="0" type="stmt"/>
        <line num="13" count="0" type="stmt"/>
        <line num="14" count="0" type="stmt"/>
        <line num="15" count="0" type="stmt"/>
        <line num="16" count="0" type="stmt"/>
        <line num="17" count="0" type="stmt"/>
        <line num="24" count="0" type="stmt"/>
        <line num="25" count="0" type="stmt"/>
        <line num="26" count="0" type="stmt"/>
        <line num="27" count="0" type="stmt"/>
        <line num="30" count="0" type="stmt"/>
        <line num="31" count="0" type="stmt"/>
        <line num="32" count="0" type="stmt"/>
        <line num="33" count="0" type="stmt"/>
        <line num="34" count="0" type="stmt"/>
        <line num="35" count="0" type="stmt"/>
        <line num="36" count="0" type="stmt"/>
        <line num="37" count="0" type="stmt"/>
        <line num="38" count="0" type="stmt"/>
        <line num="39" count="0" type="stmt"/>
        <line num="40" count="0" type="stmt"/>
        <line num="41" count="0" type="stmt"/>
        <line num="43" count="0" type="stmt"/>
        <line num="47" count="0" type="cond" truecount="0" falsecount="2"/>
        <line num="50" count="0" type="stmt"/>
        <line num="51" count="0" type="stmt"/>
        <line num="52" count="0" type="stmt"/>
        <line num="53" count="0" type="stmt"/>
        <line num="56" count="0" type="stmt"/>
        <line num="59" count="0" type="stmt"/>
        <line num="62" count="0" type="stmt"/>
        <line num="65" count="0" type="stmt"/>
        <line num="68" count="0" type="stmt"/>
        <line num="71" count="0" type="stmt"/>
        <line num="75" count="0" type="stmt"/>
        <line num="76" count="0" type="stmt"/>
        <line num="77" count="0" type="stmt"/>
        <line num="79" count="0" type="stmt"/>
        <line num="80" count="0" type="stmt"/>
        <line num="81" count="0" type="stmt"/>
        <line num="83" count="0" type="cond" truecount="0" falsecount="2"/>
        <line num="84" count="0" type="stmt"/>
        <line num="86" count="0" type="stmt"/>
        <line num="90" count="0" type="stmt"/>
        <line num="95" count="0" type="stmt"/>
        <line num="96" count="0" type="stmt"/>
        <line num="97" count="0" type="cond" truecount="0" falsecount="2"/>
        <line num="98" count="0" type="stmt"/>
        <line num="99" count="0" type="cond" truecount="0" falsecount="2"/>
        <line num="102" count="0" type="stmt"/>
        <line num="107" count="0" type="stmt"/>
        <line num="108" count="0" type="stmt"/>
        <line num="117" count="0" type="stmt"/>
        <line num="118" count="0" type="stmt"/>
        <line num="119" count="0" type="cond" truecount="0" falsecount="2"/>
        <line num="120" count="0" type="stmt"/>
        <line num="121" count="0" type="stmt"/>
        <line num="122" count="0" type="stmt"/>
        <line num="123" count="0" type="stmt"/>
        <line num="126" count="0" type="stmt"/>
        <line num="131" count="0" type="stmt"/>
        <line num="132" count="0" type="stmt"/>
        <line num="133" count="0" type="cond" truecount="0" falsecount="2"/>
        <line num="134" count="0" type="stmt"/>
        <line num="135" count="0" type="stmt"/>
        <line num="136" count="0" type="stmt"/>
        <line num="137" count="0" type="stmt"/>
        <line num="140" count="0" type="stmt"/>
        <line num="145" count="0" type="stmt"/>
        <line num="146" count="0" type="stmt"/>
        <line num="147" count="0" type="cond" truecount="0" falsecount="2"/>
        <line num="148" count="0" type="stmt"/>
        <line num="149" count="0" type="stmt"/>
        <line num="151" count="0" type="stmt"/>
        <line num="154" count="0" type="stmt"/>
        <line num="159" count="0" type="stmt"/>
        <line num="160" count="0" type="stmt"/>
        <line num="161" count="0" type="stmt"/>
        <line num="165" count="0" type="stmt"/>
        <line num="167" count="0" type="stmt"/>
        <line num="172" count="0" type="stmt"/>
        <line num="174" count="0" type="stmt"/>
        <line num="176" count="0" type="cond" truecount="0" falsecount="2"/>
        <line num="177" count="0" type="stmt"/>
        <line num="178" count="0" type="cond" truecount="0" falsecount="2"/>
        <line num="180" count="0" type="cond" truecount="0" falsecount="2"/>
        <line num="181" count="0" type="stmt"/>
        <line num="182" count="0" type="cond" truecount="0" falsecount="4"/>
        <line num="183" count="0" type="stmt"/>
        <line num="185" count="0" type="stmt"/>
        <line num="186" count="0" type="stmt"/>
        <line num="187" count="0" type="stmt"/>
        <line num="189" count="0" type="stmt"/>
        <line num="192" count="0" type="stmt"/>
        <line num="195" count="0" type="stmt"/>
        <line num="199" count="0" type="cond" truecount="0" falsecount="2"/>
        <line num="200" count="0" type="stmt"/>
        <line num="201" count="0" type="stmt"/>
        <line num="202" count="0" type="stmt"/>
        <line num="204" count="0" type="cond" truecount="0" falsecount="8"/>
        <line num="208" count="0" type="cond" truecount="0" falsecount="2"/>
        <line num="210" count="0" type="stmt"/>
        <line num="213" count="0" type="stmt"/>
        <line num="215" count="0" type="stmt"/>
        <line num="219" count="0" type="cond" truecount="0" falsecount="2"/>
        <line num="220" count="0" type="stmt"/>
        <line num="224" count="0" type="stmt"/>
        <line num="225" count="0" type="stmt"/>
        <line num="228" count="0" type="stmt"/>
        <line num="229" count="0" type="stmt"/>
        <line num="233" count="0" type="cond" truecount="0" falsecount="17"/>
        <line num="235" count="0" type="stmt"/>
        <line num="236" count="0" type="stmt"/>
        <line num="237" count="0" type="stmt"/>
        <line num="239" count="0" type="stmt"/>
        <line num="240" count="0" type="stmt"/>
        <line num="241" count="0" type="stmt"/>
        <line num="243" count="0" type="stmt"/>
        <line num="244" count="0" type="stmt"/>
        <line num="245" count="0" type="stmt"/>
        <line num="247" count="0" type="stmt"/>
        <line num="248" count="0" type="stmt"/>
        <line num="250" count="0" type="stmt"/>
        <line num="251" count="0" type="stmt"/>
        <line num="253" count="0" type="stmt"/>
        <line num="254" count="0" type="stmt"/>
        <line num="256" count="0" type="stmt"/>
        <line num="257" count="0" type="stmt"/>
        <line num="259" count="0" type="stmt"/>
        <line num="260" count="0" type="stmt"/>
        <line num="262" count="0" type="stmt"/>
        <line num="263" count="0" type="stmt"/>
        <line num="265" count="0" type="stmt"/>
        <line num="266" count="0" type="stmt"/>
        <line num="269" count="0" type="stmt"/>
        <line num="270" count="0" type="stmt"/>
        <line num="272" count="0" type="stmt"/>
        <line num="273" count="0" type="stmt"/>
        <line num="275" count="0" type="stmt"/>
        <line num="276" count="0" type="stmt"/>
        <line num="279" count="0" type="stmt"/>
        <line num="280" count="0" type="stmt"/>
        <line num="283" count="0" type="cond" truecount="0" falsecount="4"/>
        <line num="284" count="0" type="cond" truecount="0" falsecount="2"/>
        <line num="285" count="0" type="stmt"/>
        <line num="287" count="0" type="stmt"/>
        <line num="292" count="0" type="stmt"/>
        <line num="297" count="0" type="cond" truecount="0" falsecount="2"/>
        <line num="298" count="0" type="stmt"/>
        <line num="299" count="0" type="stmt"/>
        <line num="302" count="0" type="stmt"/>
        <line num="304" count="0" type="stmt"/>
        <line num="306" count="0" type="stmt"/>
        <line num="308" count="0" type="cond" truecount="0" falsecount="2"/>
        <line num="309" count="0" type="stmt"/>
        <line num="310" count="0" type="stmt"/>
        <line num="312" count="0" type="stmt"/>
        <line num="313" count="0" type="stmt"/>
        <line num="315" count="0" type="stmt"/>
        <line num="316" count="0" type="stmt"/>
        <line num="319" count="0" type="stmt"/>
        <line num="320" count="0" type="stmt"/>
        <line num="321" count="0" type="stmt"/>
        <line num="322" count="0" type="cond" truecount="0" falsecount="2"/>
        <line num="327" count="0" type="stmt"/>
        <line num="329" count="0" type="stmt"/>
        <line num="330" count="0" type="stmt"/>
        <line num="332" count="0" type="stmt"/>
        <line num="333" count="0" type="stmt"/>
        <line num="335" count="0" type="cond" truecount="0" falsecount="2"/>
        <line num="336" count="0" type="stmt"/>
        <line num="338" count="0" type="stmt"/>
        <line num="347" count="0" type="stmt"/>
        <line num="348" count="0" type="stmt"/>
        <line num="351" count="0" type="cond" truecount="0" falsecount="2"/>
        <line num="352" count="0" type="stmt"/>
        <line num="354" count="0" type="stmt"/>
        <line num="358" count="0" type="stmt"/>
        <line num="361" count="0" type="stmt"/>
        <line num="362" count="0" type="stmt"/>
        <line num="366" count="0" type="stmt"/>
        <line num="367" count="0" type="stmt"/>
        <line num="372" count="0" type="stmt"/>
        <line num="379" count="0" type="stmt"/>
        <line num="381" count="0" type="stmt"/>
        <line num="382" count="0" type="stmt"/>
        <line num="383" count="0" type="stmt"/>
        <line num="386" count="0" type="cond" truecount="0" falsecount="2"/>
        <line num="387" count="0" type="stmt"/>
        <line num="388" count="0" type="stmt"/>
        <line num="393" count="0" type="stmt"/>
        <line num="397" count="0" type="stmt"/>
        <line num="399" count="0" type="cond" truecount="0" falsecount="2"/>
        <line num="400" count="0" type="stmt"/>
        <line num="401" count="0" type="stmt"/>
        <line num="404" count="0" type="stmt"/>
        <line num="405" count="0" type="stmt"/>
        <line num="407" count="0" type="stmt"/>
        <line num="410" count="0" type="cond" truecount="0" falsecount="2"/>
        <line num="411" count="0" type="stmt"/>
        <line num="412" count="0" type="stmt"/>
        <line num="416" count="0" type="stmt"/>
        <line num="417" count="0" type="stmt"/>
        <line num="418" count="0" type="cond" truecount="0" falsecount="2"/>
        <line num="419" count="0" type="cond" truecount="0" falsecount="2"/>
        <line num="420" count="0" type="stmt"/>
        <line num="421" count="0" type="stmt"/>
        <line num="423" count="0" type="stmt"/>
        <line num="424" count="0" type="stmt"/>
        <line num="427" count="0" type="cond" truecount="0" falsecount="2"/>
        <line num="428" count="0" type="stmt"/>
        <line num="429" count="0" type="stmt"/>
        <line num="432" count="0" type="stmt"/>
        <line num="433" count="0" type="cond" truecount="0" falsecount="2"/>
        <line num="434" count="0" type="stmt"/>
        <line num="436" count="0" type="stmt"/>
        <line num="442" count="0" type="stmt"/>
        <line num="444" count="0" type="cond" truecount="0" falsecount="6"/>
        <line num="446" count="0" type="stmt"/>
        <line num="447" count="0" type="stmt"/>
        <line num="449" count="0" type="stmt"/>
        <line num="450" count="0" type="stmt"/>
        <line num="452" count="0" type="cond" truecount="0" falsecount="4"/>
        <line num="453" count="0" type="stmt"/>
        <line num="455" count="0" type="stmt"/>
        <line num="457" count="0" type="stmt"/>
        <line num="459" count="0" type="stmt"/>
        <line num="460" count="0" type="stmt"/>
        <line num="462" count="0" type="stmt"/>
        <line num="463" count="0" type="stmt"/>
        <line num="466" count="0" type="stmt"/>
        <line num="467" count="0" type="stmt"/>
        <line num="472" count="0" type="stmt"/>
        <line num="473" count="0" type="stmt"/>
        <line num="474" count="0" type="stmt"/>
        <line num="475" count="0" type="cond" truecount="0" falsecount="2"/>
        <line num="476" count="0" type="stmt"/>
        <line num="477" count="0" type="cond" truecount="0" falsecount="2"/>
        <line num="479" count="0" type="stmt"/>
        <line num="480" count="0" type="cond" truecount="0" falsecount="2"/>
        <line num="483" count="0" type="stmt"/>
        <line num="484" count="0" type="stmt"/>
        <line num="487" count="0" type="stmt"/>
        <line num="488" count="0" type="stmt"/>
        <line num="489" count="0" type="cond" truecount="0" falsecount="2"/>
        <line num="490" count="0" type="stmt"/>
        <line num="492" count="0" type="stmt"/>
        <line num="497" count="0" type="stmt"/>
        <line num="498" count="0" type="cond" truecount="0" falsecount="2"/>
        <line num="499" count="0" type="stmt"/>
        <line num="501" count="0" type="stmt"/>
        <line num="502" count="0" type="stmt"/>
        <line num="506" count="0" type="stmt"/>
        <line num="508" count="0" type="cond" truecount="0" falsecount="2"/>
        <line num="509" count="0" type="stmt"/>
        <line num="510" count="0" type="stmt"/>
        <line num="513" count="0" type="stmt"/>
        <line num="514" count="0" type="stmt"/>
        <line num="515" count="0" type="stmt"/>
        <line num="516" count="0" type="stmt"/>
        <line num="521" count="0" type="stmt"/>
        <line num="522" count="0" type="stmt"/>
        <line num="525" count="0" type="cond" truecount="0" falsecount="2"/>
        <line num="526" count="0" type="stmt"/>
        <line num="527" count="0" type="stmt"/>
        <line num="528" count="0" type="stmt"/>
        <line num="529" count="0" type="stmt"/>
        <line num="531" count="0" type="stmt"/>
        <line num="533" count="0" type="stmt"/>
        <line num="537" count="0" type="stmt"/>
        <line num="538" count="0" type="cond" truecount="0" falsecount="2"/>
        <line num="539" count="0" type="stmt"/>
        <line num="540" count="0" type="stmt"/>
        <line num="541" count="0" type="stmt"/>
        <line num="543" count="0" type="stmt"/>
        <line num="544" count="0" type="stmt"/>
        <line num="545" count="0" type="stmt"/>
        <line num="546" count="0" type="stmt"/>
        <line num="548" count="0" type="stmt"/>
        <line num="550" count="0" type="stmt"/>
        <line num="554" count="0" type="stmt"/>
        <line num="558" count="0" type="stmt"/>
        <line num="561" count="0" type="cond" truecount="0" falsecount="4"/>
        <line num="562" count="0" type="stmt"/>
        <line num="563" count="0" type="stmt"/>
        <line num="564" count="0" type="stmt"/>
        <line num="565" count="0" type="stmt"/>
        <line num="567" count="0" type="stmt"/>
        <line num="568" count="0" type="stmt"/>
        <line num="570" count="0" type="stmt"/>
        <line num="571" count="0" type="stmt"/>
        <line num="572" count="0" type="stmt"/>
        <line num="574" count="0" type="stmt"/>
        <line num="579" count="0" type="cond" truecount="0" falsecount="4"/>
        <line num="580" count="0" type="stmt"/>
        <line num="581" count="0" type="stmt"/>
        <line num="584" count="0" type="stmt"/>
        <line num="585" count="0" type="stmt"/>
        <line num="587" count="0" type="stmt"/>
        <line num="588" count="0" type="stmt"/>
        <line num="589" count="0" type="stmt"/>
        <line num="591" count="0" type="stmt"/>
        <line num="596" count="0" type="stmt"/>
        <line num="597" count="0" type="stmt"/>
        <line num="598" count="0" type="stmt"/>
        <line num="599" count="0" type="stmt"/>
        <line num="600" count="0" type="stmt"/>
        <line num="602" count="0" type="stmt"/>
        <line num="607" count="0" type="stmt"/>
        <line num="609" count="0" type="cond" truecount="0" falsecount="2"/>
        <line num="610" count="0" type="stmt"/>
        <line num="611" count="0" type="stmt"/>
        <line num="614" count="0" type="stmt"/>
        <line num="619" count="0" type="stmt"/>
        <line num="623" count="0" type="stmt"/>
        <line num="625" count="0" type="stmt"/>
        <line num="627" count="0" type="stmt"/>
        <line num="628" count="0" type="cond" truecount="0" falsecount="2"/>
        <line num="629" count="0" type="stmt"/>
        <line num="630" count="0" type="stmt"/>
        <line num="632" count="0" type="stmt"/>
        <line num="633" count="0" type="stmt"/>
        <line num="634" count="0" type="stmt"/>
        <line num="636" count="0" type="stmt"/>
        <line num="637" count="0" type="stmt"/>
        <line num="639" count="0" type="stmt"/>
        <line num="642" count="0" type="stmt"/>
        <line num="644" count="0" type="stmt"/>
        <line num="645" count="0" type="stmt"/>
        <line num="651" count="0" type="stmt"/>
        <line num="652" count="0" type="cond" truecount="0" falsecount="2"/>
        <line num="653" count="0" type="stmt"/>
        <line num="656" count="0" type="stmt"/>
        <line num="657" count="0" type="stmt"/>
        <line num="658" count="0" type="stmt"/>
        <line num="660" count="0" type="stmt"/>
        <line num="661" count="0" type="stmt"/>
        <line num="662" count="0" type="cond" truecount="0" falsecount="2"/>
        <line num="663" count="0" type="stmt"/>
        <line num="664" count="0" type="stmt"/>
        <line num="665" count="0" type="stmt"/>
        <line num="666" count="0" type="stmt"/>
        <line num="670" count="0" type="stmt"/>
        <line num="674" count="0" type="stmt"/>
        <line num="675" count="0" type="stmt"/>
        <line num="676" count="0" type="stmt"/>
        <line num="678" count="0" type="cond" truecount="0" falsecount="5"/>
        <line num="680" count="0" type="cond" truecount="0" falsecount="2"/>
        <line num="681" count="0" type="stmt"/>
        <line num="682" count="0" type="cond" truecount="0" falsecount="2"/>
        <line num="683" count="0" type="stmt"/>
        <line num="685" count="0" type="stmt"/>
        <line num="687" count="0" type="stmt"/>
        <line num="690" count="0" type="cond" truecount="0" falsecount="2"/>
        <line num="691" count="0" type="stmt"/>
        <line num="693" count="0" type="stmt"/>
        <line num="695" count="0" type="stmt"/>
        <line num="699" count="0" type="stmt"/>
        <line num="700" count="0" type="cond" truecount="0" falsecount="2"/>
        <line num="702" count="0" type="cond" truecount="0" falsecount="2"/>
        <line num="704" count="0" type="cond" truecount="0" falsecount="2"/>
        <line num="705" count="0" type="stmt"/>
        <line num="707" count="0" type="stmt"/>
        <line num="708" count="0" type="cond" truecount="0" falsecount="4"/>
        <line num="709" count="0" type="stmt"/>
        <line num="710" count="0" type="cond" truecount="0" falsecount="2"/>
        <line num="712" count="0" type="cond" truecount="0" falsecount="2"/>
        <line num="713" count="0" type="stmt"/>
        <line num="714" count="0" type="cond" truecount="0" falsecount="2"/>
        <line num="715" count="0" type="stmt"/>
        <line num="718" count="0" type="stmt"/>
        <line num="721" count="0" type="stmt"/>
        <line num="723" count="0" type="stmt"/>
        <line num="726" count="0" type="stmt"/>
        <line num="727" count="0" type="stmt"/>
        <line num="728" count="0" type="cond" truecount="0" falsecount="2"/>
        <line num="729" count="0" type="stmt"/>
        <line num="730" count="0" type="cond" truecount="0" falsecount="2"/>
        <line num="731" count="0" type="stmt"/>
        <line num="733" count="0" type="stmt"/>
        <line num="735" count="0" type="stmt"/>
        <line num="738" count="0" type="cond" truecount="0" falsecount="2"/>
        <line num="739" count="0" type="stmt"/>
        <line num="740" count="0" type="stmt"/>
        <line num="742" count="0" type="stmt"/>
        <line num="747" count="0" type="stmt"/>
        <line num="748" count="0" type="stmt"/>
        <line num="750" count="0" type="stmt"/>
        <line num="751" count="0" type="stmt"/>
        <line num="753" count="0" type="stmt"/>
        <line num="754" count="0" type="stmt"/>
        <line num="759" count="0" type="stmt"/>
        <line num="760" count="0" type="stmt"/>
        <line num="762" count="0" type="stmt"/>
        <line num="763" count="0" type="stmt"/>
        <line num="764" count="0" type="stmt"/>
        <line num="766" count="0" type="stmt"/>
        <line num="767" count="0" type="stmt"/>
        <line num="768" count="0" type="stmt"/>
        <line num="770" count="0" type="stmt"/>
        <line num="772" count="0" type="stmt"/>
        <line num="777" count="0" type="cond" truecount="0" falsecount="11"/>
        <line num="780" count="0" type="stmt"/>
        <line num="781" count="0" type="stmt"/>
        <line num="783" count="0" type="stmt"/>
        <line num="784" count="0" type="stmt"/>
        <line num="787" count="0" type="stmt"/>
        <line num="788" count="0" type="stmt"/>
        <line num="792" count="0" type="stmt"/>
        <line num="793" count="0" type="stmt"/>
        <line num="795" count="0" type="stmt"/>
        <line num="796" count="0" type="stmt"/>
        <line num="798" count="0" type="stmt"/>
        <line num="799" count="0" type="stmt"/>
        <line num="800" count="0" type="stmt"/>
        <line num="802" count="0" type="stmt"/>
        <line num="803" count="0" type="stmt"/>
        <line num="804" count="0" type="stmt"/>
        <line num="805" count="0" type="stmt"/>
        <line num="806" count="0" type="stmt"/>
        <line num="807" count="0" type="stmt"/>
        <line num="808" count="0" type="stmt"/>
        <line num="813" count="0" type="stmt"/>
        <line num="814" count="0" type="stmt"/>
        <line num="816" count="0" type="cond" truecount="0" falsecount="2"/>
        <line num="817" count="0" type="stmt"/>
        <line num="818" count="0" type="stmt"/>
        <line num="821" count="0" type="stmt"/>
        <line num="822" count="0" type="stmt"/>
        <line num="823" count="0" type="stmt"/>
        <line num="824" count="0" type="stmt"/>
        <line num="826" count="0" type="cond" truecount="0" falsecount="4"/>
        <line num="827" count="0" type="stmt"/>
        <line num="830" count="0" type="cond" truecount="0" falsecount="4"/>
        <line num="831" count="0" type="stmt"/>
        <line num="832" count="0" type="stmt"/>
        <line num="833" count="0" type="cond" truecount="0" falsecount="2"/>
        <line num="834" count="0" type="stmt"/>
        <line num="839" count="0" type="stmt"/>
        <line num="840" count="0" type="stmt"/>
        <line num="844" count="0" type="stmt"/>
        <line num="845" count="0" type="stmt"/>
        <line num="847" count="0" type="stmt"/>
        <line num="848" count="0" type="stmt"/>
        <line num="849" count="0" type="stmt"/>
        <line num="850" count="0" type="stmt"/>
        <line num="851" count="0" type="stmt"/>
        <line num="852" count="0" type="stmt"/>
        <line num="853" count="0" type="cond" truecount="0" falsecount="4"/>
        <line num="854" count="0" type="stmt"/>
        <line num="858" count="0" type="cond" truecount="0" falsecount="2"/>
        <line num="859" count="0" type="stmt"/>
        <line num="860" count="0" type="stmt"/>
        <line num="863" count="0" type="stmt"/>
        <line num="864" count="0" type="stmt"/>
        <line num="866" count="0" type="stmt"/>
        <line num="868" count="0" type="stmt"/>
        <line num="873" count="0" type="stmt"/>
        <line num="874" count="0" type="stmt"/>
        <line num="876" count="0" type="stmt"/>
        <line num="877" count="0" type="stmt"/>
        <line num="883" count="0" type="cond" truecount="0" falsecount="2"/>
        <line num="884" count="0" type="cond" truecount="0" falsecount="2"/>
        <line num="885" count="0" type="cond" truecount="0" falsecount="2"/>
        <line num="886" count="0" type="stmt"/>
        <line num="893" count="0" type="cond" truecount="0" falsecount="2"/>
        <line num="899" count="0" type="cond" truecount="0" falsecount="2"/>
        <line num="914" count="0" type="stmt"/>
        <line num="916" count="0" type="stmt"/>
        <line num="923" count="0" type="cond" truecount="0" falsecount="2"/>
        <line num="924" count="0" type="stmt"/>
        <line num="927" count="0" type="cond" truecount="0" falsecount="2"/>
        <line num="928" count="0" type="stmt"/>
        <line num="929" count="0" type="stmt"/>
        <line num="930" count="0" type="stmt"/>
        <line num="938" count="0" type="stmt"/>
        <line num="939" count="0" type="cond" truecount="0" falsecount="2"/>
        <line num="941" count="0" type="stmt"/>
        <line num="946" count="0" type="cond" truecount="0" falsecount="2"/>
        <line num="963" count="0" type="stmt"/>
        <line num="965" count="0" type="stmt"/>
        <line num="974" count="0" type="stmt"/>
        <line num="977" count="0" type="stmt"/>
        <line num="979" count="0" type="stmt"/>
        <line num="980" count="0" type="stmt"/>
        <line num="981" count="0" type="stmt"/>
        <line num="984" count="0" type="cond" truecount="0" falsecount="2"/>
        <line num="985" count="0" type="stmt"/>
        <line num="991" count="0" type="cond" truecount="0" falsecount="2"/>
        <line num="992" count="0" type="stmt"/>
        <line num="993" count="0" type="stmt"/>
        <line num="996" count="0" type="cond" truecount="0" falsecount="2"/>
        <line num="997" count="0" type="stmt"/>
        <line num="998" count="0" type="stmt"/>
        <line num="1001" count="0" type="stmt"/>
        <line num="1002" count="0" type="stmt"/>
        <line num="1004" count="0" type="stmt"/>
        <line num="1005" count="0" type="stmt"/>
        <line num="1007" count="0" type="cond" truecount="0" falsecount="2"/>
        <line num="1008" count="0" type="stmt"/>
        <line num="1009" count="0" type="stmt"/>
        <line num="1010" count="0" type="stmt"/>
        <line num="1011" count="0" type="stmt"/>
        <line num="1013" count="0" type="stmt"/>
        <line num="1018" count="0" type="cond" truecount="0" falsecount="2"/>
        <line num="1019" count="0" type="stmt"/>
        <line num="1020" count="0" type="stmt"/>
        <line num="1023" count="0" type="cond" truecount="0" falsecount="2"/>
        <line num="1024" count="0" type="stmt"/>
        <line num="1025" count="0" type="stmt"/>
        <line num="1028" count="0" type="stmt"/>
        <line num="1037" count="0" type="cond" truecount="0" falsecount="2"/>
        <line num="1038" count="0" type="stmt"/>
        <line num="1039" count="0" type="stmt"/>
        <line num="1040" count="0" type="stmt"/>
        <line num="1042" count="0" type="stmt"/>
        <line num="1047" count="0" type="stmt"/>
        <line num="1048" count="0" type="stmt"/>
        <line num="1049" count="0" type="stmt"/>
        <line num="1054" count="0" type="stmt"/>
        <line num="1056" count="0" type="stmt"/>
        <line num="1061" count="0" type="stmt"/>
        <line num="1062" count="0" type="stmt"/>
        <line num="1063" count="0" type="stmt"/>
        <line num="1064" count="0" type="stmt"/>
        <line num="1065" count="0" type="stmt"/>
        <line num="1069" count="0" type="stmt"/>
        <line num="1070" count="0" type="stmt"/>
        <line num="1071" count="0" type="stmt"/>
        <line num="1072" count="0" type="stmt"/>
        <line num="1073" count="0" type="stmt"/>
        <line num="1074" count="0" type="stmt"/>
        <line num="1075" count="0" type="stmt"/>
        <line num="1076" count="0" type="stmt"/>
        <line num="1077" count="0" type="stmt"/>
        <line num="1079" count="0" type="stmt"/>
        <line num="1080" count="0" type="stmt"/>
        <line num="1082" count="0" type="stmt"/>
        <line num="1083" count="0" type="stmt"/>
        <line num="1084" count="0" type="stmt"/>
        <line num="1085" count="0" type="stmt"/>
        <line num="1086" count="0" type="stmt"/>
        <line num="1087" count="0" type="stmt"/>
        <line num="1088" count="0" type="stmt"/>
        <line num="1090" count="0" type="stmt"/>
        <line num="1091" count="0" type="stmt"/>
        <line num="1092" count="0" type="stmt"/>
        <line num="1093" count="0" type="stmt"/>
        <line num="1094" count="0" type="stmt"/>
        <line num="1096" count="0" type="stmt"/>
        <line num="1097" count="0" type="stmt"/>
        <line num="1098" count="0" type="stmt"/>
        <line num="1099" count="0" type="stmt"/>
        <line num="1100" count="0" type="stmt"/>
        <line num="1101" count="0" type="stmt"/>
        <line num="1102" count="0" type="stmt"/>
        <line num="1104" count="0" type="stmt"/>
        <line num="1105" count="0" type="stmt"/>
        <line num="1106" count="0" type="stmt"/>
        <line num="1107" count="0" type="stmt"/>
        <line num="1108" count="0" type="stmt"/>
        <line num="1109" count="0" type="stmt"/>
        <line num="1110" count="0" type="stmt"/>
        <line num="1111" count="0" type="stmt"/>
        <line num="1112" count="0" type="stmt"/>
        <line num="1113" count="0" type="stmt"/>
        <line num="1114" count="0" type="stmt"/>
        <line num="1115" count="0" type="stmt"/>
        <line num="1119" count="0" type="stmt"/>
        <line num="1121" count="0" type="cond" truecount="0" falsecount="4"/>
        <line num="1122" count="0" type="stmt"/>
        <line num="1123" count="0" type="stmt"/>
        <line num="1124" count="0" type="stmt"/>
        <line num="1125" count="0" type="stmt"/>
        <line num="1126" count="0" type="stmt"/>
        <line num="1127" count="0" type="stmt"/>
        <line num="1128" count="0" type="stmt"/>
        <line num="1129" count="0" type="stmt"/>
        <line num="1130" count="0" type="stmt"/>
        <line num="1131" count="0" type="stmt"/>
        <line num="1132" count="0" type="stmt"/>
        <line num="1133" count="0" type="stmt"/>
        <line num="1134" count="0" type="stmt"/>
        <line num="1138" count="0" type="cond" truecount="0" falsecount="2"/>
        <line num="1141" count="0" type="stmt"/>
        <line num="1142" count="0" type="cond" truecount="0" falsecount="2"/>
        <line num="1143" count="0" type="stmt"/>
        <line num="1145" count="0" type="stmt"/>
        <line num="1148" count="0" type="stmt"/>
        <line num="1149" count="0" type="stmt"/>
        <line num="1151" count="0" type="stmt"/>
        <line num="1152" count="0" type="stmt"/>
        <line num="1153" count="0" type="stmt"/>
        <line num="1162" count="0" type="stmt"/>
        <line num="1163" count="0" type="stmt"/>
        <line num="1166" count="0" type="stmt"/>
        <line num="1168" count="0" type="stmt"/>
        <line num="1169" count="0" type="stmt"/>
        <line num="1170" count="0" type="stmt"/>
        <line num="1171" count="0" type="stmt"/>
        <line num="1172" count="0" type="stmt"/>
        <line num="1175" count="0" type="stmt"/>
        <line num="1176" count="0" type="stmt"/>
        <line num="1177" count="0" type="stmt"/>
        <line num="1181" count="0" type="stmt"/>
        <line num="1186" count="0" type="stmt"/>
        <line num="1198" count="0" type="stmt"/>
        <line num="1202" count="0" type="stmt"/>
        <line num="1203" count="0" type="stmt"/>
        <line num="1208" count="0" type="stmt"/>
        <line num="1209" count="0" type="cond" truecount="0" falsecount="2"/>
        <line num="1210" count="0" type="stmt"/>
        <line num="1212" count="0" type="stmt"/>
        <line num="1215" count="0" type="stmt"/>
        <line num="1216" count="0" type="stmt"/>
        <line num="1217" count="0" type="stmt"/>
        <line num="1223" count="0" type="stmt"/>
        <line num="1227" count="0" type="cond" truecount="0" falsecount="2"/>
        <line num="1229" count="0" type="cond" truecount="0" falsecount="2"/>
        <line num="1235" count="0" type="cond" truecount="0" falsecount="2"/>
        <line num="1236" count="0" type="stmt"/>
        <line num="1238" count="0" type="stmt"/>
        <line num="1241" count="0" type="stmt"/>
        <line num="1242" count="0" type="stmt"/>
        <line num="1248" count="0" type="stmt"/>
        <line num="1249" count="0" type="stmt"/>
        <line num="1250" count="0" type="stmt"/>
        <line num="1251" count="0" type="stmt"/>
        <line num="1252" count="0" type="cond" truecount="0" falsecount="2"/>
        <line num="1253" count="0" type="stmt"/>
        <line num="1258" count="0" type="stmt"/>
        <line num="1259" count="0" type="stmt"/>
        <line num="1260" count="0" type="stmt"/>
        <line num="1261" count="0" type="stmt"/>
        <line num="1264" count="0" type="stmt"/>
        <line num="1265" count="0" type="stmt"/>
        <line num="1266" count="0" type="stmt"/>
        <line num="1268" count="0" type="cond" truecount="0" falsecount="4"/>
        <line num="1269" count="0" type="stmt"/>
        <line num="1271" count="0" type="stmt"/>
        <line num="1275" count="0" type="stmt"/>
        <line num="1276" count="0" type="stmt"/>
        <line num="1277" count="0" type="stmt"/>
        <line num="1278" count="0" type="stmt"/>
        <line num="1281" count="0" type="cond" truecount="0" falsecount="2"/>
        <line num="1282" count="0" type="stmt"/>
        <line num="1283" count="0" type="stmt"/>
        <line num="1290" count="0" type="stmt"/>
        <line num="1291" count="0" type="stmt"/>
        <line num="1296" count="0" type="stmt"/>
        <line num="1298" count="0" type="stmt"/>
        <line num="1299" count="0" type="stmt"/>
        <line num="1301" count="0" type="cond" truecount="0" falsecount="2"/>
        <line num="1302" count="0" type="stmt"/>
        <line num="1303" count="0" type="stmt"/>
        <line num="1306" count="0" type="stmt"/>
        <line num="1307" count="0" type="cond" truecount="0" falsecount="2"/>
        <line num="1308" count="0" type="stmt"/>
        <line num="1310" count="0" type="cond" truecount="0" falsecount="2"/>
        <line num="1314" count="0" type="stmt"/>
        <line num="1315" count="0" type="stmt"/>
        <line num="1321" count="0" type="stmt"/>
        <line num="1323" count="0" type="stmt"/>
        <line num="1330" count="0" type="stmt"/>
        <line num="1331" count="0" type="stmt"/>
        <line num="1332" count="0" type="cond" truecount="0" falsecount="2"/>
        <line num="1333" count="0" type="stmt"/>
        <line num="1336" count="0" type="stmt"/>
        <line num="1337" count="0" type="stmt"/>
        <line num="1344" count="0" type="cond" truecount="0" falsecount="5"/>
        <line num="1346" count="0" type="stmt"/>
        <line num="1347" count="0" type="stmt"/>
        <line num="1349" count="0" type="cond" truecount="0" falsecount="2"/>
        <line num="1350" count="0" type="stmt"/>
        <line num="1351" count="0" type="stmt"/>
        <line num="1353" count="0" type="stmt"/>
        <line num="1354" count="0" type="stmt"/>
        <line num="1356" count="0" type="cond" truecount="0" falsecount="2"/>
        <line num="1357" count="0" type="stmt"/>
        <line num="1358" count="0" type="stmt"/>
        <line num="1360" count="0" type="stmt"/>
        <line num="1361" count="0" type="stmt"/>
        <line num="1363" count="0" type="stmt"/>
        <line num="1364" count="0" type="stmt"/>
        <line num="1366" count="0" type="stmt"/>
        <line num="1367" count="0" type="stmt"/>
        <line num="1372" count="0" type="stmt"/>
        <line num="1373" count="0" type="stmt"/>
        <line num="1375" count="0" type="stmt"/>
        <line num="1398" count="0" type="stmt"/>
        <line num="1399" count="0" type="stmt"/>
        <line num="1401" count="0" type="stmt"/>
        <line num="1402" count="0" type="cond" truecount="0" falsecount="2"/>
        <line num="1403" count="0" type="stmt"/>
        <line num="1405" count="0" type="stmt"/>
        <line num="1406" count="0" type="cond" truecount="0" falsecount="4"/>
        <line num="1407" count="0" type="stmt"/>
        <line num="1408" count="0" type="stmt"/>
        <line num="1409" count="0" type="stmt"/>
        <line num="1414" count="0" type="stmt"/>
        <line num="1415" count="0" type="stmt"/>
        <line num="1416" count="0" type="stmt"/>
        <line num="1417" count="0" type="cond" truecount="0" falsecount="2"/>
        <line num="1418" count="0" type="stmt"/>
        <line num="1419" count="0" type="stmt"/>
        <line num="1422" count="0" type="stmt"/>
        <line num="1424" count="0" type="stmt"/>
        <line num="1429" count="0" type="stmt"/>
        <line num="1452" count="0" type="cond" truecount="0" falsecount="2"/>
        <line num="1453" count="0" type="stmt"/>
        <line num="1454" count="0" type="stmt"/>
        <line num="1455" count="0" type="stmt"/>
        <line num="1458" count="0" type="stmt"/>
        <line num="1459" count="0" type="stmt"/>
        <line num="1462" count="0" type="cond" truecount="0" falsecount="2"/>
        <line num="1463" count="0" type="stmt"/>
        <line num="1464" count="0" type="stmt"/>
        <line num="1467" count="0" type="stmt"/>
        <line num="1468" count="0" type="stmt"/>
        <line num="1470" count="0" type="stmt"/>
        <line num="1472" count="0" type="stmt"/>
        <line num="1473" count="0" type="stmt"/>
        <line num="1474" count="0" type="stmt"/>
        <line num="1477" count="0" type="stmt"/>
        <line num="1478" count="0" type="stmt"/>
        <line num="1479" count="0" type="stmt"/>
        <line num="1481" count="0" type="stmt"/>
        <line num="1482" count="0" type="stmt"/>
        <line num="1485" count="0" type="cond" truecount="0" falsecount="2"/>
        <line num="1486" count="0" type="stmt"/>
        <line num="1492" count="0" type="stmt"/>
        <line num="1493" count="0" type="stmt"/>
        <line num="1495" count="0" type="stmt"/>
        <line num="1496" count="0" type="cond" truecount="0" falsecount="4"/>
        <line num="1498" count="0" type="stmt"/>
        <line num="1503" count="0" type="cond" truecount="0" falsecount="2"/>
        <line num="1504" count="0" type="stmt"/>
        <line num="1505" count="0" type="stmt"/>
        <line num="1508" count="0" type="cond" truecount="0" falsecount="2"/>
        <line num="1509" count="0" type="stmt"/>
        <line num="1511" count="0" type="stmt"/>
        <line num="1512" count="0" type="stmt"/>
        <line num="1513" count="0" type="cond" truecount="0" falsecount="4"/>
        <line num="1514" count="0" type="stmt"/>
        <line num="1515" count="0" type="stmt"/>
        <line num="1519" count="0" type="stmt"/>
        <line num="1521" count="0" type="stmt"/>
        <line num="1522" count="0" type="stmt"/>
        <line num="1523" count="0" type="stmt"/>
        <line num="1526" count="0" type="stmt"/>
        <line num="1527" count="0" type="stmt"/>
        <line num="1528" count="0" type="stmt"/>
        <line num="1535" count="0" type="stmt"/>
        <line num="1536" count="0" type="stmt"/>
        <line num="1537" count="0" type="stmt"/>
        <line num="1539" count="0" type="cond" truecount="0" falsecount="2"/>
        <line num="1540" count="0" type="stmt"/>
        <line num="1541" count="0" type="stmt"/>
        <line num="1544" count="0" type="stmt"/>
        <line num="1553" count="0" type="cond" truecount="0" falsecount="2"/>
        <line num="1554" count="0" type="stmt"/>
        <line num="1555" count="0" type="stmt"/>
        <line num="1557" count="0" type="stmt"/>
        <line num="1559" count="0" type="stmt"/>
        <line num="1562" count="0" type="stmt"/>
        <line num="1567" count="0" type="stmt"/>
        <line num="1568" count="0" type="stmt"/>
        <line num="1570" count="0" type="stmt"/>
        <line num="1571" count="0" type="stmt"/>
        <line num="1572" count="0" type="cond" truecount="0" falsecount="2"/>
        <line num="1574" count="0" type="cond" truecount="0" falsecount="2"/>
        <line num="1575" count="0" type="stmt"/>
        <line num="1576" count="0" type="stmt"/>
        <line num="1577" count="0" type="stmt"/>
        <line num="1580" count="0" type="stmt"/>
        <line num="1581" count="0" type="stmt"/>
        <line num="1582" count="0" type="stmt"/>
        <line num="1583" count="0" type="stmt"/>
        <line num="1584" count="0" type="stmt"/>
        <line num="1585" count="0" type="stmt"/>
        <line num="1587" count="0" type="stmt"/>
        <line num="1588" count="0" type="stmt"/>
        <line num="1589" count="0" type="stmt"/>
        <line num="1592" count="0" type="stmt"/>
        <line num="1593" count="0" type="stmt"/>
        <line num="1595" count="0" type="stmt"/>
        <line num="1600" count="0" type="stmt"/>
        <line num="1601" count="0" type="stmt"/>
        <line num="1602" count="0" type="cond" truecount="0" falsecount="2"/>
        <line num="1604" count="0" type="stmt"/>
        <line num="1609" count="0" type="cond" truecount="0" falsecount="4"/>
        <line num="1610" count="0" type="stmt"/>
        <line num="1613" count="0" type="stmt"/>
        <line num="1615" count="0" type="stmt"/>
        <line num="1616" count="0" type="cond" truecount="0" falsecount="2"/>
        <line num="1618" count="0" type="cond" truecount="0" falsecount="2"/>
        <line num="1619" count="0" type="stmt"/>
        <line num="1622" count="0" type="stmt"/>
        <line num="1624" count="0" type="stmt"/>
        <line num="1627" count="0" type="cond" truecount="0" falsecount="2"/>
        <line num="1628" count="0" type="stmt"/>
        <line num="1629" count="0" type="stmt"/>
        <line num="1633" count="0" type="stmt"/>
        <line num="1638" count="0" type="stmt"/>
        <line num="1642" count="0" type="stmt"/>
        <line num="1651" count="0" type="stmt"/>
        <line num="1654" count="0" type="stmt"/>
        <line num="1655" count="0" type="stmt"/>
        <line num="1658" count="0" type="stmt"/>
        <line num="1665" count="0" type="stmt"/>
        <line num="1669" count="0" type="stmt"/>
        <line num="1671" count="0" type="stmt"/>
        <line num="1678" count="0" type="stmt"/>
        <line num="1682" count="0" type="stmt"/>
        <line num="1683" count="0" type="stmt"/>
        <line num="1688" count="0" type="cond" truecount="0" falsecount="4"/>
        <line num="1689" count="0" type="stmt"/>
        <line num="1692" count="0" type="stmt"/>
        <line num="1694" count="0" type="stmt"/>
        <line num="1696" count="0" type="cond" truecount="0" falsecount="6"/>
        <line num="1697" count="0" type="stmt"/>
        <line num="1699" count="0" type="stmt"/>
        <line num="1706" count="0" type="stmt"/>
        <line num="1707" count="0" type="stmt"/>
        <line num="1710" count="0" type="stmt"/>
        <line num="1713" count="0" type="cond" truecount="0" falsecount="4"/>
        <line num="1714" count="0" type="stmt"/>
        <line num="1717" count="0" type="stmt"/>
        <line num="1720" count="0" type="stmt"/>
        <line num="1724" count="0" type="cond" truecount="0" falsecount="2"/>
        <line num="1725" count="0" type="stmt"/>
        <line num="1726" count="0" type="stmt"/>
        <line num="1727" count="0" type="stmt"/>
        <line num="1729" count="0" type="stmt"/>
        <line num="1735" count="0" type="cond" truecount="0" falsecount="4"/>
        <line num="1736" count="0" type="stmt"/>
        <line num="1739" count="0" type="stmt"/>
        <line num="1741" count="0" type="cond" truecount="0" falsecount="4"/>
        <line num="1742" count="0" type="stmt"/>
        <line num="1745" count="0" type="stmt"/>
        <line num="1749" count="0" type="cond" truecount="0" falsecount="2"/>
        <line num="1750" count="0" type="stmt"/>
        <line num="1751" count="0" type="stmt"/>
        <line num="1752" count="0" type="stmt"/>
        <line num="1754" count="0" type="stmt"/>
        <line num="1760" count="0" type="stmt"/>
        <line num="1761" count="0" type="stmt"/>
        <line num="1762" count="0" type="stmt"/>
        <line num="1765" count="0" type="stmt"/>
        <line num="1767" count="0" type="stmt"/>
        <line num="1769" count="0" type="stmt"/>
        <line num="1771" count="0" type="stmt"/>
        <line num="1778" count="0" type="stmt"/>
        <line num="1780" count="0" type="cond" truecount="0" falsecount="4"/>
        <line num="1781" count="0" type="stmt"/>
        <line num="1784" count="0" type="stmt"/>
        <line num="1787" count="0" type="stmt"/>
        <line num="1788" count="0" type="stmt"/>
        <line num="1794" count="0" type="cond" truecount="0" falsecount="4"/>
        <line num="1795" count="0" type="stmt"/>
        <line num="1798" count="0" type="stmt"/>
        <line num="1799" count="0" type="cond" truecount="0" falsecount="4"/>
        <line num="1800" count="0" type="stmt"/>
        <line num="1802" count="0" type="stmt"/>
        <line num="1804" count="0" type="stmt"/>
        <line num="1811" count="0" type="stmt"/>
        <line num="1814" count="0" type="stmt"/>
        <line num="1817" count="0" type="stmt"/>
        <line num="1822" count="0" type="cond" truecount="0" falsecount="2"/>
        <line num="1824" count="0" type="stmt"/>
        <line num="1829" count="0" type="stmt"/>
        <line num="1836" count="0" type="stmt"/>
        <line num="1837" count="0" type="stmt"/>
        <line num="1838" count="0" type="stmt"/>
        <line num="1841" count="0" type="stmt"/>
        <line num="1842" count="0" type="stmt"/>
        <line num="1845" count="0" type="stmt"/>
        <line num="1848" count="0" type="cond" truecount="0" falsecount="2"/>
        <line num="1849" count="0" type="stmt"/>
        <line num="1850" count="0" type="cond" truecount="0" falsecount="2"/>
        <line num="1851" count="0" type="stmt"/>
        <line num="1852" count="0" type="cond" truecount="0" falsecount="4"/>
        <line num="1853" count="0" type="stmt"/>
        <line num="1857" count="0" type="cond" truecount="0" falsecount="2"/>
        <line num="1858" count="0" type="stmt"/>
        <line num="1859" count="0" type="cond" truecount="0" falsecount="4"/>
        <line num="1860" count="0" type="stmt"/>
        <line num="1861" count="0" type="cond" truecount="0" falsecount="4"/>
        <line num="1862" count="0" type="stmt"/>
        <line num="1863" count="0" type="cond" truecount="0" falsecount="5"/>
        <line num="1864" count="0" type="stmt"/>
        <line num="1865" count="0" type="cond" truecount="0" falsecount="5"/>
        <line num="1866" count="0" type="stmt"/>
        <line num="1867" count="0" type="cond" truecount="0" falsecount="4"/>
        <line num="1868" count="0" type="stmt"/>
        <line num="1869" count="0" type="cond" truecount="0" falsecount="4"/>
        <line num="1870" count="0" type="stmt"/>
        <line num="1871" count="0" type="cond" truecount="0" falsecount="4"/>
        <line num="1872" count="0" type="stmt"/>
        <line num="1875" count="0" type="stmt"/>
        <line num="1876" count="0" type="cond" truecount="0" falsecount="2"/>
        <line num="1878" count="0" type="stmt"/>
        <line num="1882" count="0" type="cond" truecount="0" falsecount="6"/>
        <line num="1883" count="0" type="stmt"/>
        <line num="1884" count="0" type="cond" truecount="0" falsecount="5"/>
        <line num="1885" count="0" type="stmt"/>
        <line num="1889" count="0" type="cond" truecount="0" falsecount="2"/>
        <line num="1890" count="0" type="cond" truecount="0" falsecount="2"/>
        <line num="1891" count="0" type="stmt"/>
        <line num="1892" count="0" type="cond" truecount="0" falsecount="4"/>
        <line num="1893" count="0" type="cond" truecount="0" falsecount="2"/>
        <line num="1894" count="0" type="stmt"/>
        <line num="1898" count="0" type="cond" truecount="0" falsecount="4"/>
        <line num="1899" count="0" type="stmt"/>
        <line num="1900" count="0" type="cond" truecount="0" falsecount="4"/>
        <line num="1901" count="0" type="stmt"/>
        <line num="1905" count="0" type="cond" truecount="0" falsecount="4"/>
        <line num="1906" count="0" type="cond" truecount="0" falsecount="2"/>
        <line num="1907" count="0" type="stmt"/>
        <line num="1908" count="0" type="cond" truecount="0" falsecount="2"/>
        <line num="1910" count="0" type="stmt"/>
        <line num="1911" count="0" type="cond" truecount="0" falsecount="2"/>
        <line num="1912" count="0" type="stmt"/>
        <line num="1913" count="0" type="stmt"/>
        <line num="1915" count="0" type="stmt"/>
        <line num="1920" count="0" type="cond" truecount="0" falsecount="2"/>
        <line num="1921" count="0" type="stmt"/>
        <line num="1925" count="0" type="cond" truecount="0" falsecount="5"/>
        <line num="1926" count="0" type="cond" truecount="0" falsecount="5"/>
        <line num="1928" count="0" type="stmt"/>
        <line num="1929" count="0" type="stmt"/>
        <line num="1932" count="0" type="cond" truecount="0" falsecount="2"/>
        <line num="1934" count="0" type="cond" truecount="0" falsecount="2"/>
        <line num="1935" count="0" type="cond" truecount="0" falsecount="2"/>
        <line num="1936" count="0" type="stmt"/>
        <line num="1938" count="0" type="cond" truecount="0" falsecount="5"/>
        <line num="1939" count="0" type="stmt"/>
        <line num="1944" count="0" type="stmt"/>
        <line num="1945" count="0" type="stmt"/>
        <line num="1948" count="0" type="stmt"/>
        <line num="1951" count="0" type="stmt"/>
        <line num="1952" count="0" type="stmt"/>
        <line num="1958" count="0" type="stmt"/>
        <line num="1961" count="0" type="stmt"/>
        <line num="1962" count="0" type="stmt"/>
        <line num="1964" count="0" type="cond" truecount="0" falsecount="4"/>
        <line num="1965" count="0" type="stmt"/>
        <line num="1966" count="0" type="stmt"/>
        <line num="1967" count="0" type="cond" truecount="0" falsecount="4"/>
        <line num="1968" count="0" type="stmt"/>
        <line num="1969" count="0" type="stmt"/>
        <line num="1970" count="0" type="cond" truecount="0" falsecount="2"/>
        <line num="1971" count="0" type="stmt"/>
        <line num="1972" count="0" type="stmt"/>
        <line num="1973" count="0" type="cond" truecount="0" falsecount="4"/>
        <line num="1974" count="0" type="stmt"/>
        <line num="1975" count="0" type="stmt"/>
        <line num="1979" count="0" type="stmt"/>
        <line num="1981" count="0" type="cond" truecount="0" falsecount="2"/>
        <line num="1982" count="0" type="stmt"/>
        <line num="1983" count="0" type="cond" truecount="0" falsecount="2"/>
        <line num="1984" count="0" type="stmt"/>
        <line num="1985" count="0" type="cond" truecount="0" falsecount="2"/>
        <line num="1986" count="0" type="stmt"/>
        <line num="1987" count="0" type="cond" truecount="0" falsecount="2"/>
        <line num="1988" count="0" type="stmt"/>
        <line num="1989" count="0" type="cond" truecount="0" falsecount="4"/>
        <line num="1990" count="0" type="stmt"/>
        <line num="1991" count="0" type="cond" truecount="0" falsecount="2"/>
        <line num="1992" count="0" type="stmt"/>
        <line num="1995" count="0" type="stmt"/>
        <line num="1998" count="0" type="stmt"/>
        <line num="2002" count="0" type="cond" truecount="0" falsecount="3"/>
        <line num="2004" count="0" type="stmt"/>
        <line num="2040" count="0" type="stmt"/>
        <line num="2077" count="0" type="stmt"/>
        <line num="2082" count="0" type="cond" truecount="0" falsecount="3"/>
        <line num="2084" count="0" type="stmt"/>
        <line num="2153" count="0" type="stmt"/>
        <line num="2204" count="0" type="stmt"/>
        <line num="2209" count="0" type="stmt"/>
        <line num="2211" count="0" type="cond" truecount="0" falsecount="3"/>
        <line num="2213" count="0" type="cond" truecount="0" falsecount="2"/>
        <line num="2228" count="0" type="cond" truecount="0" falsecount="2"/>
        <line num="2242" count="0" type="stmt"/>
        <line num="2247" count="0" type="cond" truecount="0" falsecount="4"/>
        <line num="2248" count="0" type="stmt"/>
        <line num="2249" count="0" type="cond" truecount="0" falsecount="4"/>
        <line num="2250" count="0" type="stmt"/>
        <line num="2251" count="0" type="cond" truecount="0" falsecount="4"/>
        <line num="2252" count="0" type="stmt"/>
        <line num="2253" count="0" type="cond" truecount="0" falsecount="2"/>
        <line num="2254" count="0" type="stmt"/>
        <line num="2256" count="0" type="stmt"/>
        <line num="2261" count="0" type="stmt"/>
        <line num="2262" count="0" type="stmt"/>
        <line num="2264" count="0" type="stmt"/>
        <line num="2265" count="0" type="cond" truecount="0" falsecount="2"/>
        <line num="2266" count="0" type="stmt"/>
        <line num="2272" count="0" type="stmt"/>
        <line num="2275" count="0" type="stmt"/>
        <line num="2280" count="0" type="stmt"/>
        <line num="2282" count="0" type="stmt"/>
        <line num="2286" count="0" type="cond" truecount="0" falsecount="2"/>
        <line num="2287" count="0" type="stmt"/>
        <line num="2288" count="0" type="stmt"/>
        <line num="2289" count="0" type="stmt"/>
        <line num="2290" count="0" type="stmt"/>
        <line num="2292" count="0" type="stmt"/>
        <line num="2293" count="0" type="stmt"/>
        <line num="2297" count="0" type="stmt"/>
        <line num="2301" count="0" type="cond" truecount="0" falsecount="4"/>
        <line num="2302" count="0" type="stmt"/>
        <line num="2303" count="0" type="stmt"/>
        <line num="2305" count="0" type="stmt"/>
        <line num="2309" count="0" type="stmt"/>
        <line num="2315" count="0" type="stmt"/>
        <line num="2317" count="0" type="cond" truecount="0" falsecount="5"/>
        <line num="2318" count="0" type="cond" truecount="0" falsecount="2"/>
        <line num="2319" count="0" type="stmt"/>
        <line num="2320" count="0" type="cond" truecount="0" falsecount="4"/>
        <line num="2321" count="0" type="stmt"/>
        <line num="2322" count="0" type="cond" truecount="0" falsecount="2"/>
        <line num="2323" count="0" type="cond" truecount="0" falsecount="5"/>
        <line num="2324" count="0" type="stmt"/>
        <line num="2325" count="0" type="cond" truecount="0" falsecount="2"/>
        <line num="2326" count="0" type="cond" truecount="0" falsecount="4"/>
        <line num="2327" count="0" type="stmt"/>
        <line num="2330" count="0" type="stmt"/>
        <line num="2334" count="0" type="stmt"/>
        <line num="2337" count="0" type="cond" truecount="0" falsecount="4"/>
        <line num="2338" count="0" type="stmt"/>
        <line num="2339" count="0" type="stmt"/>
        <line num="2340" count="0" type="stmt"/>
        <line num="2343" count="0" type="stmt"/>
        <line num="2345" count="0" type="stmt"/>
        <line num="2347" count="0" type="cond" truecount="0" falsecount="4"/>
        <line num="2348" count="0" type="stmt"/>
        <line num="2350" count="0" type="stmt"/>
        <line num="2351" count="0" type="stmt"/>
        <line num="2352" count="0" type="cond" truecount="0" falsecount="2"/>
        <line num="2353" count="0" type="stmt"/>
        <line num="2354" count="0" type="stmt"/>
        <line num="2356" count="0" type="stmt"/>
        <line num="2361" count="0" type="stmt"/>
        <line num="2366" count="0" type="cond" truecount="0" falsecount="2"/>
        <line num="2367" count="0" type="cond" truecount="0" falsecount="2"/>
        <line num="2369" count="0" type="stmt"/>
        <line num="2370" count="0" type="stmt"/>
        <line num="2371" count="0" type="stmt"/>
        <line num="2372" count="0" type="stmt"/>
        <line num="2375" count="0" type="cond" truecount="0" falsecount="2"/>
        <line num="2376" count="0" type="stmt"/>
        <line num="2377" count="0" type="stmt"/>
        <line num="2378" count="0" type="cond" truecount="0" falsecount="2"/>
        <line num="2379" count="0" type="stmt"/>
        <line num="2382" count="0" type="stmt"/>
        <line num="2385" count="0" type="cond" truecount="0" falsecount="2"/>
        <line num="2386" count="0" type="stmt"/>
        <line num="2387" count="0" type="stmt"/>
        <line num="2389" count="0" type="stmt"/>
        <line num="2393" count="0" type="stmt"/>
        <line num="2394" count="0" type="cond" truecount="0" falsecount="2"/>
        <line num="2395" count="0" type="stmt"/>
        <line num="2397" count="0" type="stmt"/>
        <line num="2398" count="0" type="stmt"/>
        <line num="2403" count="0" type="cond" truecount="0" falsecount="2"/>
        <line num="2404" count="0" type="stmt"/>
        <line num="2407" count="0" type="stmt"/>
        <line num="2411" count="0" type="stmt"/>
        <line num="2417" count="0" type="stmt"/>
        <line num="2419" count="0" type="stmt"/>
        <line num="2420" count="0" type="stmt"/>
        <line num="2423" count="0" type="cond" truecount="0" falsecount="7"/>
        <line num="2425" count="0" type="cond" truecount="0" falsecount="2"/>
        <line num="2426" count="0" type="cond" truecount="0" falsecount="2"/>
        <line num="2429" count="0" type="cond" truecount="0" falsecount="5"/>
        <line num="2430" count="0" type="stmt"/>
        <line num="2433" count="0" type="cond" truecount="0" falsecount="2"/>
        <line num="2434" count="0" type="stmt"/>
        <line num="2439" count="0" type="cond" truecount="0" falsecount="4"/>
        <line num="2440" count="0" type="cond" truecount="0" falsecount="2"/>
        <line num="2441" count="0" type="cond" truecount="0" falsecount="2"/>
        <line num="2442" count="0" type="cond" truecount="0" falsecount="2"/>
        <line num="2443" count="0" type="stmt"/>
        <line num="2448" count="0" type="cond" truecount="0" falsecount="4"/>
        <line num="2449" count="0" type="cond" truecount="0" falsecount="2"/>
        <line num="2450" count="0" type="stmt"/>
        <line num="2454" count="0" type="cond" truecount="0" falsecount="4"/>
        <line num="2455" count="0" type="cond" truecount="0" falsecount="2"/>
        <line num="2456" count="0" type="stmt"/>
        <line num="2460" count="0" type="cond" truecount="0" falsecount="4"/>
        <line num="2462" count="0" type="stmt"/>
        <line num="2464" count="0" type="stmt"/>
        <line num="2469" count="0" type="stmt"/>
        <line num="2470" count="0" type="stmt"/>
        <line num="2471" count="0" type="stmt"/>
        <line num="2472" count="0" type="stmt"/>
        <line num="2473" count="0" type="stmt"/>
        <line num="2475" count="0" type="stmt"/>
        <line num="2476" count="0" type="stmt"/>
        <line num="2479" count="0" type="stmt"/>
        <line num="2481" count="0" type="stmt"/>
        <line num="2482" count="0" type="stmt"/>
        <line num="2485" count="0" type="stmt"/>
        <line num="2486" count="0" type="stmt"/>
        <line num="2487" count="0" type="stmt"/>
        <line num="2488" count="0" type="cond" truecount="0" falsecount="2"/>
        <line num="2489" count="0" type="stmt"/>
        <line num="2491" count="0" type="stmt"/>
        <line num="2494" count="0" type="stmt"/>
        <line num="2499" count="0" type="stmt"/>
        <line num="2501" count="0" type="stmt"/>
        <line num="2503" count="0" type="cond" truecount="0" falsecount="2"/>
        <line num="2504" count="0" type="stmt"/>
        <line num="2505" count="0" type="stmt"/>
        <line num="2506" count="0" type="cond" truecount="0" falsecount="2"/>
        <line num="2507" count="0" type="stmt"/>
        <line num="2508" count="0" type="stmt"/>
        <line num="2509" count="0" type="cond" truecount="0" falsecount="2"/>
        <line num="2511" count="0" type="stmt"/>
        <line num="2512" count="0" type="cond" truecount="0" falsecount="2"/>
        <line num="2513" count="0" type="stmt"/>
        <line num="2514" count="0" type="stmt"/>
        <line num="2515" count="0" type="cond" truecount="0" falsecount="2"/>
        <line num="2516" count="0" type="stmt"/>
        <line num="2517" count="0" type="cond" truecount="0" falsecount="2"/>
        <line num="2518" count="0" type="stmt"/>
        <line num="2519" count="0" type="stmt"/>
        <line num="2520" count="0" type="cond" truecount="0" falsecount="2"/>
        <line num="2521" count="0" type="stmt"/>
        <line num="2522" count="0" type="cond" truecount="0" falsecount="2"/>
        <line num="2523" count="0" type="stmt"/>
        <line num="2524" count="0" type="stmt"/>
        <line num="2525" count="0" type="cond" truecount="0" falsecount="2"/>
        <line num="2526" count="0" type="stmt"/>
        <line num="2527" count="0" type="stmt"/>
        <line num="2528" count="0" type="cond" truecount="0" falsecount="2"/>
        <line num="2529" count="0" type="stmt"/>
        <line num="2532" count="0" type="cond" truecount="0" falsecount="2"/>
        <line num="2533" count="0" type="cond" truecount="0" falsecount="2"/>
        <line num="2534" count="0" type="stmt"/>
        <line num="2535" count="0" type="stmt"/>
        <line num="2536" count="0" type="cond" truecount="0" falsecount="2"/>
        <line num="2537" count="0" type="stmt"/>
        <line num="2538" count="0" type="stmt"/>
        <line num="2539" count="0" type="cond" truecount="0" falsecount="2"/>
        <line num="2540" count="0" type="stmt"/>
        <line num="2541" count="0" type="stmt"/>
        <line num="2542" count="0" type="cond" truecount="0" falsecount="2"/>
        <line num="2543" count="0" type="stmt"/>
        <line num="2544" count="0" type="stmt"/>
        <line num="2547" count="0" type="stmt"/>
        <line num="2551" count="0" type="stmt"/>
        <line num="2552" count="0" type="stmt"/>
        <line num="2555" count="0" type="stmt"/>
        <line num="2560" count="0" type="stmt"/>
        <line num="2562" count="0" type="stmt"/>
        <line num="2563" count="0" type="stmt"/>
        <line num="2564" count="0" type="stmt"/>
        <line num="2566" count="0" type="stmt"/>
        <line num="2571" count="0" type="stmt"/>
        <line num="2573" count="0" type="cond" truecount="0" falsecount="4"/>
        <line num="2574" count="0" type="stmt"/>
        <line num="2575" count="0" type="cond" truecount="0" falsecount="4"/>
        <line num="2576" count="0" type="stmt"/>
        <line num="2577" count="0" type="cond" truecount="0" falsecount="2"/>
        <line num="2578" count="0" type="stmt"/>
        <line num="2579" count="0" type="cond" truecount="0" falsecount="2"/>
        <line num="2580" count="0" type="stmt"/>
        <line num="2583" count="0" type="stmt"/>
        <line num="2587" count="0" type="stmt"/>
        <line num="2589" count="0" type="cond" truecount="0" falsecount="4"/>
        <line num="2590" count="0" type="stmt"/>
        <line num="2591" count="0" type="stmt"/>
        <line num="2595" count="0" type="stmt"/>
        <line num="2596" count="0" type="stmt"/>
        <line num="2597" count="0" type="stmt"/>
        <line num="2601" count="0" type="stmt"/>
        <line num="2606" count="0" type="stmt"/>
        <line num="2610" count="0" type="stmt"/>
        <line num="2612" count="0" type="stmt"/>
        <line num="2613" count="0" type="cond" truecount="0" falsecount="2"/>
        <line num="2614" count="0" type="stmt"/>
        <line num="2617" count="0" type="stmt"/>
        <line num="2618" count="0" type="stmt"/>
        <line num="2621" count="0" type="cond" truecount="0" falsecount="4"/>
        <line num="2622" count="0" type="stmt"/>
        <line num="2623" count="0" type="stmt"/>
        <line num="2626" count="0" type="stmt"/>
        <line num="2627" count="0" type="stmt"/>
        <line num="2630" count="0" type="cond" truecount="0" falsecount="2"/>
        <line num="2632" count="0" type="stmt"/>
        <line num="2635" count="0" type="stmt"/>
        <line num="2636" count="0" type="stmt"/>
        <line num="2642" count="0" type="stmt"/>
        <line num="2644" count="0" type="cond" truecount="0" falsecount="5"/>
        <line num="2645" count="0" type="stmt"/>
        <line num="2646" count="0" type="stmt"/>
        <line num="2647" count="0" type="cond" truecount="0" falsecount="9"/>
        <line num="2650" count="0" type="stmt"/>
        <line num="2651" count="0" type="stmt"/>
        <line num="2652" count="0" type="cond" truecount="0" falsecount="5"/>
        <line num="2653" count="0" type="stmt"/>
        <line num="2654" count="0" type="stmt"/>
        <line num="2655" count="0" type="cond" truecount="0" falsecount="4"/>
        <line num="2656" count="0" type="stmt"/>
        <line num="2657" count="0" type="stmt"/>
        <line num="2658" count="0" type="cond" truecount="0" falsecount="6"/>
        <line num="2660" count="0" type="stmt"/>
        <line num="2661" count="0" type="stmt"/>
        <line num="2662" count="0" type="cond" truecount="0" falsecount="6"/>
        <line num="2664" count="0" type="stmt"/>
        <line num="2665" count="0" type="stmt"/>
        <line num="2666" count="0" type="cond" truecount="0" falsecount="2"/>
        <line num="2667" count="0" type="cond" truecount="0" falsecount="2"/>
        <line num="2668" count="0" type="stmt"/>
        <line num="2669" count="0" type="stmt"/>
        <line num="2670" count="0" type="cond" truecount="0" falsecount="2"/>
        <line num="2671" count="0" type="cond" truecount="0" falsecount="2"/>
        <line num="2672" count="0" type="stmt"/>
        <line num="2673" count="0" type="stmt"/>
        <line num="2674" count="0" type="cond" truecount="0" falsecount="7"/>
        <line num="2677" count="0" type="cond" truecount="0" falsecount="2"/>
        <line num="2679" count="0" type="cond" truecount="0" falsecount="2"/>
        <line num="2680" count="0" type="cond" truecount="0" falsecount="2"/>
        <line num="2682" count="0" type="stmt"/>
        <line num="2683" count="0" type="stmt"/>
        <line num="2684" count="0" type="cond" truecount="0" falsecount="6"/>
        <line num="2686" count="0" type="stmt"/>
        <line num="2687" count="0" type="stmt"/>
        <line num="2688" count="0" type="cond" truecount="0" falsecount="12"/>
        <line num="2692" count="0" type="stmt"/>
        <line num="2693" count="0" type="stmt"/>
        <line num="2694" count="0" type="cond" truecount="0" falsecount="8"/>
        <line num="2697" count="0" type="stmt"/>
        <line num="2698" count="0" type="stmt"/>
        <line num="2699" count="0" type="cond" truecount="0" falsecount="13"/>
        <line num="2704" count="0" type="stmt"/>
        <line num="2705" count="0" type="stmt"/>
        <line num="2708" count="0" type="stmt"/>
        <line num="2712" count="0" type="cond" truecount="0" falsecount="6"/>
        <line num="2715" count="0" type="stmt"/>
        <line num="2716" count="0" type="stmt"/>
        <line num="2719" count="0" type="stmt"/>
        <line num="2720" count="0" type="stmt"/>
        <line num="2722" count="0" type="stmt"/>
        <line num="2723" count="0" type="stmt"/>
        <line num="2725" count="0" type="stmt"/>
        <line num="2726" count="0" type="stmt"/>
        <line num="2727" count="0" type="stmt"/>
        <line num="2728" count="0" type="stmt"/>
        <line num="2733" count="0" type="stmt"/>
        <line num="2734" count="0" type="stmt"/>
        <line num="2736" count="0" type="stmt"/>
        <line num="2737" count="0" type="stmt"/>
        <line num="2738" count="0" type="stmt"/>
        <line num="2740" count="0" type="cond" truecount="0" falsecount="2"/>
        <line num="2741" count="0" type="stmt"/>
        <line num="2742" count="0" type="stmt"/>
        <line num="2745" count="0" type="stmt"/>
        <line num="2746" count="0" type="stmt"/>
        <line num="2747" count="0" type="cond" truecount="0" falsecount="2"/>
        <line num="2748" count="0" type="stmt"/>
        <line num="2749" count="0" type="cond" truecount="0" falsecount="2"/>
        <line num="2751" count="0" type="cond" truecount="0" falsecount="4"/>
        <line num="2752" count="0" type="stmt"/>
        <line num="2753" count="0" type="stmt"/>
        <line num="2757" count="0" type="stmt"/>
        <line num="2758" count="0" type="stmt"/>
        <line num="2761" count="0" type="stmt"/>
        <line num="2762" count="0" type="stmt"/>
        <line num="2767" count="0" type="cond" truecount="0" falsecount="2"/>
        <line num="2768" count="0" type="stmt"/>
        <line num="2769" count="0" type="stmt"/>
        <line num="2772" count="0" type="stmt"/>
        <line num="2773" count="0" type="stmt"/>
        <line num="2775" count="0" type="stmt"/>
        <line num="2776" count="0" type="stmt"/>
        <line num="2777" count="0" type="stmt"/>
        <line num="2779" count="0" type="stmt"/>
        <line num="2780" count="0" type="cond" truecount="0" falsecount="2"/>
        <line num="2783" count="0" type="stmt"/>
        <line num="2785" count="0" type="cond" truecount="0" falsecount="2"/>
        <line num="2786" count="0" type="stmt"/>
        <line num="2787" count="0" type="stmt"/>
        <line num="2789" count="0" type="stmt"/>
        <line num="2798" count="0" type="cond" truecount="0" falsecount="2"/>
        <line num="2799" count="0" type="cond" truecount="0" falsecount="2"/>
        <line num="2800" count="0" type="stmt"/>
        <line num="2802" count="0" type="stmt"/>
        <line num="2805" count="0" type="stmt"/>
        <line num="2806" count="0" type="stmt"/>
        <line num="2807" count="0" type="stmt"/>
        <line num="2808" count="0" type="stmt"/>
        <line num="2809" count="0" type="stmt"/>
        <line num="2814" count="0" type="stmt"/>
        <line num="2819" count="0" type="stmt"/>
        <line num="2820" count="0" type="stmt"/>
        <line num="2821" count="0" type="stmt"/>
        <line num="2822" count="0" type="stmt"/>
        <line num="2825" count="0" type="stmt"/>
        <line num="2840" count="0" type="cond" truecount="0" falsecount="2"/>
        <line num="2841" count="0" type="stmt"/>
        <line num="2843" count="0" type="cond" truecount="0" falsecount="2"/>
        <line num="2844" count="0" type="stmt"/>
        <line num="2847" count="0" type="stmt"/>
        <line num="2848" count="0" type="stmt"/>
        <line num="2849" count="0" type="cond" truecount="0" falsecount="2"/>
        <line num="2850" count="0" type="stmt"/>
        <line num="2852" count="0" type="cond" truecount="0" falsecount="2"/>
        <line num="2853" count="0" type="stmt"/>
        <line num="2857" count="0" type="stmt"/>
        <line num="2861" count="0" type="stmt"/>
        <line num="2864" count="0" type="stmt"/>
        <line num="2865" count="0" type="stmt"/>
        <line num="2870" count="0" type="cond" truecount="0" falsecount="2"/>
        <line num="2872" count="0" type="cond" truecount="0" falsecount="5"/>
        <line num="2873" count="0" type="stmt"/>
        <line num="2874" count="0" type="cond" truecount="0" falsecount="4"/>
        <line num="2875" count="0" type="stmt"/>
        <line num="2876" count="0" type="cond" truecount="0" falsecount="2"/>
        <line num="2877" count="0" type="stmt"/>
        <line num="2878" count="0" type="cond" truecount="0" falsecount="4"/>
        <line num="2879" count="0" type="stmt"/>
        <line num="2880" count="0" type="cond" truecount="0" falsecount="2"/>
        <line num="2881" count="0" type="cond" truecount="0" falsecount="2"/>
        <line num="2882" count="0" type="stmt"/>
        <line num="2885" count="0" type="stmt"/>
        <line num="2889" count="0" type="stmt"/>
        <line num="2890" count="0" type="cond" truecount="0" falsecount="2"/>
        <line num="2892" count="0" type="cond" truecount="0" falsecount="4"/>
        <line num="2893" count="0" type="stmt"/>
        <line num="2895" count="0" type="cond" truecount="0" falsecount="4"/>
        <line num="2896" count="0" type="stmt"/>
        <line num="2898" count="0" type="cond" truecount="0" falsecount="4"/>
        <line num="2899" count="0" type="stmt"/>
        <line num="2901" count="0" type="cond" truecount="0" falsecount="4"/>
        <line num="2902" count="0" type="stmt"/>
        <line num="2905" count="0" type="cond" truecount="0" falsecount="2"/>
        <line num="2906" count="0" type="stmt"/>
        <line num="2907" count="0" type="stmt"/>
        <line num="2910" count="0" type="stmt"/>
        <line num="2914" count="0" type="stmt"/>
        <line num="2915" count="0" type="stmt"/>
        <line num="2917" count="0" type="stmt"/>
        <line num="2918" count="0" type="stmt"/>
        <line num="2919" count="0" type="stmt"/>
        <line num="2921" count="0" type="cond" truecount="0" falsecount="2"/>
        <line num="2922" count="0" type="stmt"/>
        <line num="2923" count="0" type="stmt"/>
        <line num="2926" count="0" type="stmt"/>
        <line num="2928" count="0" type="stmt"/>
        <line num="2929" count="0" type="stmt"/>
        <line num="2931" count="0" type="stmt"/>
        <line num="2933" count="0" type="cond" truecount="0" falsecount="2"/>
        <line num="2934" count="0" type="stmt"/>
        <line num="2935" count="0" type="stmt"/>
        <line num="2937" count="0" type="stmt"/>
        <line num="2938" count="0" type="cond" truecount="0" falsecount="2"/>
        <line num="2939" count="0" type="stmt"/>
        <line num="2941" count="0" type="stmt"/>
        <line num="2944" count="0" type="stmt"/>
        <line num="2948" count="0" type="stmt"/>
        <line num="2951" count="0" type="stmt"/>
        <line num="2954" count="0" type="stmt"/>
        <line num="2959" count="0" type="cond" truecount="0" falsecount="2"/>
        <line num="2960" count="0" type="stmt"/>
        <line num="2961" count="0" type="stmt"/>
        <line num="2962" count="0" type="stmt"/>
        <line num="2963" count="0" type="stmt"/>
        <line num="2964" count="0" type="stmt"/>
        <line num="2965" count="0" type="stmt"/>
        <line num="2968" count="0" type="stmt"/>
        <line num="2969" count="0" type="stmt"/>
        <line num="2970" count="0" type="stmt"/>
        <line num="2972" count="0" type="stmt"/>
        <line num="2973" count="0" type="stmt"/>
        <line num="2974" count="0" type="stmt"/>
        <line num="2976" count="0" type="stmt"/>
        <line num="2978" count="0" type="stmt"/>
        <line num="2979" count="0" type="stmt"/>
        <line num="2980" count="0" type="stmt"/>
        <line num="2981" count="0" type="stmt"/>
        <line num="2982" count="0" type="stmt"/>
        <line num="2986" count="0" type="stmt"/>
        <line num="2987" count="0" type="stmt"/>
        <line num="2988" count="0" type="cond" truecount="0" falsecount="4"/>
        <line num="2990" count="0" type="stmt"/>
        <line num="2991" count="0" type="stmt"/>
        <line num="2993" count="0" type="stmt"/>
        <line num="2994" count="0" type="stmt"/>
        <line num="2995" count="0" type="cond" truecount="0" falsecount="2"/>
        <line num="2996" count="0" type="stmt"/>
        <line num="2998" count="0" type="stmt"/>
        <line num="3001" count="0" type="stmt"/>
        <line num="3004" count="0" type="stmt"/>
        <line num="3007" count="0" type="stmt"/>
        <line num="3011" count="0" type="stmt"/>
        <line num="3012" count="0" type="stmt"/>
        <line num="3014" count="0" type="cond" truecount="0" falsecount="2"/>
        <line num="3015" count="0" type="stmt"/>
        <line num="3016" count="0" type="stmt"/>
        <line num="3018" count="0" type="stmt"/>
        <line num="3019" count="0" type="stmt"/>
        <line num="3020" count="0" type="stmt"/>
        <line num="3021" count="0" type="stmt"/>
        <line num="3022" count="0" type="stmt"/>
        <line num="3027" count="0" type="stmt"/>
        <line num="3029" count="0" type="stmt"/>
        <line num="3030" count="0" type="stmt"/>
        <line num="3035" count="0" type="stmt"/>
        <line num="3036" count="0" type="stmt"/>
        <line num="3037" count="0" type="stmt"/>
        <line num="3038" count="0" type="stmt"/>
        <line num="3041" count="0" type="stmt"/>
        <line num="3053" count="0" type="cond" truecount="0" falsecount="2"/>
        <line num="3054" count="0" type="stmt"/>
        <line num="3056" count="0" type="stmt"/>
        <line num="3057" count="0" type="stmt"/>
        <line num="3058" count="0" type="cond" truecount="0" falsecount="2"/>
        <line num="3059" count="0" type="stmt"/>
        <line num="3062" count="0" type="stmt"/>
        <line num="3066" count="0" type="stmt"/>
        <line num="3069" count="0" type="stmt"/>
        <line num="3074" count="0" type="stmt"/>
        <line num="3075" count="0" type="stmt"/>
        <line num="3077" count="0" type="cond" truecount="0" falsecount="4"/>
        <line num="3078" count="0" type="stmt"/>
        <line num="3084" count="0" type="cond" truecount="0" falsecount="4"/>
        <line num="3085" count="0" type="stmt"/>
        <line num="3091" count="0" type="cond" truecount="0" falsecount="4"/>
        <line num="3092" count="0" type="stmt"/>
        <line num="3099" count="0" type="stmt"/>
        <line num="3107" count="0" type="stmt"/>
        <line num="3114" count="0" type="stmt"/>
        <line num="3116" count="0" type="stmt"/>
        <line num="3118" count="0" type="cond" truecount="0" falsecount="4"/>
        <line num="3119" count="0" type="stmt"/>
        <line num="3120" count="0" type="stmt"/>
        <line num="3121" count="0" type="cond" truecount="0" falsecount="4"/>
        <line num="3122" count="0" type="stmt"/>
        <line num="3123" count="0" type="stmt"/>
        <line num="3124" count="0" type="cond" truecount="0" falsecount="4"/>
[...]
        <line num="252" count="0" type="cond" truecount="0" falsecount="2"/>
        <line num="253" count="0" type="stmt"/>
        <line num="254" count="0" type="stmt"/>
        <line num="256" count="0" type="cond" truecount="0" falsecount="2"/>
        <line num="257" count="0" type="stmt"/>
        <line num="259" count="0" type="stmt"/>
        <line num="260" count="0" type="stmt"/>
        <line num="262" count="0" type="cond" truecount="0" falsecount="2"/>
        <line num="263" count="0" type="cond" truecount="0" falsecount="2"/>
        <line num="264" count="0" type="stmt"/>
        <line num="267" count="0" type="cond" truecount="0" falsecount="4"/>
        <line num="268" count="0" type="stmt"/>
        <line num="269" count="0" type="stmt"/>
        <line num="270" count="0" type="cond" truecount="0" falsecount="2"/>
        <line num="271" count="0" type="cond" truecount="0" falsecount="3"/>
        <line num="272" count="0" type="stmt"/>
        <line num="273" count="0" type="stmt"/>
        <line num="275" count="0" type="stmt"/>
        <line num="276" count="0" type="stmt"/>
        <line num="281" count="0" type="stmt"/>
        <line num="285" count="0" type="stmt"/>
        <line num="287" count="0" type="stmt"/>
        <line num="288" count="0" type="stmt"/>
        <line num="289" count="0" type="cond" truecount="0" falsecount="4"/>
        <line num="290" count="0" type="stmt"/>
        <line num="293" count="0" type="stmt"/>
        <line num="297" count="0" type="cond" truecount="0" falsecount="2"/>
        <line num="298" count="0" type="stmt"/>
        <line num="299" count="0" type="stmt"/>
        <line num="300" count="0" type="stmt"/>
        <line num="306" count="0" type="stmt"/>
        <line num="313" count="0" type="stmt"/>
        <line num="314" count="0" type="stmt"/>
        <line num="315" count="0" type="stmt"/>
        <line num="316" count="0" type="stmt"/>
        <line num="320" count="0" type="stmt"/>
        <line num="321" count="0" type="stmt"/>
        <line num="325" count="0" type="stmt"/>
      </file>
    </package>
    <package name="src.core">
      <metrics statements="28" coveredstatements="0" conditionals="2" coveredconditionals="0" methods="3" coveredmethods="0"/>
      <file name="C9AICore.js" path="/Users/hebbarp/todo-management/c9ai/src/core/C9AICore.js">
        <metrics statements="26" coveredstatements="0" conditionals="2" coveredconditionals="0" methods="3" coveredmethods="0"/>
        <line num="1" count="0" type="stmt"/>
        <line num="2" count="0" type="stmt"/>
        <line num="3" count="0" type="stmt"/>
        <line num="4" count="0" type="stmt"/>
        <line num="5" count="0" type="stmt"/>
        <line num="6" count="0" type="stmt"/>
        <line num="8" count="0" type="stmt"/>
        <line num="9" count="0" type="stmt"/>
        <line num="10" count="0" type="stmt"/>
        <line num="11" count="0" type="stmt"/>
        <line num="15" count="0" type="stmt"/>
        <line num="16" count="0" type="stmt"/>
        <line num="17" count="0" type="stmt"/>
        <line num="18" count="0" type="stmt"/>
        <line num="19" count="0" type="stmt"/>
        <line num="20" count="0" type="stmt"/>
        <line num="24" count="0" type="cond" truecount="0" falsecount="2"/>
        <line num="26" count="0" type="stmt"/>
        <line num="27" count="0" type="stmt"/>
        <line num="28" count="0" type="stmt"/>
        <line num="29" count="0" type="stmt"/>
        <line num="31" count="0" type="stmt"/>
        <line num="32" count="0" type="stmt"/>
        <line num="34" count="0" type="stmt"/>
        <line num="38" count="0" type="stmt"/>
        <line num="42" count="0" type="stmt"/>
      </file>
      <file name="index.js" path="/Users/hebbarp/todo-management/c9ai/src/core/index.js">
        <metrics statements="2" coveredstatements="0" conditionals="0" coveredconditionals="0" methods="0" coveredmethods="0"/>
        <line num="1" count="0" type="stmt"/>
        <line num="2" count="0" type="stmt"/>
      </file>
    </package>
    <package name="src.handlers">
      <metrics statements="151" coveredstatements="0" conditionals="48" coveredconditionals="0" methods="32" coveredmethods="0"/>
      <file name="analyticsHandler.js" path="/Users/hebbarp/todo-management/c9ai/src/handlers/analyticsHandler.js">
        <metrics statements="9" coveredstatements="0" conditionals="0" coveredconditionals="0" methods="4" coveredmethods="0"/>
        <line num="1" count="0" type="stmt"/>
        <line num="4" count="0" type="stmt"/>
        <line num="7" count="0" type="stmt"/>
        <line num="8" count="0" type="stmt"/>
        <line num="9" count="0" type="stmt"/>
        <line num="13" count="0" type="stmt"/>
        <line num="18" count="0" type="stmt"/>
        <line num="23" count="0" type="stmt"/>
        <line num="27" count="0" type="stmt"/>
      </file>
      <file name="autonomousHandler.js" path="/Users/hebbarp/todo-management/c9ai/src/handlers/autonomousHandler.js">
        <metrics statements="15" coveredstatements="0" conditionals="0" coveredconditionals="0" methods="3" coveredmethods="0"/>
        <line num="1" count="0" type="stmt"/>
        <line num="2" count="0" type="stmt"/>
        <line num="5" count="0" type="stmt"/>
        <line num="6" count="0" type="stmt"/>
        <line num="7" count="0" type="stmt"/>
        <line num="8" count="0" type="stmt"/>
        <line num="10" count="0" type="stmt"/>
        <line num="11" count="0" type="stmt"/>
        <line num="14" count="0" type="stmt"/>
        <line num="15" count="0" type="stmt"/>
        <line num="17" count="0" type="stmt"/>
        <line num="18" count="0" type="stmt"/>
        <line num="19" count="0" type="stmt"/>
        <line num="25" count="0" type="stmt"/>
        <line num="32" count="0" type="stmt"/>
      </file>
      <file name="commandHandler.js" path="/Users/hebbarp/todo-management/c9ai/src/handlers/commandHandler.js">
        <metrics statements="22" coveredstatements="0" conditionals="11" coveredconditionals="0" methods="1" coveredmethods="0"/>
        <line num="1" count="0" type="stmt"/>
        <line num="2" count="0" type="stmt"/>
        <line num="3" count="0" type="stmt"/>
        <line num="4" count="0" type="stmt"/>
        <line num="5" count="0" type="stmt"/>
        <line num="8" count="0" type="stmt"/>
        <line num="10" count="0" type="stmt"/>
        <line num="12" count="0" type="cond" truecount="0" falsecount="2"/>
        <line num="13" count="0" type="stmt"/>
        <line num="14" count="0" type="cond" truecount="0" falsecount="2"/>
        <line num="15" count="0" type="stmt"/>
        <line num="17" count="0" type="stmt"/>
        <line num="21" count="0" type="cond" truecount="0" falsecount="2"/>
        <line num="22" count="0" type="stmt"/>
        <line num="25" count="0" type="cond" truecount="0" falsecount="5"/>
        <line num="27" count="0" type="stmt"/>
        <line num="29" count="0" type="stmt"/>
        <line num="31" count="0" type="stmt"/>
        <line num="33" count="0" type="stmt"/>
        <line num="36" count="0" type="stmt"/>
        <line num="39" count="0" type="stmt"/>
        <line num="43" count="0" type="stmt"/>
      </file>
      <file name="contentHandler.js" path="/Users/hebbarp/todo-management/c9ai/src/handlers/contentHandler.js">
        <metrics statements="10" coveredstatements="0" conditionals="0" coveredconditionals="0" methods="3" coveredmethods="0"/>
        <line num="1" count="0" type="stmt"/>
        <line num="2" count="0" type="stmt"/>
        <line num="3" count="0" type="stmt"/>
        <line num="6" count="0" type="stmt"/>
        <line num="7" count="0" type="stmt"/>
        <line num="8" count="0" type="stmt"/>
        <line num="12" count="0" type="stmt"/>
        <line num="13" count="0" type="stmt"/>
        <line num="18" count="0" type="stmt"/>
        <line num="26" count="0" type="stmt"/>
      </file>
      <file name="conversationHandler.js" path="/Users/hebbarp/todo-management/c9ai/src/handlers/conversationHandler.js">
        <metrics statements="15" coveredstatements="0" conditionals="4" coveredconditionals="0" methods="5" coveredmethods="0"/>
        <line num="1" count="0" type="stmt"/>
        <line num="2" count="0" type="stmt"/>
        <line num="5" count="0" type="cond" truecount="0" falsecount="2"/>
        <line num="6" count="0" type="stmt"/>
        <line num="9" count="0" type="stmt"/>
        <line num="10" count="0" type="cond" truecount="0" falsecount="2"/>
        <line num="11" count="0" type="stmt"/>
        <line num="14" count="0" type="stmt"/>
        <line num="16" count="0" type="stmt"/>
        <line num="17" count="0" type="stmt"/>
        <line num="22" count="0" type="stmt"/>
        <line num="28" count="0" type="stmt"/>
        <line num="32" count="0" type="stmt"/>
        <line num="37" count="0" type="stmt"/>
        <line num="40" count="0" type="stmt"/>
      </file>
      <file name="issueHandler.js" path="/Users/hebbarp/todo-management/c9ai/src/handlers/issueHandler.js">
        <metrics statements="15" coveredstatements="0" conditionals="8" coveredconditionals="0" methods="3" coveredmethods="0"/>
        <line num="1" count="0" type="stmt"/>
        <line num="2" count="0" type="stmt"/>
        <line num="5" count="0" type="stmt"/>
        <line num="7" count="0" type="stmt"/>
        <line num="8" count="0" type="cond" truecount="0" falsecount="4"/>
        <line num="10" count="0" type="stmt"/>
        <line num="12" count="0" type="stmt"/>
        <line num="14" count="0" type="stmt"/>
        <line num="16" count="0" type="stmt"/>
        <line num="17" count="0" type="stmt"/>
        <line num="20" count="0" type="stmt"/>
        <line num="21" count="0" type="stmt"/>
        <line num="27" count="0" type="stmt"/>
        <line num="28" count="0" type="stmt"/>
        <line num="35" count="0" type="stmt"/>
      </file>
      <file name="modelHandler.js" path="/Users/hebbarp/todo-management/c9ai/src/handlers/modelHandler.js">
        <metrics statements="21" coveredstatements="0" conditionals="8" coveredconditionals="0" methods="4" coveredmethods="0"/>
        <line num="1" count="0" type="stmt"/>
        <line num="2" count="0" type="stmt"/>
        <line num="3" count="0" type="stmt"/>
        <line num="4" count="0" type="stmt"/>
        <line num="7" count="0" type="cond" truecount="0" falsecount="5"/>
        <line num="9" count="0" type="stmt"/>
        <line num="11" count="0" type="stmt"/>
        <line num="13" count="0" type="stmt"/>
        <line num="15" count="0" type="stmt"/>
        <line num="17" count="0" type="stmt"/>
        <line num="22" count="0" type="stmt"/>
        <line num="23" count="0" type="stmt"/>
        <line num="26" count="0" type="stmt"/>
        <line num="28" count="0" type="cond" truecount="0" falsecount="2"/>
        <line num="29" count="0" type="stmt"/>
        <line num="30" count="0" type="stmt"/>
        <line num="31" count="0" type="stmt"/>
        <line num="36" count="0" type="stmt"/>
        <line num="37" count="0" type="stmt"/>
        <line num="38" count="0" type="stmt"/>
        <line num="43" count="0" type="stmt"/>
      </file>
      <file name="todoHandler.js" path="/Users/hebbarp/todo-management/c9ai/src/handlers/todoHandler.js">
        <metrics statements="28" coveredstatements="0" conditionals="10" coveredconditionals="0" methods="6" coveredmethods="0"/>
        <line num="1" count="0" type="stmt"/>
        <line num="2" count="0" type="stmt"/>
        <line num="3" count="0" type="stmt"/>
        <line num="4" count="0" type="stmt"/>
        <line num="7" count="0" type="stmt"/>
        <line num="9" count="0" type="cond" truecount="0" falsecount="5"/>
        <line num="11" count="0" type="stmt"/>
        <line num="13" count="0" type="stmt"/>
        <line num="15" count="0" type="stmt"/>
        <line num="17" count="0" type="stmt"/>
        <line num="19" count="0" type="stmt"/>
        <line num="24" count="0" type="stmt"/>
        <line num="25" count="0" type="stmt"/>
        <line num="26" count="0" type="stmt"/>
        <line num="27" count="0" type="stmt"/>
        <line num="28" count="0" type="stmt"/>
        <line num="31" count="0" type="stmt"/>
        <line num="34" count="0" type="stmt"/>
        <line num="35" count="0" type="stmt"/>
        <line num="36" count="0" type="cond" truecount="0" falsecount="2"/>
        <line num="37" count="0" type="stmt"/>
        <line num="39" count="0" type="stmt"/>
        <line num="44" count="0" type="stmt"/>
        <line num="45" count="0" type="cond" truecount="0" falsecount="2"/>
        <line num="46" count="0" type="stmt"/>
        <line num="48" count="0" type="stmt"/>
        <line num="49" count="0" type="stmt"/>
        <line num="54" count="0" type="stmt"/>
      </file>
      <file name="toolHandler.js" path="/Users/hebbarp/todo-management/c9ai/src/handlers/toolHandler.js">
        <metrics statements="16" coveredstatements="0" conditionals="7" coveredconditionals="0" methods="3" coveredmethods="0"/>
        <line num="1" count="0" type="stmt"/>
        <line num="2" count="0" type="stmt"/>
        <line num="3" count="0" type="stmt"/>
        <line num="4" count="0" type="stmt"/>
        <line num="7" count="0" type="cond" truecount="0" falsecount="5"/>
        <line num="9" count="0" type="stmt"/>
        <line num="11" count="0" type="stmt"/>
        <line num="13" count="0" type="stmt"/>
        <line num="15" count="0" type="stmt"/>
        <line num="17" count="0" type="stmt"/>
        <line num="22" count="0" type="stmt"/>
        <line num="23" count="0" type="stmt"/>
        <line num="25" count="0" type="stmt"/>
        <line num="26" count="0" type="stmt"/>
        <line num="30" count="0" type="stmt"/>
        <line num="36" count="0" type="stmt"/>
      </file>
    </package>
    <package name="src.models">
      <metrics statements="17" coveredstatements="0" conditionals="3" coveredconditionals="0" methods="2" coveredmethods="0"/>
      <file name="localModel.js" path="/Users/hebbarp/todo-management/c9ai/src/models/localModel.js">
        <metrics statements="17" coveredstatements="0" conditionals="3" coveredconditionals="0" methods="2" coveredmethods="0"/>
        <line num="1" count="0" type="stmt"/>
        <line num="2" count="0" type="stmt"/>
        <line num="5" count="0" type="stmt"/>
        <line num="6" count="0" type="stmt"/>
        <line num="7" count="0" type="stmt"/>
        <line num="12" count="0" type="stmt"/>
        <line num="13" count="0" type="stmt"/>
        <line num="14" count="0" type="stmt"/>
        <line num="16" count="0" type="stmt"/>
        <line num="17" count="0" type="stmt"/>
        <line num="22" count="0" type="stmt"/>
        <line num="23" count="0" type="stmt"/>
        <line num="24" count="0" type="stmt"/>
        <line num="26" count="0" type="cond" truecount="0" falsecount="2"/>
        <line num="27" count="0" type="stmt"/>
        <line num="29" count="0" type="stmt"/>
        <line num="33" count="0" type="stmt"/>
      </file>
    </package>
    <package name="src.utils">
      <metrics statements="68" coveredstatements="0" conditionals="10" coveredconditionals="0" methods="24" coveredmethods="0"/>
      <file name="common.js" path="/Users/hebbarp/todo-management/c9ai/src/utils/common.js">
        <metrics statements="7" coveredstatements="0" conditionals="0" coveredconditionals="0" methods="6" coveredmethods="0"/>
        <line num="1" count="0" type="stmt"/>
        <line num="2" count="0" type="stmt"/>
        <line num="5" count="0" type="stmt"/>
        <line num="9" count="0" type="stmt"/>
        <line num="13" count="0" type="stmt"/>
        <line num="17" count="0" type="stmt"/>
        <line num="20" count="0" type="stmt"/>
      </file>
      <file name="config.js" path="/Users/hebbarp/todo-management/c9ai/src/utils/config.js">
        <metrics statements="15" coveredstatements="0" conditionals="2" coveredconditionals="0" methods="3" coveredmethods="0"/>
        <line num="1" count="0" type="stmt"/>
        <line num="2" count="0" type="stmt"/>
        <line num="3" count="0" type="stmt"/>
        <line num="7" count="0" type="stmt"/>
        <line num="8" count="0" type="stmt"/>
        <line num="9" count="0" type="stmt"/>
        <line num="13" count="0" type="stmt"/>
        <line num="14" count="0" type="cond" truecount="0" falsecount="2"/>
        <line num="15" count="0" type="stmt"/>
        <line num="18" count="0" type="stmt"/>
        <line num="19" count="0" type="stmt"/>
        <line num="24" count="0" type="stmt"/>
        <line num="25" count="0" type="stmt"/>
        <line num="27" count="0" type="stmt"/>
        <line num="32" count="0" type="stmt"/>
      </file>
      <file name="knowledgeBase.js" path="/Users/hebbarp/todo-management/c9ai/src/utils/knowledgeBase.js">
        <metrics statements="19" coveredstatements="0" conditionals="6" coveredconditionals="0" methods="5" coveredmethods="0"/>
        <line num="1" count="0" type="stmt"/>
        <line num="2" count="0" type="stmt"/>
        <line num="3" count="0" type="stmt"/>
        <line num="7" count="0" type="stmt"/>
        <line num="8" count="0" type="stmt"/>
        <line num="9" count="0" type="stmt"/>
        <line num="10" count="0" type="stmt"/>
        <line num="14" count="0" type="stmt"/>
        <line num="15" count="0" type="cond" truecount="0" falsecount="2"/>
        <line num="16" count="0" type="stmt"/>
        <line num="17" count="0" type="cond" truecount="0" falsecount="2"/>
        <line num="18" count="0" type="cond" truecount="0" falsecount="2"/>
        <line num="21" count="0" type="stmt"/>
        <line num="26" count="0" type="stmt"/>
        <line num="27" count="0" type="stmt"/>
        <line num="33" count="0" type="stmt"/>
        <line num="38" count="0" type="stmt"/>
        <line num="45" count="0" type="stmt"/>
        <line num="49" count="0" type="stmt"/>
      </file>
      <file name="modelUtils.js" path="/Users/hebbarp/todo-management/c9ai/src/utils/modelUtils.js">
        <metrics statements="23" coveredstatements="0" conditionals="2" coveredconditionals="0" methods="8" coveredmethods="0"/>
        <line num="1" count="0" type="stmt"/>
        <line num="2" count="0" type="stmt"/>
        <line num="3" count="0" type="stmt"/>
        <line num="4" count="0" type="stmt"/>
        <line num="7" count="0" type="stmt"/>
        <line num="8" count="0" type="stmt"/>
        <line num="9" count="0" type="stmt"/>
        <line num="10" count="0" type="stmt"/>
        <line num="11" count="0" type="stmt"/>
        <line num="13" count="0" type="stmt"/>
        <line num="14" count="0" type="stmt"/>
        <line num="15" count="0" type="stmt"/>
        <line num="18" count="0" type="stmt"/>
        <line num="19" count="0" type="stmt"/>
        <line num="20" count="0" type="stmt"/>
        <line num="21" count="0" type="stmt"/>
        <line num="24" count="0" type="stmt"/>
        <line num="25" count="0" type="stmt"/>
        <line num="35" count="0" type="stmt"/>
        <line num="36" count="0" type="cond" truecount="0" falsecount="2"/>
        <line num="37" count="0" type="stmt"/>
        <line num="39" count="0" type="stmt"/>
        <line num="42" count="0" type="stmt"/>
      </file>
      <file name="testRunner.js" path="/Users/hebbarp/todo-management/c9ai/src/utils/testRunner.js">
        <metrics statements="4" coveredstatements="0" conditionals="0" coveredconditionals="0" methods="2" coveredmethods="0"/>
        <line num="1" count="0" type="stmt"/>
        <line num="2" count="0" type="stmt"/>
        <line num="6" count="0" type="stmt"/>
        <line num="16" count="0" type="stmt"/>
      </file>
    </package>
  </project>
</coverage>
