{"/Users/hebbarp/todo-management/c9ai/src/c9ai-core.js": {"path":"/Users/hebbarp/todo-management/c9ai/src/c9ai-core.js","statementMap":{"0":{"start":{"line":1,"column":18},"end":{"line":1,"column":42}},"1":{"start":{"line":2,"column":11},"end":{"line":2,"column":30}},"2":{"start":{"line":3,"column":13},"end":{"line":3,"column":28}},"3":{"start":{"line":4,"column":14},"end":{"line":4,"column":30}},"4":{"start":{"line":5,"column":12},"end":{"line":5,"column":26}},"5":{"start":{"line":6,"column":11},"end":{"line":6,"column":24}},"6":{"start":{"line":7,"column":17},"end":{"line":7,"column":36}},"7":{"start":{"line":8,"column":14},"end":{"line":8,"column":30}},"8":{"start":{"line":13,"column":0},"end":{"line":20,"column":1}},"9":{"start":{"line":14,"column":21},"end":{"line":14,"column":46}},"10":{"start":{"line":15,"column":4},"end":{"line":15,"column":37}},"11":{"start":{"line":16,"column":4},"end":{"line":16,"column":41}},"12":{"start":{"line":17,"column":4},"end":{"line":17,"column":49}},"13":{"start":{"line":24,"column":8},"end":{"line":24,"column":37}},"14":{"start":{"line":25,"column":8},"end":{"line":25,"column":58}},"15":{"start":{"line":26,"column":8},"end":{"line":26,"column":63}},"16":{"start":{"line":27,"column":8},"end":{"line":27,"column":61}},"17":{"start":{"line":30,"column":8},"end":{"line":30,"column":39}},"18":{"start":{"line":31,"column":8},"end":{"line":31,"column":28}},"19":{"start":{"line":32,"column":8},"end":{"line":32,"column":32}},"20":{"start":{"line":33,"column":8},"end":{"line":33,"column":31}},"21":{"start":{"line":34,"column":8},"end":{"line":34,"column":30}},"22":{"start":{"line":35,"column":8},"end":{"line":35,"column":31}},"23":{"start":{"line":36,"column":8},"end":{"line":36,"column":59}},"24":{"start":{"line":37,"column":8},"end":{"line":37,"column":29}},"25":{"start":{"line":38,"column":8},"end":{"line":38,"column":32}},"26":{"start":{"line":39,"column":8},"end":{"line":39,"column":31}},"27":{"start":{"line":40,"column":8},"end":{"line":40,"column":33}},"28":{"start":{"line":41,"column":8},"end":{"line":41,"column":43}},"29":{"start":{"line":43,"column":8},"end":{"line":43,"column":20}},"30":{"start":{"line":47,"column":8},"end":{"line":47,"column":37}},"31":{"start":{"line":47,"column":30},"end":{"line":47,"column":37}},"32":{"start":{"line":50,"column":8},"end":{"line":50,"column":43}},"33":{"start":{"line":51,"column":8},"end":{"line":51,"column":44}},"34":{"start":{"line":52,"column":8},"end":{"line":52,"column":43}},"35":{"start":{"line":53,"column":8},"end":{"line":53,"column":62}},"36":{"start":{"line":56,"column":8},"end":{"line":56,"column":33}},"37":{"start":{"line":59,"column":8},"end":{"line":59,"column":32}},"38":{"start":{"line":62,"column":8},"end":{"line":62,"column":38}},"39":{"start":{"line":65,"column":8},"end":{"line":65,"column":37}},"40":{"start":{"line":68,"column":8},"end":{"line":68,"column":39}},"41":{"start":{"line":71,"column":8},"end":{"line":71,"column":32}},"42":{"start":{"line":75,"column":8},"end":{"line":91,"column":9}},"43":{"start":{"line":76,"column":37},"end":{"line":76,"column":76}},"44":{"start":{"line":77,"column":34},"end":{"line":77,"column":93}},"45":{"start":{"line":79,"column":12},"end":{"line":88,"column":13}},"46":{"start":{"line":80,"column":35},"end":{"line":80,"column":74}},"47":{"start":{"line":81,"column":33},"end":{"line":81,"column":71}},"48":{"start":{"line":83,"column":16},"end":{"line":87,"column":17}},"49":{"start":{"line":84,"column":20},"end":{"line":84,"column":77}},"50":{"start":{"line":86,"column":20},"end":{"line":86,"column":52}},"51":{"start":{"line":90,"column":12},"end":{"line":90,"column":108}},"52":{"start":{"line":95,"column":27},"end":{"line":95,"column":67}},"53":{"start":{"line":96,"column":8},"end":{"line":103,"column":9}},"54":{"start":{"line":97,"column":12},"end":{"line":100,"column":13}},"55":{"start":{"line":98,"column":31},"end":{"line":98,"column":60}},"56":{"start":{"line":99,"column":16},"end":{"line":99,"column":68}},"57":{"start":{"line":102,"column":12},"end":{"line":102,"column":73}},"58":{"start":{"line":107,"column":27},"end":{"line":107,"column":67}},"59":{"start":{"line":108,"column":8},"end":{"line":111,"column":26}},"60":{"start":{"line":117,"column":8},"end":{"line":127,"column":9}},"61":{"start":{"line":118,"column":30},"end":{"line":118,"column":73}},"62":{"start":{"line":119,"column":12},"end":{"line":124,"column":13}},"63":{"start":{"line":120,"column":34},"end":{"line":120,"column":62}},"64":{"start":{"line":121,"column":16},"end":{"line":121,"column":52}},"65":{"start":{"line":122,"column":16},"end":{"line":122,"column":75}},"66":{"start":{"line":123,"column":16},"end":{"line":123,"column":108}},"67":{"start":{"line":126,"column":12},"end":{"line":126,"column":82}},"68":{"start":{"line":131,"column":8},"end":{"line":141,"column":9}},"69":{"start":{"line":132,"column":33},"end":{"line":132,"column":74}},"70":{"start":{"line":133,"column":12},"end":{"line":138,"column":13}},"71":{"start":{"line":134,"column":37},"end":{"line":134,"column":68}},"72":{"start":{"line":135,"column":16},"end":{"line":135,"column":61}},"73":{"start":{"line":136,"column":16},"end":{"line":136,"column":58}},"74":{"start":{"line":137,"column":16},"end":{"line":137,"column":106}},"75":{"start":{"line":140,"column":12},"end":{"line":140,"column":72}},"76":{"start":{"line":145,"column":8},"end":{"line":155,"column":9}},"77":{"start":{"line":146,"column":34},"end":{"line":146,"column":77}},"78":{"start":{"line":147,"column":12},"end":{"line":152,"column":13}},"79":{"start":{"line":148,"column":16},"end":{"line":148,"column":70}},"80":{"start":{"line":149,"column":16},"end":{"line":149,"column":119}},"81":{"start":{"line":151,"column":16},"end":{"line":151,"column":103}},"82":{"start":{"line":154,"column":12},"end":{"line":154,"column":100}},"83":{"start":{"line":159,"column":8},"end":{"line":168,"column":9}},"84":{"start":{"line":160,"column":33},"end":{"line":160,"column":74}},"85":{"start":{"line":161,"column":33},"end":{"line":164,"column":13}},"86":{"start":{"line":165,"column":12},"end":{"line":165,"column":74}},"87":{"start":{"line":167,"column":12},"end":{"line":167,"column":72}},"88":{"start":{"line":172,"column":35},"end":{"line":172,"column":51}},"89":{"start":{"line":174,"column":8},"end":{"line":293,"column":9}},"90":{"start":{"line":176,"column":12},"end":{"line":196,"column":13}},"91":{"start":{"line":177,"column":37},"end":{"line":177,"column":62}},"92":{"start":{"line":178,"column":16},"end":{"line":194,"column":17}},"93":{"start":{"line":180,"column":20},"end":{"line":193,"column":21}},"94":{"start":{"line":181,"column":40},"end":{"line":181,"column":72}},"95":{"start":{"line":182,"column":24},"end":{"line":184,"column":25}},"96":{"start":{"line":183,"column":28},"end":{"line":183,"column":53}},"97":{"start":{"line":185,"column":24},"end":{"line":190,"column":25}},"98":{"start":{"line":186,"column":28},"end":{"line":186,"column":53}},"99":{"start":{"line":187,"column":28},"end":{"line":187,"column":95}},"100":{"start":{"line":189,"column":28},"end":{"line":189,"column":99}},"101":{"start":{"line":192,"column":24},"end":{"line":192,"column":65}},"102":{"start":{"line":195,"column":16},"end":{"line":195,"column":23}},"103":{"start":{"line":199,"column":12},"end":{"line":231,"column":13}},"104":{"start":{"line":200,"column":30},"end":{"line":200,"column":59}},"105":{"start":{"line":201,"column":29},"end":{"line":201,"column":37}},"106":{"start":{"line":202,"column":32},"end":{"line":202,"column":56}},"107":{"start":{"line":204,"column":16},"end":{"line":230,"column":17}},"108":{"start":{"line":208,"column":24},"end":{"line":214,"column":25}},"109":{"start":{"line":210,"column":28},"end":{"line":210,"column":60}},"110":{"start":{"line":213,"column":28},"end":{"line":213,"column":69}},"111":{"start":{"line":215,"column":24},"end":{"line":215,"column":31}},"112":{"start":{"line":219,"column":24},"end":{"line":219,"column":75}},"113":{"start":{"line":220,"column":24},"end":{"line":220,"column":31}},"114":{"start":{"line":224,"column":24},"end":{"line":224,"column":74}},"115":{"start":{"line":225,"column":24},"end":{"line":225,"column":31}},"116":{"start":{"line":228,"column":24},"end":{"line":228,"column":65}},"117":{"start":{"line":229,"column":24},"end":{"line":229,"column":31}},"118":{"start":{"line":233,"column":12},"end":{"line":290,"column":13}},"119":{"start":{"line":235,"column":20},"end":{"line":235,"column":55}},"120":{"start":{"line":236,"column":20},"end":{"line":236,"column":63}},"121":{"start":{"line":237,"column":20},"end":{"line":237,"column":26}},"122":{"start":{"line":239,"column":20},"end":{"line":239,"column":55}},"123":{"start":{"line":240,"column":20},"end":{"line":240,"column":63}},"124":{"start":{"line":241,"column":20},"end":{"line":241,"column":26}},"125":{"start":{"line":243,"column":20},"end":{"line":243,"column":55}},"126":{"start":{"line":244,"column":20},"end":{"line":244,"column":52}},"127":{"start":{"line":245,"column":20},"end":{"line":245,"column":26}},"128":{"start":{"line":247,"column":20},"end":{"line":247,"column":67}},"129":{"start":{"line":248,"column":20},"end":{"line":248,"column":26}},"130":{"start":{"line":250,"column":20},"end":{"line":250,"column":56}},"131":{"start":{"line":251,"column":20},"end":{"line":251,"column":26}},"132":{"start":{"line":253,"column":20},"end":{"line":253,"column":47}},"133":{"start":{"line":254,"column":20},"end":{"line":254,"column":26}},"134":{"start":{"line":256,"column":20},"end":{"line":256,"column":67}},"135":{"start":{"line":257,"column":20},"end":{"line":257,"column":26}},"136":{"start":{"line":259,"column":20},"end":{"line":259,"column":62}},"137":{"start":{"line":260,"column":20},"end":{"line":260,"column":26}},"138":{"start":{"line":262,"column":20},"end":{"line":262,"column":57}},"139":{"start":{"line":263,"column":20},"end":{"line":263,"column":26}},"140":{"start":{"line":265,"column":20},"end":{"line":265,"column":68}},"141":{"start":{"line":266,"column":20},"end":{"line":266,"column":26}},"142":{"start":{"line":269,"column":20},"end":{"line":269,"column":59}},"143":{"start":{"line":270,"column":20},"end":{"line":270,"column":26}},"144":{"start":{"line":272,"column":20},"end":{"line":272,"column":44}},"145":{"start":{"line":273,"column":20},"end":{"line":273,"column":26}},"146":{"start":{"line":275,"column":20},"end":{"line":275,"column":36}},"147":{"start":{"line":276,"column":20},"end":{"line":276,"column":26}},"148":{"start":{"line":279,"column":20},"end":{"line":279,"column":38}},"149":{"start":{"line":280,"column":20},"end":{"line":280,"column":26}},"150":{"start":{"line":283,"column":20},"end":{"line":289,"column":21}},"151":{"start":{"line":284,"column":24},"end":{"line":288,"column":25}},"152":{"start":{"line":285,"column":28},"end":{"line":285,"column":72}},"153":{"start":{"line":287,"column":28},"end":{"line":287,"column":83}},"154":{"start":{"line":292,"column":12},"end":{"line":292,"column":82}},"155":{"start":{"line":297,"column":8},"end":{"line":300,"column":9}},"156":{"start":{"line":298,"column":12},"end":{"line":298,"column":69}},"157":{"start":{"line":299,"column":12},"end":{"line":299,"column":19}},"158":{"start":{"line":302,"column":24},"end":{"line":302,"column":106}},"159":{"start":{"line":304,"column":8},"end":{"line":323,"column":9}},"160":{"start":{"line":306,"column":12},"end":{"line":306,"column":53}},"161":{"start":{"line":308,"column":12},"end":{"line":317,"column":13}},"162":{"start":{"line":309,"column":16},"end":{"line":309,"column":31}},"163":{"start":{"line":310,"column":16},"end":{"line":310,"column":56}},"164":{"start":{"line":312,"column":16},"end":{"line":312,"column":31}},"165":{"start":{"line":313,"column":16},"end":{"line":314,"column":91}},"166":{"start":{"line":315,"column":16},"end":{"line":315,"column":143}},"167":{"start":{"line":316,"column":16},"end":{"line":316,"column":66}},"168":{"start":{"line":319,"column":12},"end":{"line":319,"column":27}},"169":{"start":{"line":320,"column":12},"end":{"line":320,"column":81}},"170":{"start":{"line":321,"column":12},"end":{"line":321,"column":91}},"171":{"start":{"line":322,"column":12},"end":{"line":322,"column":101}},"172":{"start":{"line":327,"column":8},"end":{"line":328,"column":64}},"173":{"start":{"line":329,"column":8},"end":{"line":329,"column":53}},"174":{"start":{"line":330,"column":8},"end":{"line":330,"column":48}},"175":{"start":{"line":332,"column":8},"end":{"line":332,"column":28}},"176":{"start":{"line":333,"column":24},"end":{"line":333,"column":25}},"177":{"start":{"line":335,"column":8},"end":{"line":364,"column":9}},"178":{"start":{"line":336,"column":12},"end":{"line":336,"column":24}},"179":{"start":{"line":338,"column":12},"end":{"line":339,"column":25}},"180":{"start":{"line":347,"column":12},"end":{"line":363,"column":13}},"181":{"start":{"line":348,"column":16},"end":{"line":348,"column":74}},"182":{"start":{"line":351,"column":16},"end":{"line":355,"column":17}},"183":{"start":{"line":352,"column":20},"end":{"line":353,"column":48}},"184":{"start":{"line":354,"column":20},"end":{"line":354,"column":26}},"185":{"start":{"line":358,"column":16},"end":{"line":358,"column":39}},"186":{"start":{"line":361,"column":16},"end":{"line":361,"column":87}},"187":{"start":{"line":362,"column":16},"end":{"line":362,"column":73}},"188":{"start":{"line":366,"column":8},"end":{"line":366,"column":29}},"189":{"start":{"line":367,"column":8},"end":{"line":368,"column":37}},"190":{"start":{"line":372,"column":24},"end":{"line":377,"column":9}},"191":{"start":{"line":379,"column":23},"end":{"line":379,"column":70}},"192":{"start":{"line":381,"column":24},"end":{"line":381,"column":43}},"193":{"start":{"line":382,"column":8},"end":{"line":382,"column":31}},"194":{"start":{"line":383,"column":8},"end":{"line":383,"column":53}},"195":{"start":{"line":386,"column":8},"end":{"line":389,"column":9}},"196":{"start":{"line":387,"column":12},"end":{"line":387,"column":65}},"197":{"start":{"line":388,"column":12},"end":{"line":388,"column":70}},"198":{"start":{"line":393,"column":8},"end":{"line":393,"column":64}},"199":{"start":{"line":397,"column":28},"end":{"line":397,"column":57}},"200":{"start":{"line":399,"column":8},"end":{"line":402,"column":9}},"201":{"start":{"line":400,"column":12},"end":{"line":400,"column":94}},"202":{"start":{"line":401,"column":12},"end":{"line":401,"column":19}},"203":{"start":{"line":404,"column":8},"end":{"line":404,"column":34}},"204":{"start":{"line":405,"column":8},"end":{"line":405,"column":32}},"205":{"start":{"line":407,"column":8},"end":{"line":407,"column":67}},"206":{"start":{"line":410,"column":8},"end":{"line":413,"column":9}},"207":{"start":{"line":411,"column":12},"end":{"line":411,"column":56}},"208":{"start":{"line":412,"column":12},"end":{"line":412,"column":55}},"209":{"start":{"line":416,"column":28},"end":{"line":416,"column":75}},"210":{"start":{"line":417,"column":8},"end":{"line":438,"column":9}},"211":{"start":{"line":418,"column":12},"end":{"line":430,"column":13}},"212":{"start":{"line":419,"column":16},"end":{"line":425,"column":17}},"213":{"start":{"line":420,"column":20},"end":{"line":420,"column":48}},"214":{"start":{"line":421,"column":20},"end":{"line":421,"column":64}},"215":{"start":{"line":423,"column":20},"end":{"line":423,"column":66}},"216":{"start":{"line":424,"column":20},"end":{"line":424,"column":90}},"217":{"start":{"line":427,"column":32},"end":{"line":427,"column":76}},"218":{"start":{"line":428,"column":16},"end":{"line":428,"column":62}},"219":{"start":{"line":429,"column":16},"end":{"line":429,"column":71}},"220":{"start":{"line":432,"column":12},"end":{"line":432,"column":69}},"221":{"start":{"line":433,"column":12},"end":{"line":437,"column":13}},"222":{"start":{"line":434,"column":16},"end":{"line":434,"column":86}},"223":{"start":{"line":436,"column":16},"end":{"line":436,"column":87}},"224":{"start":{"line":442,"column":8},"end":{"line":442,"column":54}},"225":{"start":{"line":444,"column":8},"end":{"line":468,"column":9}},"226":{"start":{"line":446,"column":16},"end":{"line":446,"column":39}},"227":{"start":{"line":447,"column":16},"end":{"line":447,"column":22}},"228":{"start":{"line":449,"column":16},"end":{"line":449,"column":42}},"229":{"start":{"line":450,"column":16},"end":{"line":450,"column":22}},"230":{"start":{"line":452,"column":16},"end":{"line":456,"column":17}},"231":{"start":{"line":453,"column":20},"end":{"line":453,"column":121}},"232":{"start":{"line":455,"column":20},"end":{"line":455,"column":55}},"233":{"start":{"line":457,"column":16},"end":{"line":457,"column":22}},"234":{"start":{"line":459,"column":16},"end":{"line":459,"column":41}},"235":{"start":{"line":460,"column":16},"end":{"line":460,"column":22}},"236":{"start":{"line":462,"column":16},"end":{"line":462,"column":39}},"237":{"start":{"line":463,"column":16},"end":{"line":463,"column":22}},"238":{"start":{"line":466,"column":33},"end":{"line":466,"column":60}},"239":{"start":{"line":467,"column":16},"end":{"line":467,"column":45}},"240":{"start":{"line":472,"column":8},"end":{"line":472,"column":57}},"241":{"start":{"line":473,"column":8},"end":{"line":485,"column":9}},"242":{"start":{"line":474,"column":31},"end":{"line":474,"column":75}},"243":{"start":{"line":475,"column":12},"end":{"line":481,"column":13}},"244":{"start":{"line":476,"column":37},"end":{"line":476,"column":88}},"245":{"start":{"line":477,"column":16},"end":{"line":477,"column":85}},"246":{"start":{"line":479,"column":37},"end":{"line":479,"column":125}},"247":{"start":{"line":480,"column":16},"end":{"line":480,"column":85}},"248":{"start":{"line":483,"column":12},"end":{"line":483,"column":85}},"249":{"start":{"line":484,"column":12},"end":{"line":484,"column":97}},"250":{"start":{"line":487,"column":8},"end":{"line":487,"column":65}},"251":{"start":{"line":488,"column":27},"end":{"line":488,"column":55}},"252":{"start":{"line":489,"column":8},"end":{"line":493,"column":9}},"253":{"start":{"line":490,"column":12},"end":{"line":490,"column":58}},"254":{"start":{"line":490,"column":39},"end":{"line":490,"column":56}},"255":{"start":{"line":492,"column":12},"end":{"line":492,"column":66}},"256":{"start":{"line":497,"column":29},"end":{"line":497,"column":64}},"257":{"start":{"line":498,"column":8},"end":{"line":500,"column":9}},"258":{"start":{"line":499,"column":12},"end":{"line":499,"column":22}},"259":{"start":{"line":501,"column":24},"end":{"line":501,"column":64}},"260":{"start":{"line":502,"column":8},"end":{"line":502,"column":76}},"261":{"start":{"line":502,"column":50},"end":{"line":502,"column":74}},"262":{"start":{"line":506,"column":32},"end":{"line":506,"column":65}},"263":{"start":{"line":508,"column":8},"end":{"line":511,"column":9}},"264":{"start":{"line":509,"column":12},"end":{"line":509,"column":79}},"265":{"start":{"line":510,"column":12},"end":{"line":510,"column":19}},"266":{"start":{"line":513,"column":8},"end":{"line":513,"column":55}},"267":{"start":{"line":514,"column":8},"end":{"line":517,"column":9}},"268":{"start":{"line":515,"column":12},"end":{"line":515,"column":42}},"269":{"start":{"line":516,"column":12},"end":{"line":516,"column":78}},"270":{"start":{"line":521,"column":8},"end":{"line":521,"column":26}},"271":{"start":{"line":522,"column":29},"end":{"line":522,"column":64}},"272":{"start":{"line":525,"column":8},"end":{"line":534,"column":9}},"273":{"start":{"line":526,"column":29},"end":{"line":526,"column":46}},"274":{"start":{"line":527,"column":12},"end":{"line":532,"column":13}},"275":{"start":{"line":528,"column":16},"end":{"line":528,"column":60}},"276":{"start":{"line":529,"column":16},"end":{"line":529,"column":79}},"277":{"start":{"line":531,"column":16},"end":{"line":531,"column":80}},"278":{"start":{"line":533,"column":12},"end":{"line":533,"column":19}},"279":{"start":{"line":537,"column":28},"end":{"line":537,"column":45}},"280":{"start":{"line":538,"column":8},"end":{"line":551,"column":9}},"281":{"start":{"line":539,"column":32},"end":{"line":539,"column":69}},"282":{"start":{"line":540,"column":36},"end":{"line":540,"column":74}},"283":{"start":{"line":541,"column":29},"end":{"line":541,"column":81}},"284":{"start":{"line":543,"column":12},"end":{"line":549,"column":13}},"285":{"start":{"line":544,"column":16},"end":{"line":544,"column":60}},"286":{"start":{"line":545,"column":16},"end":{"line":545,"column":75}},"287":{"start":{"line":546,"column":16},"end":{"line":546,"column":82}},"288":{"start":{"line":548,"column":16},"end":{"line":548,"column":80}},"289":{"start":{"line":550,"column":12},"end":{"line":550,"column":19}},"290":{"start":{"line":554,"column":8},"end":{"line":554,"column":58}},"291":{"start":{"line":558,"column":8},"end":{"line":558,"column":59}},"292":{"start":{"line":561,"column":8},"end":{"line":576,"column":9}},"293":{"start":{"line":562,"column":12},"end":{"line":575,"column":13}},"294":{"start":{"line":563,"column":32},"end":{"line":563,"column":74}},"295":{"start":{"line":564,"column":31},"end":{"line":564,"column":72}},"296":{"start":{"line":565,"column":16},"end":{"line":565,"column":67}},"297":{"start":{"line":567,"column":33},"end":{"line":567,"column":91}},"298":{"start":{"line":568,"column":16},"end":{"line":568,"column":60}},"299":{"start":{"line":570,"column":16},"end":{"line":570,"column":80}},"300":{"start":{"line":571,"column":16},"end":{"line":571,"column":104}},"301":{"start":{"line":572,"column":16},"end":{"line":572,"column":23}},"302":{"start":{"line":574,"column":16},"end":{"line":574,"column":81}},"303":{"start":{"line":579,"column":8},"end":{"line":593,"column":9}},"304":{"start":{"line":580,"column":12},"end":{"line":592,"column":13}},"305":{"start":{"line":581,"column":16},"end":{"line":581,"column":100}},"306":{"start":{"line":584,"column":33},"end":{"line":584,"column":109}},"307":{"start":{"line":585,"column":16},"end":{"line":585,"column":60}},"308":{"start":{"line":587,"column":16},"end":{"line":587,"column":68}},"309":{"start":{"line":588,"column":16},"end":{"line":588,"column":99}},"310":{"start":{"line":589,"column":16},"end":{"line":589,"column":23}},"311":{"start":{"line":591,"column":16},"end":{"line":591,"column":90}},"312":{"start":{"line":596,"column":25},"end":{"line":596,"column":42}},"313":{"start":{"line":597,"column":8},"end":{"line":603,"column":9}},"314":{"start":{"line":598,"column":12},"end":{"line":598,"column":56}},"315":{"start":{"line":599,"column":12},"end":{"line":599,"column":64}},"316":{"start":{"line":600,"column":12},"end":{"line":600,"column":81}},"317":{"start":{"line":602,"column":12},"end":{"line":602,"column":76}},"318":{"start":{"line":607,"column":32},"end":{"line":607,"column":65}},"319":{"start":{"line":609,"column":8},"end":{"line":612,"column":9}},"320":{"start":{"line":610,"column":12},"end":{"line":610,"column":79}},"321":{"start":{"line":611,"column":12},"end":{"line":611,"column":19}},"322":{"start":{"line":614,"column":34},"end":{"line":621,"column":10}},"323":{"start":{"line":619,"column":54},"end":{"line":619,"column":91}},"324":{"start":{"line":623,"column":8},"end":{"line":623,"column":92}},"325":{"start":{"line":625,"column":8},"end":{"line":647,"column":9}},"326":{"start":{"line":627,"column":31},"end":{"line":627,"column":83}},"327":{"start":{"line":627,"column":60},"end":{"line":627,"column":82}},"328":{"start":{"line":628,"column":12},"end":{"line":631,"column":13}},"329":{"start":{"line":629,"column":16},"end":{"line":629,"column":109}},"330":{"start":{"line":630,"column":16},"end":{"line":630,"column":25}},"331":{"start":{"line":632,"column":37},"end":{"line":632,"column":47}},"332":{"start":{"line":633,"column":12},"end":{"line":646,"column":13}},"333":{"start":{"line":634,"column":16},"end":{"line":635,"column":43}},"334":{"start":{"line":636,"column":16},"end":{"line":636,"column":51}},"335":{"start":{"line":637,"column":16},"end":{"line":637,"column":67}},"336":{"start":{"line":639,"column":16},"end":{"line":639,"column":102}},"337":{"start":{"line":642,"column":16},"end":{"line":643,"column":35}},"338":{"start":{"line":644,"column":39},"end":{"line":644,"column":213}},"339":{"start":{"line":645,"column":16},"end":{"line":645,"column":68}},"340":{"start":{"line":651,"column":29},"end":{"line":651,"column":64}},"341":{"start":{"line":652,"column":8},"end":{"line":654,"column":9}},"342":{"start":{"line":653,"column":12},"end":{"line":653,"column":22}},"343":{"start":{"line":656,"column":24},"end":{"line":656,"column":64}},"344":{"start":{"line":657,"column":22},"end":{"line":657,"column":41}},"345":{"start":{"line":658,"column":32},"end":{"line":658,"column":34}},"346":{"start":{"line":660,"column":8},"end":{"line":668,"column":9}},"347":{"start":{"line":661,"column":32},"end":{"line":661,"column":69}},"348":{"start":{"line":662,"column":12},"end":{"line":667,"column":13}},"349":{"start":{"line":663,"column":29},"end":{"line":663,"column":82}},"350":{"start":{"line":664,"column":29},"end":{"line":664,"column":43}},"351":{"start":{"line":665,"column":31},"end":{"line":665,"column":52}},"352":{"start":{"line":666,"column":16},"end":{"line":666,"column":61}},"353":{"start":{"line":670,"column":8},"end":{"line":670,"column":31}},"354":{"start":{"line":674,"column":8},"end":{"line":674,"column":89}},"355":{"start":{"line":675,"column":31},"end":{"line":675,"column":33}},"356":{"start":{"line":676,"column":23},"end":{"line":676,"column":36}},"357":{"start":{"line":678,"column":8},"end":{"line":736,"column":9}},"358":{"start":{"line":680,"column":16},"end":{"line":686,"column":17}},"359":{"start":{"line":681,"column":20},"end":{"line":681,"column":58}},"360":{"start":{"line":682,"column":23},"end":{"line":686,"column":17}},"361":{"start":{"line":683,"column":20},"end":{"line":683,"column":62}},"362":{"start":{"line":685,"column":20},"end":{"line":685,"column":62}},"363":{"start":{"line":687,"column":16},"end":{"line":687,"column":22}},"364":{"start":{"line":690,"column":16},"end":{"line":694,"column":17}},"365":{"start":{"line":691,"column":20},"end":{"line":691,"column":62}},"366":{"start":{"line":693,"column":20},"end":{"line":693,"column":77}},"367":{"start":{"line":695,"column":16},"end":{"line":695,"column":22}},"368":{"start":{"line":699,"column":35},"end":{"line":699,"column":69}},"369":{"start":{"line":700,"column":16},"end":{"line":722,"column":17}},"370":{"start":{"line":702,"column":20},"end":{"line":719,"column":21}},"371":{"start":{"line":704,"column":24},"end":{"line":706,"column":25}},"372":{"start":{"line":705,"column":28},"end":{"line":705,"column":117}},"373":{"start":{"line":707,"column":24},"end":{"line":707,"column":66}},"374":{"start":{"line":708,"column":27},"end":{"line":719,"column":21}},"375":{"start":{"line":709,"column":24},"end":{"line":709,"column":61}},"376":{"start":{"line":710,"column":27},"end":{"line":719,"column":21}},"377":{"start":{"line":712,"column":42},"end":{"line":712,"column":83}},"378":{"start":{"line":713,"column":24},"end":{"line":713,"column":74}},"379":{"start":{"line":714,"column":27},"end":{"line":719,"column":21}},"380":{"start":{"line":715,"column":24},"end":{"line":715,"column":66}},"381":{"start":{"line":718,"column":24},"end":{"line":718,"column":61}},"382":{"start":{"line":721,"column":20},"end":{"line":721,"column":67}},"383":{"start":{"line":723,"column":16},"end":{"line":723,"column":22}},"384":{"start":{"line":726,"column":38},"end":{"line":726,"column":64}},"385":{"start":{"line":727,"column":16},"end":{"line":727,"column":93}},"386":{"start":{"line":728,"column":16},"end":{"line":732,"column":17}},"387":{"start":{"line":729,"column":20},"end":{"line":729,"column":101}},"388":{"start":{"line":730,"column":23},"end":{"line":732,"column":17}},"389":{"start":{"line":731,"column":20},"end":{"line":731,"column":101}},"390":{"start":{"line":733,"column":16},"end":{"line":733,"column":22}},"391":{"start":{"line":735,"column":16},"end":{"line":735,"column":64}},"392":{"start":{"line":738,"column":8},"end":{"line":743,"column":9}},"393":{"start":{"line":739,"column":12},"end":{"line":739,"column":98}},"394":{"start":{"line":740,"column":12},"end":{"line":740,"column":52}},"395":{"start":{"line":742,"column":12},"end":{"line":742,"column":99}},"396":{"start":{"line":747,"column":24},"end":{"line":747,"column":75}},"397":{"start":{"line":748,"column":8},"end":{"line":755,"column":9}},"398":{"start":{"line":750,"column":12},"end":{"line":750,"column":35}},"399":{"start":{"line":751,"column":12},"end":{"line":751,"column":59}},"400":{"start":{"line":753,"column":12},"end":{"line":753,"column":42}},"401":{"start":{"line":754,"column":12},"end":{"line":754,"column":60}},"402":{"start":{"line":759,"column":8},"end":{"line":759,"column":64}},"403":{"start":{"line":760,"column":8},"end":{"line":760,"column":48}},"404":{"start":{"line":762,"column":8},"end":{"line":773,"column":9}},"405":{"start":{"line":763,"column":28},"end":{"line":763,"column":61}},"406":{"start":{"line":764,"column":26},"end":{"line":764,"column":51}},"407":{"start":{"line":766,"column":12},"end":{"line":766,"column":75}},"408":{"start":{"line":767,"column":12},"end":{"line":767,"column":93}},"409":{"start":{"line":768,"column":12},"end":{"line":768,"column":92}},"410":{"start":{"line":770,"column":12},"end":{"line":770,"column":84}},"411":{"start":{"line":772,"column":12},"end":{"line":772,"column":104}},"412":{"start":{"line":777,"column":8},"end":{"line":809,"column":9}},"413":{"start":{"line":780,"column":16},"end":{"line":780,"column":46}},"414":{"start":{"line":781,"column":16},"end":{"line":781,"column":22}},"415":{"start":{"line":783,"column":16},"end":{"line":783,"column":48}},"416":{"start":{"line":784,"column":16},"end":{"line":784,"column":22}},"417":{"start":{"line":787,"column":16},"end":{"line":787,"column":52}},"418":{"start":{"line":788,"column":16},"end":{"line":788,"column":22}},"419":{"start":{"line":792,"column":16},"end":{"line":792,"column":54}},"420":{"start":{"line":793,"column":16},"end":{"line":793,"column":22}},"421":{"start":{"line":795,"column":16},"end":{"line":795,"column":45}},"422":{"start":{"line":796,"column":16},"end":{"line":796,"column":22}},"423":{"start":{"line":798,"column":16},"end":{"line":798,"column":46}},"424":{"start":{"line":799,"column":16},"end":{"line":799,"column":70}},"425":{"start":{"line":800,"column":16},"end":{"line":800,"column":22}},"426":{"start":{"line":802,"column":16},"end":{"line":802,"column":73}},"427":{"start":{"line":803,"column":16},"end":{"line":803,"column":86}},"428":{"start":{"line":804,"column":16},"end":{"line":804,"column":92}},"429":{"start":{"line":805,"column":16},"end":{"line":805,"column":88}},"430":{"start":{"line":806,"column":16},"end":{"line":806,"column":82}},"431":{"start":{"line":807,"column":16},"end":{"line":807,"column":87}},"432":{"start":{"line":808,"column":16},"end":{"line":808,"column":85}},"433":{"start":{"line":813,"column":8},"end":{"line":813,"column":61}},"434":{"start":{"line":814,"column":8},"end":{"line":814,"column":48}},"435":{"start":{"line":816,"column":8},"end":{"line":819,"column":9}},"436":{"start":{"line":817,"column":12},"end":{"line":817,"column":92}},"437":{"start":{"line":818,"column":12},"end":{"line":818,"column":19}},"438":{"start":{"line":821,"column":8},"end":{"line":837,"column":9}},"439":{"start":{"line":822,"column":12},"end":{"line":822,"column":57}},"440":{"start":{"line":823,"column":12},"end":{"line":823,"column":76}},"441":{"start":{"line":824,"column":12},"end":{"line":824,"column":67}},"442":{"start":{"line":826,"column":12},"end":{"line":828,"column":13}},"443":{"start":{"line":827,"column":16},"end":{"line":827,"column":79}},"444":{"start":{"line":830,"column":12},"end":{"line":836,"column":13}},"445":{"start":{"line":831,"column":16},"end":{"line":831,"column":58}},"446":{"start":{"line":832,"column":16},"end":{"line":835,"column":17}},"447":{"start":{"line":833,"column":37},"end":{"line":833,"column":85}},"448":{"start":{"line":834,"column":20},"end":{"line":834,"column":104}},"449":{"start":{"line":839,"column":8},"end":{"line":839,"column":106}},"450":{"start":{"line":840,"column":8},"end":{"line":840,"column":107}},"451":{"start":{"line":844,"column":8},"end":{"line":844,"column":58}},"452":{"start":{"line":845,"column":8},"end":{"line":845,"column":48}},"453":{"start":{"line":847,"column":8},"end":{"line":869,"column":9}},"454":{"start":{"line":848,"column":26},"end":{"line":848,"column":59}},"455":{"start":{"line":849,"column":36},"end":{"line":849,"column":38}},"456":{"start":{"line":850,"column":12},"end":{"line":856,"column":13}},"457":{"start":{"line":851,"column":33},"end":{"line":851,"column":65}},"458":{"start":{"line":852,"column":30},"end":{"line":852,"column":53}},"459":{"start":{"line":853,"column":16},"end":{"line":855,"column":17}},"460":{"start":{"line":854,"column":20},"end":{"line":854,"column":47}},"461":{"start":{"line":858,"column":12},"end":{"line":861,"column":13}},"462":{"start":{"line":859,"column":16},"end":{"line":859,"column":93}},"463":{"start":{"line":860,"column":16},"end":{"line":860,"column":23}},"464":{"start":{"line":863,"column":12},"end":{"line":865,"column":13}},"465":{"start":{"line":864,"column":16},"end":{"line":864,"column":58}},"466":{"start":{"line":866,"column":12},"end":{"line":866,"column":109}},"467":{"start":{"line":868,"column":12},"end":{"line":868,"column":80}},"468":{"start":{"line":873,"column":8},"end":{"line":873,"column":58}},"469":{"start":{"line":874,"column":8},"end":{"line":874,"column":48}},"470":{"start":{"line":876,"column":8},"end":{"line":987,"column":9}},"471":{"start":{"line":877,"column":30},"end":{"line":912,"column":13}},"472":{"start":{"line":883,"column":24},"end":{"line":883,"column":74}},"473":{"start":{"line":883,"column":43},"end":{"line":883,"column":74}},"474":{"start":{"line":884,"column":24},"end":{"line":884,"column":112}},"475":{"start":{"line":884,"column":54},"end":{"line":884,"column":112}},"476":{"start":{"line":885,"column":24},"end":{"line":885,"column":132}},"477":{"start":{"line":885,"column":69},"end":{"line":885,"column":132}},"478":{"start":{"line":886,"column":24},"end":{"line":886,"column":36}},"479":{"start":{"line":893,"column":41},"end":{"line":893,"column":88}},"480":{"start":{"line":899,"column":41},"end":{"line":899,"column":84}},"481":{"start":{"line":914,"column":28},"end":{"line":914,"column":60}},"482":{"start":{"line":916,"column":28},"end":{"line":921,"column":13}},"483":{"start":{"line":923,"column":12},"end":{"line":925,"column":13}},"484":{"start":{"line":924,"column":16},"end":{"line":924,"column":66}},"485":{"start":{"line":927,"column":12},"end":{"line":971,"column":13}},"486":{"start":{"line":928,"column":16},"end":{"line":928,"column":106}},"487":{"start":{"line":929,"column":16},"end":{"line":970,"column":17}},"488":{"start":{"line":930,"column":43},"end":{"line":936,"column":21}},"489":{"start":{"line":938,"column":40},"end":{"line":938,"column":77}},"490":{"start":{"line":939,"column":20},"end":{"line":939,"column":61}},"491":{"start":{"line":939,"column":55},"end":{"line":939,"column":61}},"492":{"start":{"line":941,"column":50},"end":{"line":961,"column":21}},"493":{"start":{"line":946,"column":49},"end":{"line":946,"column":106}},"494":{"start":{"line":963,"column":41},"end":{"line":963,"column":85}},"495":{"start":{"line":965,"column":20},"end":{"line":969,"column":22}},"496":{"start":{"line":974,"column":12},"end":{"line":974,"column":54}},"497":{"start":{"line":977,"column":12},"end":{"line":977,"column":42}},"498":{"start":{"line":979,"column":12},"end":{"line":979,"column":85}},"499":{"start":{"line":980,"column":12},"end":{"line":980,"column":76}},"500":{"start":{"line":981,"column":12},"end":{"line":981,"column":82}},"501":{"start":{"line":984,"column":12},"end":{"line":986,"column":13}},"502":{"start":{"line":985,"column":16},"end":{"line":985,"column":80}},"503":{"start":{"line":991,"column":8},"end":{"line":994,"column":9}},"504":{"start":{"line":992,"column":12},"end":{"line":992,"column":74}},"505":{"start":{"line":993,"column":12},"end":{"line":993,"column":19}},"506":{"start":{"line":996,"column":8},"end":{"line":999,"column":9}},"507":{"start":{"line":997,"column":12},"end":{"line":997,"column":69}},"508":{"start":{"line":998,"column":12},"end":{"line":998,"column":19}},"509":{"start":{"line":1001,"column":8},"end":{"line":1001,"column":64}},"510":{"start":{"line":1002,"column":8},"end":{"line":1002,"column":48}},"511":{"start":{"line":1004,"column":26},"end":{"line":1004,"column":69}},"512":{"start":{"line":1005,"column":8},"end":{"line":1005,"column":87}},"513":{"start":{"line":1007,"column":23},"end":{"line":1007,"column":51}},"514":{"start":{"line":1008,"column":8},"end":{"line":1014,"column":9}},"515":{"start":{"line":1009,"column":12},"end":{"line":1009,"column":62}},"516":{"start":{"line":1010,"column":12},"end":{"line":1010,"column":42}},"517":{"start":{"line":1011,"column":12},"end":{"line":1011,"column":66}},"518":{"start":{"line":1013,"column":12},"end":{"line":1013,"column":78}},"519":{"start":{"line":1018,"column":8},"end":{"line":1021,"column":9}},"520":{"start":{"line":1019,"column":12},"end":{"line":1019,"column":76}},"521":{"start":{"line":1020,"column":12},"end":{"line":1020,"column":19}},"522":{"start":{"line":1023,"column":8},"end":{"line":1026,"column":9}},"523":{"start":{"line":1024,"column":12},"end":{"line":1024,"column":69}},"524":{"start":{"line":1025,"column":12},"end":{"line":1025,"column":19}},"525":{"start":{"line":1028,"column":28},"end":{"line":1035,"column":10}},"526":{"start":{"line":1037,"column":8},"end":{"line":1043,"column":9}},"527":{"start":{"line":1038,"column":12},"end":{"line":1038,"column":47}},"528":{"start":{"line":1039,"column":12},"end":{"line":1039,"column":42}},"529":{"start":{"line":1040,"column":12},"end":{"line":1040,"column":82}},"530":{"start":{"line":1042,"column":12},"end":{"line":1042,"column":49}},"531":{"start":{"line":1047,"column":8},"end":{"line":1057,"column":9}},"532":{"start":{"line":1048,"column":30},"end":{"line":1048,"column":73}},"533":{"start":{"line":1049,"column":30},"end":{"line":1052,"column":13}},"534":{"start":{"line":1054,"column":12},"end":{"line":1054,"column":68}},"535":{"start":{"line":1056,"column":12},"end":{"line":1056,"column":79}},"536":{"start":{"line":1061,"column":8},"end":{"line":1061,"column":58}},"537":{"start":{"line":1062,"column":8},"end":{"line":1062,"column":48}},"538":{"start":{"line":1063,"column":8},"end":{"line":1063,"column":75}},"539":{"start":{"line":1064,"column":8},"end":{"line":1064,"column":92}},"540":{"start":{"line":1065,"column":8},"end":{"line":1065,"column":77}},"541":{"start":{"line":1069,"column":8},"end":{"line":1069,"column":49}},"542":{"start":{"line":1070,"column":8},"end":{"line":1070,"column":48}},"543":{"start":{"line":1071,"column":8},"end":{"line":1071,"column":67}},"544":{"start":{"line":1072,"column":8},"end":{"line":1072,"column":92}},"545":{"start":{"line":1073,"column":8},"end":{"line":1073,"column":92}},"546":{"start":{"line":1074,"column":8},"end":{"line":1074,"column":94}},"547":{"start":{"line":1075,"column":8},"end":{"line":1075,"column":87}},"548":{"start":{"line":1076,"column":8},"end":{"line":1076,"column":82}},"549":{"start":{"line":1077,"column":8},"end":{"line":1077,"column":90}},"550":{"start":{"line":1079,"column":8},"end":{"line":1079,"column":56}},"551":{"start":{"line":1080,"column":8},"end":{"line":1080,"column":90}},"552":{"start":{"line":1082,"column":8},"end":{"line":1082,"column":65}},"553":{"start":{"line":1083,"column":8},"end":{"line":1083,"column":91}},"554":{"start":{"line":1084,"column":8},"end":{"line":1084,"column":79}},"555":{"start":{"line":1085,"column":8},"end":{"line":1085,"column":83}},"556":{"start":{"line":1086,"column":8},"end":{"line":1086,"column":89}},"557":{"start":{"line":1087,"column":8},"end":{"line":1087,"column":88}},"558":{"start":{"line":1088,"column":8},"end":{"line":1088,"column":87}},"559":{"start":{"line":1090,"column":8},"end":{"line":1090,"column":61}},"560":{"start":{"line":1091,"column":8},"end":{"line":1091,"column":99}},"561":{"start":{"line":1092,"column":8},"end":{"line":1092,"column":110}},"562":{"start":{"line":1093,"column":8},"end":{"line":1093,"column":113}},"563":{"start":{"line":1094,"column":8},"end":{"line":1094,"column":99}},"564":{"start":{"line":1096,"column":8},"end":{"line":1096,"column":56}},"565":{"start":{"line":1097,"column":8},"end":{"line":1097,"column":101}},"566":{"start":{"line":1098,"column":8},"end":{"line":1098,"column":90}},"567":{"start":{"line":1099,"column":8},"end":{"line":1099,"column":92}},"568":{"start":{"line":1100,"column":8},"end":{"line":1100,"column":100}},"569":{"start":{"line":1101,"column":8},"end":{"line":1101,"column":91}},"570":{"start":{"line":1102,"column":8},"end":{"line":1102,"column":98}},"571":{"start":{"line":1104,"column":8},"end":{"line":1104,"column":59}},"572":{"start":{"line":1105,"column":8},"end":{"line":1105,"column":101}},"573":{"start":{"line":1106,"column":8},"end":{"line":1106,"column":106}},"574":{"start":{"line":1107,"column":8},"end":{"line":1107,"column":83}},"575":{"start":{"line":1108,"column":8},"end":{"line":1108,"column":87}},"576":{"start":{"line":1109,"column":8},"end":{"line":1109,"column":79}},"577":{"start":{"line":1110,"column":8},"end":{"line":1110,"column":72}},"578":{"start":{"line":1111,"column":8},"end":{"line":1111,"column":84}},"579":{"start":{"line":1112,"column":8},"end":{"line":1112,"column":101}},"580":{"start":{"line":1113,"column":8},"end":{"line":1113,"column":82}},"581":{"start":{"line":1114,"column":8},"end":{"line":1114,"column":79}},"582":{"start":{"line":1115,"column":8},"end":{"line":1115,"column":75}},"583":{"start":{"line":1119,"column":33},"end":{"line":1119,"column":66}},"584":{"start":{"line":1121,"column":8},"end":{"line":1135,"column":9}},"585":{"start":{"line":1122,"column":12},"end":{"line":1122,"column":65}},"586":{"start":{"line":1123,"column":12},"end":{"line":1123,"column":52}},"587":{"start":{"line":1124,"column":12},"end":{"line":1124,"column":50}},"588":{"start":{"line":1125,"column":12},"end":{"line":1125,"column":97}},"589":{"start":{"line":1126,"column":12},"end":{"line":1126,"column":93}},"590":{"start":{"line":1127,"column":12},"end":{"line":1127,"column":96}},"591":{"start":{"line":1128,"column":12},"end":{"line":1128,"column":52}},"592":{"start":{"line":1129,"column":12},"end":{"line":1129,"column":84}},"593":{"start":{"line":1130,"column":12},"end":{"line":1130,"column":53}},"594":{"start":{"line":1131,"column":12},"end":{"line":1131,"column":69}},"595":{"start":{"line":1132,"column":12},"end":{"line":1132,"column":48}},"596":{"start":{"line":1133,"column":12},"end":{"line":1133,"column":61}},"597":{"start":{"line":1134,"column":12},"end":{"line":1134,"column":19}},"598":{"start":{"line":1138,"column":28},"end":{"line":1138,"column":68}},"599":{"start":{"line":1141,"column":29},"end":{"line":1146,"column":10}},"600":{"start":{"line":1142,"column":12},"end":{"line":1144,"column":13}},"601":{"start":{"line":1143,"column":16},"end":{"line":1143,"column":76}},"602":{"start":{"line":1145,"column":12},"end":{"line":1145,"column":37}},"603":{"start":{"line":1148,"column":8},"end":{"line":1148,"column":99}},"604":{"start":{"line":1149,"column":8},"end":{"line":1149,"column":92}},"605":{"start":{"line":1151,"column":8},"end":{"line":1182,"column":9}},"606":{"start":{"line":1152,"column":28},"end":{"line":1152,"column":50}},"607":{"start":{"line":1153,"column":34},"end":{"line":1159,"column":14}},"608":{"start":{"line":1162,"column":34},"end":{"line":1162,"column":77}},"609":{"start":{"line":1163,"column":12},"end":{"line":1163,"column":59}},"610":{"start":{"line":1166,"column":12},"end":{"line":1166,"column":43}},"611":{"start":{"line":1168,"column":12},"end":{"line":1168,"column":83}},"612":{"start":{"line":1169,"column":12},"end":{"line":1169,"column":52}},"613":{"start":{"line":1170,"column":12},"end":{"line":1170,"column":98}},"614":{"start":{"line":1171,"column":12},"end":{"line":1171,"column":94}},"615":{"start":{"line":1172,"column":12},"end":{"line":1172,"column":95}},"616":{"start":{"line":1175,"column":27},"end":{"line":1175,"column":72}},"617":{"start":{"line":1176,"column":12},"end":{"line":1178,"column":13}},"618":{"start":{"line":1177,"column":16},"end":{"line":1177,"column":80}},"619":{"start":{"line":1181,"column":12},"end":{"line":1181,"column":84}},"620":{"start":{"line":1186,"column":23},"end":{"line":1197,"column":1}},"621":{"start":{"line":1198,"column":8},"end":{"line":1198,"column":28}},"622":{"start":{"line":1202,"column":8},"end":{"line":1219,"column":11}},"623":{"start":{"line":1203,"column":26},"end":{"line":1206,"column":14}},"624":{"start":{"line":1208,"column":12},"end":{"line":1213,"column":15}},"625":{"start":{"line":1209,"column":16},"end":{"line":1211,"column":17}},"626":{"start":{"line":1210,"column":20},"end":{"line":1210,"column":92}},"627":{"start":{"line":1212,"column":16},"end":{"line":1212,"column":26}},"628":{"start":{"line":1215,"column":12},"end":{"line":1218,"column":15}},"629":{"start":{"line":1216,"column":16},"end":{"line":1216,"column":94}},"630":{"start":{"line":1217,"column":16},"end":{"line":1217,"column":26}},"631":{"start":{"line":1223,"column":8},"end":{"line":1223,"column":128}},"632":{"start":{"line":1227,"column":8},"end":{"line":1239,"column":9}},"633":{"start":{"line":1229,"column":12},"end":{"line":1231,"column":27}},"634":{"start":{"line":1235,"column":12},"end":{"line":1237,"column":13}},"635":{"start":{"line":1236,"column":16},"end":{"line":1236,"column":84}},"636":{"start":{"line":1238,"column":12},"end":{"line":1238,"column":35}},"637":{"start":{"line":1241,"column":8},"end":{"line":1286,"column":11}},"638":{"start":{"line":1242,"column":26},"end":{"line":1245,"column":14}},"639":{"start":{"line":1248,"column":28},"end":{"line":1256,"column":21}},"640":{"start":{"line":1249,"column":16},"end":{"line":1249,"column":119}},"641":{"start":{"line":1250,"column":16},"end":{"line":1250,"column":38}},"642":{"start":{"line":1251,"column":16},"end":{"line":1255,"column":25}},"643":{"start":{"line":1252,"column":20},"end":{"line":1254,"column":21}},"644":{"start":{"line":1253,"column":24},"end":{"line":1253,"column":46}},"645":{"start":{"line":1258,"column":12},"end":{"line":1262,"column":15}},"646":{"start":{"line":1259,"column":16},"end":{"line":1259,"column":38}},"647":{"start":{"line":1260,"column":16},"end":{"line":1260,"column":105}},"648":{"start":{"line":1261,"column":16},"end":{"line":1261,"column":26}},"649":{"start":{"line":1264,"column":12},"end":{"line":1285,"column":15}},"650":{"start":{"line":1265,"column":16},"end":{"line":1265,"column":38}},"651":{"start":{"line":1266,"column":16},"end":{"line":1266,"column":96}},"652":{"start":{"line":1268,"column":16},"end":{"line":1284,"column":17}},"653":{"start":{"line":1269,"column":20},"end":{"line":1269,"column":121}},"654":{"start":{"line":1271,"column":42},"end":{"line":1274,"column":22}},"655":{"start":{"line":1275,"column":20},"end":{"line":1275,"column":63}},"656":{"start":{"line":1275,"column":52},"end":{"line":1275,"column":61}},"657":{"start":{"line":1276,"column":20},"end":{"line":1279,"column":23}},"658":{"start":{"line":1277,"column":24},"end":{"line":1277,"column":110}},"659":{"start":{"line":1278,"column":24},"end":{"line":1278,"column":34}},"660":{"start":{"line":1281,"column":40},"end":{"line":1281,"column":80}},"661":{"start":{"line":1282,"column":20},"end":{"line":1282,"column":110}},"662":{"start":{"line":1283,"column":20},"end":{"line":1283,"column":30}},"663":{"start":{"line":1290,"column":8},"end":{"line":1317,"column":11}},"664":{"start":{"line":1291,"column":28},"end":{"line":1294,"column":13}},"665":{"start":{"line":1296,"column":26},"end":{"line":1296,"column":49}},"666":{"start":{"line":1298,"column":25},"end":{"line":1298,"column":27}},"667":{"start":{"line":1299,"column":25},"end":{"line":1299,"column":27}},"668":{"start":{"line":1301,"column":12},"end":{"line":1304,"column":13}},"669":{"start":{"line":1302,"column":16},"end":{"line":1302,"column":77}},"670":{"start":{"line":1302,"column":50},"end":{"line":1302,"column":75}},"671":{"start":{"line":1303,"column":16},"end":{"line":1303,"column":77}},"672":{"start":{"line":1303,"column":50},"end":{"line":1303,"column":75}},"673":{"start":{"line":1306,"column":12},"end":{"line":1312,"column":15}},"674":{"start":{"line":1307,"column":16},"end":{"line":1311,"column":17}},"675":{"start":{"line":1308,"column":20},"end":{"line":1308,"column":43}},"676":{"start":{"line":1310,"column":20},"end":{"line":1310,"column":84}},"677":{"start":{"line":1314,"column":12},"end":{"line":1316,"column":15}},"678":{"start":{"line":1315,"column":16},"end":{"line":1315,"column":30}},"679":{"start":{"line":1321,"column":24},"end":{"line":1321,"column":107}},"680":{"start":{"line":1323,"column":25},"end":{"line":1328,"column":9}},"681":{"start":{"line":1330,"column":8},"end":{"line":1340,"column":9}},"682":{"start":{"line":1331,"column":23},"end":{"line":1331,"column":25}},"683":{"start":{"line":1332,"column":12},"end":{"line":1334,"column":13}},"684":{"start":{"line":1333,"column":16},"end":{"line":1333,"column":50}},"685":{"start":{"line":1336,"column":12},"end":{"line":1336,"column":32}},"686":{"start":{"line":1337,"column":12},"end":{"line":1337,"column":61}},"687":{"start":{"line":1344,"column":8},"end":{"line":1368,"column":9}},"688":{"start":{"line":1346,"column":16},"end":{"line":1346,"column":40}},"689":{"start":{"line":1347,"column":16},"end":{"line":1347,"column":22}},"690":{"start":{"line":1349,"column":16},"end":{"line":1352,"column":17}},"691":{"start":{"line":1350,"column":20},"end":{"line":1350,"column":97}},"692":{"start":{"line":1351,"column":20},"end":{"line":1351,"column":27}},"693":{"start":{"line":1353,"column":16},"end":{"line":1353,"column":51}},"694":{"start":{"line":1354,"column":16},"end":{"line":1354,"column":22}},"695":{"start":{"line":1356,"column":16},"end":{"line":1359,"column":17}},"696":{"start":{"line":1357,"column":20},"end":{"line":1357,"column":96}},"697":{"start":{"line":1358,"column":20},"end":{"line":1358,"column":27}},"698":{"start":{"line":1360,"column":16},"end":{"line":1360,"column":50}},"699":{"start":{"line":1361,"column":16},"end":{"line":1361,"column":22}},"700":{"start":{"line":1363,"column":16},"end":{"line":1363,"column":45}},"701":{"start":{"line":1364,"column":16},"end":{"line":1364,"column":22}},"702":{"start":{"line":1366,"column":16},"end":{"line":1366,"column":70}},"703":{"start":{"line":1367,"column":16},"end":{"line":1367,"column":97}},"704":{"start":{"line":1372,"column":8},"end":{"line":1372,"column":64}},"705":{"start":{"line":1373,"column":8},"end":{"line":1373,"column":48}},"706":{"start":{"line":1375,"column":32},"end":{"line":1396,"column":9}},"707":{"start":{"line":1398,"column":8},"end":{"line":1425,"column":9}},"708":{"start":{"line":1399,"column":35},"end":{"line":1399,"column":67}},"709":{"start":{"line":1401,"column":12},"end":{"line":1401,"column":63}},"710":{"start":{"line":1402,"column":12},"end":{"line":1412,"column":13}},"711":{"start":{"line":1403,"column":16},"end":{"line":1403,"column":64}},"712":{"start":{"line":1405,"column":16},"end":{"line":1411,"column":17}},"713":{"start":{"line":1406,"column":20},"end":{"line":1410,"column":21}},"714":{"start":{"line":1407,"column":38},"end":{"line":1407,"column":84}},"715":{"start":{"line":1408,"column":39},"end":{"line":1408,"column":76}},"716":{"start":{"line":1409,"column":24},"end":{"line":1409,"column":79}},"717":{"start":{"line":1414,"column":12},"end":{"line":1414,"column":70}},"718":{"start":{"line":1415,"column":12},"end":{"line":1420,"column":13}},"719":{"start":{"line":1416,"column":36},"end":{"line":1416,"column":77}},"720":{"start":{"line":1416,"column":61},"end":{"line":1416,"column":76}},"721":{"start":{"line":1417,"column":31},"end":{"line":1417,"column":101}},"722":{"start":{"line":1418,"column":16},"end":{"line":1418,"column":105}},"723":{"start":{"line":1419,"column":16},"end":{"line":1419,"column":75}},"724":{"start":{"line":1422,"column":12},"end":{"line":1422,"column":79}},"725":{"start":{"line":1424,"column":12},"end":{"line":1424,"column":79}},"726":{"start":{"line":1429,"column":23},"end":{"line":1450,"column":9}},"727":{"start":{"line":1452,"column":8},"end":{"line":1456,"column":9}},"728":{"start":{"line":1453,"column":12},"end":{"line":1453,"column":68}},"729":{"start":{"line":1454,"column":12},"end":{"line":1454,"column":96}},"730":{"start":{"line":1455,"column":12},"end":{"line":1455,"column":19}},"731":{"start":{"line":1458,"column":22},"end":{"line":1458,"column":39}},"732":{"start":{"line":1459,"column":25},"end":{"line":1459,"column":66}},"733":{"start":{"line":1462,"column":8},"end":{"line":1465,"column":9}},"734":{"start":{"line":1463,"column":12},"end":{"line":1463,"column":85}},"735":{"start":{"line":1464,"column":12},"end":{"line":1464,"column":19}},"736":{"start":{"line":1467,"column":8},"end":{"line":1467,"column":81}},"737":{"start":{"line":1468,"column":8},"end":{"line":1468,"column":97}},"738":{"start":{"line":1470,"column":24},"end":{"line":1470,"column":59}},"739":{"start":{"line":1472,"column":8},"end":{"line":1488,"column":9}},"740":{"start":{"line":1473,"column":12},"end":{"line":1475,"column":15}},"741":{"start":{"line":1474,"column":16},"end":{"line":1474,"column":74}},"742":{"start":{"line":1477,"column":12},"end":{"line":1477,"column":69}},"743":{"start":{"line":1478,"column":12},"end":{"line":1478,"column":71}},"744":{"start":{"line":1479,"column":12},"end":{"line":1479,"column":77}},"745":{"start":{"line":1481,"column":12},"end":{"line":1481,"column":61}},"746":{"start":{"line":1482,"column":12},"end":{"line":1482,"column":62}},"747":{"start":{"line":1485,"column":12},"end":{"line":1487,"column":13}},"748":{"start":{"line":1486,"column":16},"end":{"line":1486,"column":42}},"749":{"start":{"line":1492,"column":8},"end":{"line":1531,"column":11}},"750":{"start":{"line":1493,"column":25},"end":{"line":1493,"column":55}},"751":{"start":{"line":1495,"column":12},"end":{"line":1530,"column":35}},"752":{"start":{"line":1496,"column":16},"end":{"line":1501,"column":17}},"753":{"start":{"line":1498,"column":20},"end":{"line":1500,"column":39}},"754":{"start":{"line":1503,"column":16},"end":{"line":1506,"column":17}},"755":{"start":{"line":1504,"column":20},"end":{"line":1504,"column":96}},"756":{"start":{"line":1505,"column":20},"end":{"line":1505,"column":27}},"757":{"start":{"line":1508,"column":34},"end":{"line":1508,"column":83}},"758":{"start":{"line":1509,"column":37},"end":{"line":1509,"column":38}},"759":{"start":{"line":1511,"column":16},"end":{"line":1517,"column":19}},"760":{"start":{"line":1512,"column":20},"end":{"line":1512,"column":51}},"761":{"start":{"line":1513,"column":20},"end":{"line":1516,"column":21}},"762":{"start":{"line":1514,"column":41},"end":{"line":1514,"column":87}},"763":{"start":{"line":1515,"column":24},"end":{"line":1515,"column":51}},"764":{"start":{"line":1519,"column":16},"end":{"line":1519,"column":36}},"765":{"start":{"line":1521,"column":16},"end":{"line":1524,"column":19}},"766":{"start":{"line":1522,"column":20},"end":{"line":1522,"column":33}},"767":{"start":{"line":1523,"column":20},"end":{"line":1523,"column":30}},"768":{"start":{"line":1526,"column":16},"end":{"line":1529,"column":19}},"769":{"start":{"line":1527,"column":20},"end":{"line":1527,"column":40}},"770":{"start":{"line":1528,"column":20},"end":{"line":1528,"column":34}},"771":{"start":{"line":1535,"column":8},"end":{"line":1563,"column":9}},"772":{"start":{"line":1536,"column":26},"end":{"line":1536,"column":58}},"773":{"start":{"line":1537,"column":31},"end":{"line":1537,"column":71}},"774":{"start":{"line":1537,"column":49},"end":{"line":1537,"column":70}},"775":{"start":{"line":1539,"column":12},"end":{"line":1542,"column":13}},"776":{"start":{"line":1540,"column":16},"end":{"line":1540,"column":85}},"777":{"start":{"line":1541,"column":16},"end":{"line":1541,"column":23}},"778":{"start":{"line":1544,"column":32},"end":{"line":1551,"column":14}},"779":{"start":{"line":1553,"column":12},"end":{"line":1560,"column":13}},"780":{"start":{"line":1554,"column":16},"end":{"line":1556,"column":17}},"781":{"start":{"line":1555,"column":20},"end":{"line":1555,"column":69}},"782":{"start":{"line":1557,"column":16},"end":{"line":1557,"column":73}},"783":{"start":{"line":1559,"column":16},"end":{"line":1559,"column":53}},"784":{"start":{"line":1562,"column":12},"end":{"line":1562,"column":79}},"785":{"start":{"line":1567,"column":8},"end":{"line":1567,"column":61}},"786":{"start":{"line":1568,"column":8},"end":{"line":1568,"column":48}},"787":{"start":{"line":1570,"column":8},"end":{"line":1596,"column":9}},"788":{"start":{"line":1571,"column":26},"end":{"line":1571,"column":58}},"789":{"start":{"line":1572,"column":31},"end":{"line":1572,"column":91}},"790":{"start":{"line":1572,"column":49},"end":{"line":1572,"column":90}},"791":{"start":{"line":1574,"column":12},"end":{"line":1578,"column":13}},"792":{"start":{"line":1575,"column":16},"end":{"line":1575,"column":68}},"793":{"start":{"line":1576,"column":16},"end":{"line":1576,"column":84}},"794":{"start":{"line":1577,"column":16},"end":{"line":1577,"column":23}},"795":{"start":{"line":1580,"column":28},"end":{"line":1580,"column":29}},"796":{"start":{"line":1581,"column":12},"end":{"line":1590,"column":13}},"797":{"start":{"line":1582,"column":33},"end":{"line":1582,"column":64}},"798":{"start":{"line":1583,"column":30},"end":{"line":1583,"column":53}},"799":{"start":{"line":1584,"column":31},"end":{"line":1584,"column":55}},"800":{"start":{"line":1585,"column":16},"end":{"line":1585,"column":36}},"801":{"start":{"line":1587,"column":16},"end":{"line":1587,"column":55}},"802":{"start":{"line":1588,"column":16},"end":{"line":1588,"column":76}},"803":{"start":{"line":1589,"column":16},"end":{"line":1589,"column":92}},"804":{"start":{"line":1592,"column":12},"end":{"line":1592,"column":98}},"805":{"start":{"line":1593,"column":12},"end":{"line":1593,"column":93}},"806":{"start":{"line":1595,"column":12},"end":{"line":1595,"column":86}},"807":{"start":{"line":1600,"column":8},"end":{"line":1605,"column":9}},"808":{"start":{"line":1601,"column":26},"end":{"line":1601,"column":58}},"809":{"start":{"line":1602,"column":12},"end":{"line":1602,"column":78}},"810":{"start":{"line":1602,"column":35},"end":{"line":1602,"column":76}},"811":{"start":{"line":1604,"column":12},"end":{"line":1604,"column":25}},"812":{"start":{"line":1609,"column":8},"end":{"line":1611,"column":9}},"813":{"start":{"line":1610,"column":12},"end":{"line":1610,"column":19}},"814":{"start":{"line":1613,"column":8},"end":{"line":1684,"column":9}},"815":{"start":{"line":1615,"column":26},"end":{"line":1615,"column":58}},"816":{"start":{"line":1616,"column":30},"end":{"line":1616,"column":88}},"817":{"start":{"line":1616,"column":46},"end":{"line":1616,"column":87}},"818":{"start":{"line":1618,"column":12},"end":{"line":1620,"column":13}},"819":{"start":{"line":1619,"column":16},"end":{"line":1619,"column":105}},"820":{"start":{"line":1622,"column":30},"end":{"line":1622,"column":66}},"821":{"start":{"line":1624,"column":12},"end":{"line":1624,"column":79}},"822":{"start":{"line":1627,"column":12},"end":{"line":1679,"column":13}},"823":{"start":{"line":1628,"column":16},"end":{"line":1666,"column":17}},"824":{"start":{"line":1629,"column":34},"end":{"line":1631,"column":22}},"825":{"start":{"line":1633,"column":36},"end":{"line":1636,"column":22}},"826":{"start":{"line":1638,"column":36},"end":{"line":1640,"column":22}},"827":{"start":{"line":1642,"column":20},"end":{"line":1649,"column":22}},"828":{"start":{"line":1651,"column":20},"end":{"line":1651,"column":83}},"829":{"start":{"line":1654,"column":20},"end":{"line":1654,"column":106}},"830":{"start":{"line":1655,"column":20},"end":{"line":1655,"column":93}},"831":{"start":{"line":1658,"column":20},"end":{"line":1663,"column":22}},"832":{"start":{"line":1665,"column":20},"end":{"line":1665,"column":98}},"833":{"start":{"line":1669,"column":16},"end":{"line":1669,"column":39}},"834":{"start":{"line":1671,"column":16},"end":{"line":1676,"column":18}},"835":{"start":{"line":1678,"column":16},"end":{"line":1678,"column":97}},"836":{"start":{"line":1682,"column":12},"end":{"line":1682,"column":91}},"837":{"start":{"line":1683,"column":12},"end":{"line":1683,"column":24}},"838":{"start":{"line":1688,"column":8},"end":{"line":1690,"column":9}},"839":{"start":{"line":1689,"column":12},"end":{"line":1689,"column":40}},"840":{"start":{"line":1692,"column":8},"end":{"line":1731,"column":9}},"841":{"start":{"line":1694,"column":33},"end":{"line":1694,"column":57}},"842":{"start":{"line":1696,"column":12},"end":{"line":1721,"column":13}},"843":{"start":{"line":1697,"column":16},"end":{"line":1697,"column":89}},"844":{"start":{"line":1699,"column":40},"end":{"line":1704,"column":18}},"845":{"start":{"line":1706,"column":39},"end":{"line":1708,"column":18}},"846":{"start":{"line":1707,"column":20},"end":{"line":1707,"column":95}},"847":{"start":{"line":1707,"column":37},"end":{"line":1707,"column":86}},"848":{"start":{"line":1710,"column":31},"end":{"line":1710,"column":84}},"849":{"start":{"line":1713,"column":16},"end":{"line":1715,"column":17}},"850":{"start":{"line":1714,"column":20},"end":{"line":1714,"column":36}},"851":{"start":{"line":1717,"column":16},"end":{"line":1717,"column":39}},"852":{"start":{"line":1720,"column":16},"end":{"line":1720,"column":80}},"853":{"start":{"line":1724,"column":12},"end":{"line":1730,"column":13}},"854":{"start":{"line":1725,"column":16},"end":{"line":1725,"column":87}},"855":{"start":{"line":1726,"column":16},"end":{"line":1726,"column":38}},"856":{"start":{"line":1727,"column":16},"end":{"line":1727,"column":85}},"857":{"start":{"line":1729,"column":16},"end":{"line":1729,"column":75}},"858":{"start":{"line":1735,"column":8},"end":{"line":1737,"column":9}},"859":{"start":{"line":1736,"column":12},"end":{"line":1736,"column":40}},"860":{"start":{"line":1739,"column":8},"end":{"line":1756,"column":9}},"861":{"start":{"line":1741,"column":12},"end":{"line":1746,"column":13}},"862":{"start":{"line":1742,"column":16},"end":{"line":1742,"column":57}},"863":{"start":{"line":1745,"column":16},"end":{"line":1745,"column":63}},"864":{"start":{"line":1749,"column":12},"end":{"line":1755,"column":13}},"865":{"start":{"line":1750,"column":16},"end":{"line":1750,"column":118}},"866":{"start":{"line":1751,"column":16},"end":{"line":1751,"column":39}},"867":{"start":{"line":1752,"column":16},"end":{"line":1752,"column":69}},"868":{"start":{"line":1754,"column":16},"end":{"line":1754,"column":103}},"869":{"start":{"line":1760,"column":8},"end":{"line":1790,"column":11}},"870":{"start":{"line":1761,"column":28},"end":{"line":1763,"column":38}},"871":{"start":{"line":1762,"column":16},"end":{"line":1762,"column":71}},"872":{"start":{"line":1765,"column":12},"end":{"line":1789,"column":13}},"873":{"start":{"line":1767,"column":40},"end":{"line":1767,"column":87}},"874":{"start":{"line":1769,"column":16},"end":{"line":1769,"column":76}},"875":{"start":{"line":1771,"column":33},"end":{"line":1776,"column":18}},"876":{"start":{"line":1778,"column":16},"end":{"line":1778,"column":38}},"877":{"start":{"line":1780,"column":16},"end":{"line":1782,"column":17}},"878":{"start":{"line":1781,"column":20},"end":{"line":1781,"column":71}},"879":{"start":{"line":1784,"column":16},"end":{"line":1784,"column":41}},"880":{"start":{"line":1787,"column":16},"end":{"line":1787,"column":38}},"881":{"start":{"line":1788,"column":16},"end":{"line":1788,"column":30}},"882":{"start":{"line":1794,"column":8},"end":{"line":1796,"column":9}},"883":{"start":{"line":1795,"column":12},"end":{"line":1795,"column":40}},"884":{"start":{"line":1798,"column":8},"end":{"line":1818,"column":9}},"885":{"start":{"line":1799,"column":12},"end":{"line":1815,"column":13}},"886":{"start":{"line":1800,"column":40},"end":{"line":1800,"column":79}},"887":{"start":{"line":1802,"column":16},"end":{"line":1802,"column":84}},"888":{"start":{"line":1804,"column":33},"end":{"line":1809,"column":18}},"889":{"start":{"line":1811,"column":16},"end":{"line":1811,"column":39}},"890":{"start":{"line":1814,"column":16},"end":{"line":1814,"column":63}},"891":{"start":{"line":1817,"column":12},"end":{"line":1817,"column":83}},"892":{"start":{"line":1822,"column":8},"end":{"line":1832,"column":9}},"893":{"start":{"line":1824,"column":12},"end":{"line":1826,"column":15}},"894":{"start":{"line":1829,"column":12},"end":{"line":1831,"column":15}},"895":{"start":{"line":1836,"column":8},"end":{"line":1954,"column":11}},"896":{"start":{"line":1837,"column":28},"end":{"line":1839,"column":20}},"897":{"start":{"line":1838,"column":16},"end":{"line":1838,"column":62}},"898":{"start":{"line":1841,"column":12},"end":{"line":1953,"column":13}},"899":{"start":{"line":1842,"column":16},"end":{"line":1842,"column":38}},"900":{"start":{"line":1845,"column":34},"end":{"line":1845,"column":54}},"901":{"start":{"line":1848,"column":16},"end":{"line":1946,"column":17}},"902":{"start":{"line":1849,"column":20},"end":{"line":1849,"column":257}},"903":{"start":{"line":1850,"column":23},"end":{"line":1946,"column":17}},"904":{"start":{"line":1851,"column":20},"end":{"line":1851,"column":129}},"905":{"start":{"line":1852,"column":23},"end":{"line":1946,"column":17}},"906":{"start":{"line":1853,"column":20},"end":{"line":1853,"column":112}},"907":{"start":{"line":1857,"column":21},"end":{"line":1946,"column":17}},"908":{"start":{"line":1858,"column":30},"end":{"line":1858,"column":32}},"909":{"start":{"line":1859,"column":20},"end":{"line":1877,"column":21}},"910":{"start":{"line":1860,"column":24},"end":{"line":1860,"column":38}},"911":{"start":{"line":1861,"column":27},"end":{"line":1877,"column":21}},"912":{"start":{"line":1862,"column":24},"end":{"line":1862,"column":37}},"913":{"start":{"line":1863,"column":27},"end":{"line":1877,"column":21}},"914":{"start":{"line":1864,"column":24},"end":{"line":1864,"column":39}},"915":{"start":{"line":1865,"column":27},"end":{"line":1877,"column":21}},"916":{"start":{"line":1866,"column":24},"end":{"line":1866,"column":37}},"917":{"start":{"line":1867,"column":27},"end":{"line":1877,"column":21}},"918":{"start":{"line":1868,"column":24},"end":{"line":1868,"column":41}},"919":{"start":{"line":1869,"column":27},"end":{"line":1877,"column":21}},"920":{"start":{"line":1870,"column":24},"end":{"line":1870,"column":43}},"921":{"start":{"line":1871,"column":27},"end":{"line":1877,"column":21}},"922":{"start":{"line":1872,"column":24},"end":{"line":1872,"column":40}},"923":{"start":{"line":1875,"column":42},"end":{"line":1875,"column":72}},"924":{"start":{"line":1876,"column":24},"end":{"line":1876,"column":71}},"925":{"start":{"line":1878,"column":20},"end":{"line":1878,"column":52}},"926":{"start":{"line":1882,"column":21},"end":{"line":1946,"column":17}},"927":{"start":{"line":1883,"column":20},"end":{"line":1883,"column":51}},"928":{"start":{"line":1884,"column":23},"end":{"line":1946,"column":17}},"929":{"start":{"line":1885,"column":20},"end":{"line":1885,"column":51}},"930":{"start":{"line":1889,"column":21},"end":{"line":1946,"column":17}},"931":{"start":{"line":1890,"column":39},"end":{"line":1890,"column":110}},"932":{"start":{"line":1891,"column":20},"end":{"line":1891,"column":61}},"933":{"start":{"line":1892,"column":23},"end":{"line":1946,"column":17}},"934":{"start":{"line":1893,"column":39},"end":{"line":1893,"column":91}},"935":{"start":{"line":1894,"column":20},"end":{"line":1894,"column":61}},"936":{"start":{"line":1898,"column":21},"end":{"line":1946,"column":17}},"937":{"start":{"line":1899,"column":20},"end":{"line":1899,"column":57}},"938":{"start":{"line":1900,"column":23},"end":{"line":1946,"column":17}},"939":{"start":{"line":1901,"column":20},"end":{"line":1901,"column":55}},"940":{"start":{"line":1905,"column":21},"end":{"line":1946,"column":17}},"941":{"start":{"line":1906,"column":35},"end":{"line":1906,"column":105}},"942":{"start":{"line":1907,"column":20},"end":{"line":1907,"column":58}},"943":{"start":{"line":1908,"column":23},"end":{"line":1946,"column":17}},"944":{"start":{"line":1910,"column":37},"end":{"line":1910,"column":66}},"945":{"start":{"line":1911,"column":20},"end":{"line":1916,"column":21}},"946":{"start":{"line":1912,"column":39},"end":{"line":1912,"column":57}},"947":{"start":{"line":1913,"column":24},"end":{"line":1913,"column":58}},"948":{"start":{"line":1915,"column":24},"end":{"line":1915,"column":58}},"949":{"start":{"line":1920,"column":21},"end":{"line":1946,"column":17}},"950":{"start":{"line":1921,"column":20},"end":{"line":1921,"column":555}},"951":{"start":{"line":1925,"column":21},"end":{"line":1946,"column":17}},"952":{"start":{"line":1926,"column":20},"end":{"line":1937,"column":21}},"953":{"start":{"line":1928,"column":44},"end":{"line":1928,"column":69}},"954":{"start":{"line":1929,"column":24},"end":{"line":1929,"column":45}},"955":{"start":{"line":1932,"column":44},"end":{"line":1933,"column":96}},"956":{"start":{"line":1934,"column":43},"end":{"line":1934,"column":131}},"957":{"start":{"line":1935,"column":38},"end":{"line":1935,"column":109}},"958":{"start":{"line":1936,"column":24},"end":{"line":1936,"column":96}},"959":{"start":{"line":1938,"column":23},"end":{"line":1946,"column":17}},"960":{"start":{"line":1939,"column":20},"end":{"line":1939,"column":117}},"961":{"start":{"line":1944,"column":40},"end":{"line":1944,"column":70}},"962":{"start":{"line":1945,"column":20},"end":{"line":1945,"column":99}},"963":{"start":{"line":1948,"column":16},"end":{"line":1948,"column":38}},"964":{"start":{"line":1951,"column":16},"end":{"line":1951,"column":38}},"965":{"start":{"line":1952,"column":16},"end":{"line":1952,"column":30}},"966":{"start":{"line":1958,"column":28},"end":{"line":1958,"column":48}},"967":{"start":{"line":1961,"column":23},"end":{"line":1961,"column":31}},"968":{"start":{"line":1962,"column":23},"end":{"line":1962,"column":35}},"969":{"start":{"line":1964,"column":8},"end":{"line":1976,"column":9}},"970":{"start":{"line":1965,"column":12},"end":{"line":1965,"column":36}},"971":{"start":{"line":1966,"column":12},"end":{"line":1966,"column":36}},"972":{"start":{"line":1967,"column":15},"end":{"line":1976,"column":9}},"973":{"start":{"line":1968,"column":12},"end":{"line":1968,"column":32}},"974":{"start":{"line":1969,"column":12},"end":{"line":1969,"column":36}},"975":{"start":{"line":1970,"column":15},"end":{"line":1976,"column":9}},"976":{"start":{"line":1971,"column":12},"end":{"line":1971,"column":30}},"977":{"start":{"line":1972,"column":12},"end":{"line":1972,"column":38}},"978":{"start":{"line":1973,"column":15},"end":{"line":1976,"column":9}},"979":{"start":{"line":1974,"column":12},"end":{"line":1974,"column":29}},"980":{"start":{"line":1975,"column":12},"end":{"line":1975,"column":37}},"981":{"start":{"line":1979,"column":19},"end":{"line":1979,"column":21}},"982":{"start":{"line":1981,"column":8},"end":{"line":1996,"column":9}},"983":{"start":{"line":1982,"column":12},"end":{"line":1982,"column":63}},"984":{"start":{"line":1983,"column":15},"end":{"line":1996,"column":9}},"985":{"start":{"line":1984,"column":12},"end":{"line":1984,"column":57}},"986":{"start":{"line":1985,"column":15},"end":{"line":1996,"column":9}},"987":{"start":{"line":1986,"column":12},"end":{"line":1986,"column":57}},"988":{"start":{"line":1987,"column":15},"end":{"line":1996,"column":9}},"989":{"start":{"line":1988,"column":12},"end":{"line":1988,"column":56}},"990":{"start":{"line":1989,"column":15},"end":{"line":1996,"column":9}},"991":{"start":{"line":1990,"column":12},"end":{"line":1990,"column":54}},"992":{"start":{"line":1991,"column":15},"end":{"line":1996,"column":9}},"993":{"start":{"line":1992,"column":12},"end":{"line":1992,"column":56}},"994":{"start":{"line":1995,"column":12},"end":{"line":1995,"column":66}},"995":{"start":{"line":1998,"column":8},"end":{"line":1998,"column":47}},"996":{"start":{"line":2002,"column":8},"end":{"line":2078,"column":9}},"997":{"start":{"line":2004,"column":16},"end":{"line":2037,"column":12}},"998":{"start":{"line":2040,"column":16},"end":{"line":2074,"column":9}},"999":{"start":{"line":2077,"column":16},"end":{"line":2077,"column":67}},"1000":{"start":{"line":2082,"column":8},"end":{"line":2205,"column":9}},"1001":{"start":{"line":2084,"column":16},"end":{"line":2150,"column":12}},"1002":{"start":{"line":2153,"column":16},"end":{"line":2201,"column":9}},"1003":{"start":{"line":2204,"column":16},"end":{"line":2204,"column":61}},"1004":{"start":{"line":2209,"column":32},"end":{"line":2209,"column":100}},"1005":{"start":{"line":2211,"column":8},"end":{"line":2243,"column":9}},"1006":{"start":{"line":2213,"column":16},"end":{"line":2225,"column":12}},"1007":{"start":{"line":2228,"column":16},"end":{"line":2239,"column":9}},"1008":{"start":{"line":2242,"column":16},"end":{"line":2242,"column":70}},"1009":{"start":{"line":2247,"column":8},"end":{"line":2257,"column":9}},"1010":{"start":{"line":2248,"column":12},"end":{"line":2248,"column":39}},"1011":{"start":{"line":2249,"column":15},"end":{"line":2257,"column":9}},"1012":{"start":{"line":2250,"column":12},"end":{"line":2250,"column":58}},"1013":{"start":{"line":2251,"column":15},"end":{"line":2257,"column":9}},"1014":{"start":{"line":2252,"column":12},"end":{"line":2252,"column":47}},"1015":{"start":{"line":2253,"column":15},"end":{"line":2257,"column":9}},"1016":{"start":{"line":2254,"column":12},"end":{"line":2254,"column":56}},"1017":{"start":{"line":2256,"column":12},"end":{"line":2256,"column":125}},"1018":{"start":{"line":2261,"column":8},"end":{"line":2276,"column":9}},"1019":{"start":{"line":2262,"column":29},"end":{"line":2262,"column":60}},"1020":{"start":{"line":2264,"column":32},"end":{"line":2264,"column":73}},"1021":{"start":{"line":2265,"column":12},"end":{"line":2273,"column":13}},"1022":{"start":{"line":2266,"column":16},"end":{"line":2270,"column":18}},"1023":{"start":{"line":2272,"column":16},"end":{"line":2272,"column":72}},"1024":{"start":{"line":2275,"column":12},"end":{"line":2275,"column":82}},"1025":{"start":{"line":2280,"column":8},"end":{"line":2280,"column":75}},"1026":{"start":{"line":2282,"column":8},"end":{"line":2310,"column":9}},"1027":{"start":{"line":2286,"column":12},"end":{"line":2298,"column":13}},"1028":{"start":{"line":2287,"column":32},"end":{"line":2287,"column":78}},"1029":{"start":{"line":2288,"column":16},"end":{"line":2294,"column":17}},"1030":{"start":{"line":2289,"column":20},"end":{"line":2289,"column":81}},"1031":{"start":{"line":2290,"column":20},"end":{"line":2290,"column":56}},"1032":{"start":{"line":2292,"column":20},"end":{"line":2292,"column":76}},"1033":{"start":{"line":2293,"column":20},"end":{"line":2293,"column":87}},"1034":{"start":{"line":2297,"column":16},"end":{"line":2297,"column":83}},"1035":{"start":{"line":2301,"column":12},"end":{"line":2306,"column":13}},"1036":{"start":{"line":2302,"column":31},"end":{"line":2302,"column":76}},"1037":{"start":{"line":2303,"column":16},"end":{"line":2303,"column":49}},"1038":{"start":{"line":2305,"column":16},"end":{"line":2305,"column":89}},"1039":{"start":{"line":2309,"column":12},"end":{"line":2309,"column":84}},"1040":{"start":{"line":2315,"column":24},"end":{"line":2315,"column":49}},"1041":{"start":{"line":2317,"column":8},"end":{"line":2328,"column":9}},"1042":{"start":{"line":2318,"column":29},"end":{"line":2318,"column":85}},"1043":{"start":{"line":2319,"column":12},"end":{"line":2319,"column":50}},"1044":{"start":{"line":2320,"column":15},"end":{"line":2328,"column":9}},"1045":{"start":{"line":2321,"column":29},"end":{"line":2321,"column":71}},"1046":{"start":{"line":2322,"column":12},"end":{"line":2322,"column":61}},"1047":{"start":{"line":2322,"column":26},"end":{"line":2322,"column":61}},"1048":{"start":{"line":2323,"column":15},"end":{"line":2328,"column":9}},"1049":{"start":{"line":2324,"column":29},"end":{"line":2324,"column":67}},"1050":{"start":{"line":2325,"column":12},"end":{"line":2325,"column":67}},"1051":{"start":{"line":2325,"column":26},"end":{"line":2325,"column":67}},"1052":{"start":{"line":2326,"column":15},"end":{"line":2328,"column":9}},"1053":{"start":{"line":2327,"column":12},"end":{"line":2327,"column":41}},"1054":{"start":{"line":2330,"column":8},"end":{"line":2330,"column":41}},"1055":{"start":{"line":2334,"column":8},"end":{"line":2334,"column":61}},"1056":{"start":{"line":2337,"column":8},"end":{"line":2341,"column":9}},"1057":{"start":{"line":2338,"column":12},"end":{"line":2338,"column":47}},"1058":{"start":{"line":2339,"column":28},"end":{"line":2339,"column":70}},"1059":{"start":{"line":2340,"column":12},"end":{"line":2340,"column":60}},"1060":{"start":{"line":2343,"column":22},"end":{"line":2343,"column":26}},"1061":{"start":{"line":2345,"column":8},"end":{"line":2412,"column":9}},"1062":{"start":{"line":2347,"column":12},"end":{"line":2363,"column":13}},"1063":{"start":{"line":2348,"column":16},"end":{"line":2348,"column":103}},"1064":{"start":{"line":2350,"column":16},"end":{"line":2362,"column":17}},"1065":{"start":{"line":2351,"column":42},"end":{"line":2351,"column":80}},"1066":{"start":{"line":2352,"column":20},"end":{"line":2359,"column":21}},"1067":{"start":{"line":2353,"column":24},"end":{"line":2353,"column":70}},"1068":{"start":{"line":2354,"column":24},"end":{"line":2354,"column":31}},"1069":{"start":{"line":2356,"column":24},"end":{"line":2356,"column":78}},"1070":{"start":{"line":2361,"column":20},"end":{"line":2361,"column":88}},"1071":{"start":{"line":2366,"column":12},"end":{"line":2400,"column":13}},"1072":{"start":{"line":2367,"column":16},"end":{"line":2367,"column":82}},"1073":{"start":{"line":2367,"column":30},"end":{"line":2367,"column":82}},"1074":{"start":{"line":2369,"column":16},"end":{"line":2390,"column":17}},"1075":{"start":{"line":2370,"column":37},"end":{"line":2370,"column":65}},"1076":{"start":{"line":2371,"column":20},"end":{"line":2371,"column":58}},"1077":{"start":{"line":2372,"column":20},"end":{"line":2372,"column":35}},"1078":{"start":{"line":2375,"column":20},"end":{"line":2383,"column":21}},"1079":{"start":{"line":2376,"column":39},"end":{"line":2376,"column":78}},"1080":{"start":{"line":2377,"column":24},"end":{"line":2377,"column":57}},"1081":{"start":{"line":2378,"column":27},"end":{"line":2383,"column":21}},"1082":{"start":{"line":2379,"column":24},"end":{"line":2379,"column":61}},"1083":{"start":{"line":2382,"column":24},"end":{"line":2382,"column":66}},"1084":{"start":{"line":2385,"column":20},"end":{"line":2388,"column":21}},"1085":{"start":{"line":2386,"column":24},"end":{"line":2386,"column":66}},"1086":{"start":{"line":2387,"column":24},"end":{"line":2387,"column":39}},"1087":{"start":{"line":2389,"column":20},"end":{"line":2389,"column":41}},"1088":{"start":{"line":2393,"column":35},"end":{"line":2393,"column":61}},"1089":{"start":{"line":2394,"column":16},"end":{"line":2399,"column":17}},"1090":{"start":{"line":2395,"column":20},"end":{"line":2395,"column":80}},"1091":{"start":{"line":2397,"column":20},"end":{"line":2397,"column":90}},"1092":{"start":{"line":2398,"column":20},"end":{"line":2398,"column":113}},"1093":{"start":{"line":2403,"column":12},"end":{"line":2405,"column":13}},"1094":{"start":{"line":2404,"column":16},"end":{"line":2404,"column":58}},"1095":{"start":{"line":2407,"column":12},"end":{"line":2407,"column":83}},"1096":{"start":{"line":2411,"column":12},"end":{"line":2411,"column":112}},"1097":{"start":{"line":2417,"column":8},"end":{"line":2417,"column":36}},"1098":{"start":{"l
[...]
,"end":{"line":28,"column":73}},"16":{"start":{"line":31,"column":8},"end":{"line":31,"column":82}},"17":{"start":{"line":34,"column":4},"end":{"line":34,"column":63}},"18":{"start":{"line":35,"column":23},"end":{"line":35,"column":46}},"19":{"start":{"line":36,"column":4},"end":{"line":40,"column":5}},"20":{"start":{"line":37,"column":8},"end":{"line":37,"column":67}},"21":{"start":{"line":37,"column":35},"end":{"line":37,"column":65}},"22":{"start":{"line":39,"column":8},"end":{"line":39,"column":58}},"23":{"start":{"line":44,"column":25},"end":{"line":44,"column":60}},"24":{"start":{"line":45,"column":4},"end":{"line":47,"column":5}},"25":{"start":{"line":46,"column":8},"end":{"line":46,"column":18}},"26":{"start":{"line":48,"column":20},"end":{"line":48,"column":60}},"27":{"start":{"line":49,"column":4},"end":{"line":49,"column":72}},"28":{"start":{"line":49,"column":46},"end":{"line":49,"column":70}},"29":{"start":{"line":54,"column":0},"end":{"line":54,"column":33}}},"fnMap":{"0":{"name":"handleTodos","decl":{"start":{"line":6,"column":15},"end":{"line":6,"column":26}},"loc":{"start":{"line":6,"column":50},"end":{"line":21,"column":1}},"line":6},"1":{"name":"listTodos","decl":{"start":{"line":23,"column":15},"end":{"line":23,"column":24}},"loc":{"start":{"line":23,"column":27},"end":{"line":41,"column":1}},"line":23},"2":{"name":"(anonymous_2)","decl":{"start":{"line":27,"column":23},"end":{"line":27,"column":24}},"loc":{"start":{"line":27,"column":32},"end":{"line":29,"column":9}},"line":27},"3":{"name":"(anonymous_3)","decl":{"start":{"line":37,"column":27},"end":{"line":37,"column":28}},"loc":{"start":{"line":37,"column":35},"end":{"line":37,"column":65}},"line":37},"4":{"name":"parseLocalTodos","decl":{"start":{"line":43,"column":15},"end":{"line":43,"column":30}},"loc":{"start":{"line":43,"column":33},"end":{"line":50,"column":1}},"line":43},"5":{"name":"(anonymous_5)","decl":{"start":{"line":49,"column":38},"end":{"line":49,"column":39}},"loc":{"start":{"line":49,"column":46},"end":{"line":49,"column":70}},"line":49}},"branchMap":{"0":{"loc":{"start":{"line":6,"column":27},"end":{"line":6,"column":42}},"type":"default-arg","locations":[{"start":{"line":6,"column":36},"end":{"line":6,"column":42}}],"line":6},"1":{"loc":{"start":{"line":9,"column":4},"end":{"line":20,"column":5}},"type":"switch","locations":[{"start":{"line":10,"column":8},"end":{"line":11,"column":37}},{"start":{"line":12,"column":8},"end":{"line":13,"column":39}},{"start":{"line":14,"column":8},"end":{"line":15,"column":40}},{"start":{"line":16,"column":8},"end":{"line":17,"column":37}},{"start":{"line":18,"column":8},"end":{"line":19,"column":86}}],"line":9},"2":{"loc":{"start":{"line":36,"column":4},"end":{"line":40,"column":5}},"type":"if","locations":[{"start":{"line":36,"column":4},"end":{"line":40,"column":5}},{"start":{"line":38,"column":11},"end":{"line":40,"column":5}}],"line":36},"3":{"loc":{"start":{"line":45,"column":4},"end":{"line":47,"column":5}},"type":"if","locations":[{"start":{"line":45,"column":4},"end":{"line":47,"column":5}},{"start":{},"end":{}}],"line":45}},"s":{"0":0,"1":0,"2":0,"3":0,"4":0,"5":0,"6":0,"7":0,"8":0,"9":0,"10":0,"11":0,"12":0,"13":0,"14":0,"15":0,"16":0,"17":0,"18":0,"19":0,"20":0,"21":0,"22":0,"23":0,"24":0,"25":0,"26":0,"27":0,"28":0,"29":0},"f":{"0":0,"1":0,"2":0,"3":0,"4":0,"5":0},"b":{"0":[0],"1":[0,0,0,0,0],"2":[0,0],"3":[0,0]}}
,"/Users/hebbarp/todo-management/c9ai/src/handlers/toolHandler.js": {"path":"/Users/hebbarp/todo-management/c9ai/src/handlers/toolHandler.js","statementMap":{"0":{"start":{"line":1,"column":14},"end":{"line":1,"column":30}},"1":{"start":{"line":2,"column":17},"end":{"line":2,"column":36}},"2":{"start":{"line":3,"column":13},"end":{"line":3,"column":28}},"3":{"start":{"line":4,"column":11},"end":{"line":4,"column":30}},"4":{"start":{"line":7,"column":4},"end":{"line":18,"column":5}},"5":{"start":{"line":9,"column":12},"end":{"line":9,"column":37}},"6":{"start":{"line":11,"column":12},"end":{"line":11,"column":46}},"7":{"start":{"line":13,"column":12},"end":{"line":13,"column":50}},"8":{"start":{"line":15,"column":12},"end":{"line":15,"column":52}},"9":{"start":{"line":17,"column":12},"end":{"line":17,"column":85}},"10":{"start":{"line":22,"column":4},"end":{"line":22,"column":52}},"11":{"start":{"line":23,"column":4},"end":{"line":23,"column":44}},"12":{"start":{"line":25,"column":4},"end":{"line":25,"column":29}},"13":{"start":{"line":26,"column":4},"end":{"line":26,"column":28}},"14":{"start":{"line":30,"column":4},"end":{"line":30,"column":51}},"15":{"start":{"line":36,"column":0},"end":{"line":36,"column":33}}},"fnMap":{"0":{"name":"handleTools","decl":{"start":{"line":6,"column":15},"end":{"line":6,"column":26}},"loc":{"start":{"line":6,"column":55},"end":{"line":19,"column":1}},"line":6},"1":{"name":"listTools","decl":{"start":{"line":21,"column":15},"end":{"line":21,"column":24}},"loc":{"start":{"line":21,"column":27},"end":{"line":27,"column":1}},"line":21},"2":{"name":"listAgenticTools","decl":{"start":{"line":29,"column":15},"end":{"line":29,"column":31}},"loc":{"start":{"line":29,"column":34},"end":{"line":32,"column":1}},"line":29}},"branchMap":{"0":{"loc":{"start":{"line":6,"column":27},"end":{"line":6,"column":42}},"type":"default-arg","locations":[{"start":{"line":6,"column":36},"end":{"line":6,"column":42}}],"line":6},"1":{"loc":{"start":{"line":6,"column":44},"end":{"line":6,"column":53}},"type":"default-arg","locations":[{"start":{"line":6,"column":51},"end":{"line":6,"column":53}}],"line":6},"2":{"loc":{"start":{"line":7,"column":4},"end":{"line":18,"column":5}},"type":"switch","locations":[{"start":{"line":8,"column":8},"end":{"line":9,"column":37}},{"start":{"line":10,"column":8},"end":{"line":11,"column":46}},{"start":{"line":12,"column":8},"end":{"line":13,"column":50}},{"start":{"line":14,"column":8},"end":{"line":15,"column":52}},{"start":{"line":16,"column":8},"end":{"line":17,"column":85}}],"line":7}},"s":{"0":0,"1":0,"2":0,"3":0,"4":0,"5":0,"6":0,"7":0,"8":0,"9":0,"10":0,"11":0,"12":0,"13":0,"14":0,"15":0},"f":{"0":0,"1":0,"2":0},"b":{"0":[0],"1":[0],"2":[0,0,0,0,0]}}
,"/Users/hebbarp/todo-management/c9ai/src/models/localModel.js": {"path":"/Users/hebbarp/todo-management/c9ai/src/models/localModel.js","statementMap":{"0":{"start":{"line":1,"column":13},"end":{"line":1,"column":28}},"1":{"start":{"line":2,"column":55},"end":{"line":2,"column":80}},"2":{"start":{"line":5,"column":4},"end":{"line":18,"column":5}},"3":{"start":{"line":6,"column":26},"end":{"line":6,"column":65}},"4":{"start":{"line":7,"column":22},"end":{"line":11,"column":10}},"5":{"start":{"line":12,"column":24},"end":{"line":12,"column":51}},"6":{"start":{"line":13,"column":24},"end":{"line":13,"column":57}},"7":{"start":{"line":14,"column":8},"end":{"line":14,"column":43}},"8":{"start":{"line":16,"column":8},"end":{"line":16,"column":66}},"9":{"start":{"line":17,"column":8},"end":{"line":17,"column":20}},"10":{"start":{"line":22,"column":4},"end":{"line":30,"column":5}},"11":{"start":{"line":23,"column":25},"end":{"line":23,"column":59}},"12":{"start":{"line":24,"column":8},"end":{"line":24,"column":31}},"13":{"start":{"line":26,"column":8},"end":{"line":28,"column":9}},"14":{"start":{"line":27,"column":12},"end":{"line":27,"column":61}},"15":{"start":{"line":29,"column":8},"end":{"line":29,"column":20}},"16":{"start":{"line":33,"column":0},"end":{"line":36,"column":2}}},"fnMap":{"0":{"name":"initLocalModel","decl":{"start":{"line":4,"column":15},"end":{"line":4,"column":29}},"loc":{"start":{"line":4,"column":41},"end":{"line":19,"column":1}},"line":4},"1":{"name":"runLocalAI","decl":{"start":{"line":21,"column":15},"end":{"line":21,"column":25}},"loc":{"start":{"line":21,"column":57},"end":{"line":31,"column":1}},"line":21}},"branchMap":{"0":{"loc":{"start":{"line":21,"column":41},"end":{"line":21,"column":55}},"type":"default-arg","locations":[{"start":{"line":21,"column":54},"end":{"line":21,"column":55}}],"line":21},"1":{"loc":{"start":{"line":26,"column":8},"end":{"line":28,"column":9}},"type":"if","locations":[{"start":{"line":26,"column":8},"end":{"line":28,"column":9}},{"start":{},"end":{}}],"line":26}},"s":{"0":0,"1":0,"2":0,"3":0,"4":0,"5":0,"6":0,"7":0,"8":0,"9":0,"10":0,"11":0,"12":0,"13":0,"14":0,"15":0,"16":0},"f":{"0":0,"1":0},"b":{"0":[0],"1":[0,0]}}
,"/Users/hebbarp/todo-management/c9ai/src/utils/common.js": {"path":"/Users/hebbarp/todo-management/c9ai/src/utils/common.js","statementMap":{"0":{"start":{"line":1,"column":11},"end":{"line":1,"column":30}},"1":{"start":{"line":2,"column":13},"end":{"line":2,"column":28}},"2":{"start":{"line":5,"column":4},"end":{"line":5,"column":59}},"3":{"start":{"line":5,"column":34},"end":{"line":5,"column":57}},"4":{"start":{"line":9,"column":4},"end":{"line":9,"column":54}},"5":{"start":{"line":9,"column":37},"end":{"line":9,"column":52}},"6":{"start":{"line":13,"column":4},"end":{"line":13,"column":28}},"7":{"start":{"line":17,"column":4},"end":{"line":17,"column":54}},"8":{"start":{"line":20,"column":0},"end":{"line":25,"column":2}}},"fnMap":{"0":{"name":"sleep","decl":{"start":{"line":4,"column":15},"end":{"line":4,"column":20}},"loc":{"start":{"line":4,"column":25},"end":{"line":6,"column":1}},"line":4},"1":{"name":"(anonymous_1)","decl":{"start":{"line":5,"column":23},"end":{"line":5,"column":24}},"loc":{"start":{"line":5,"column":34},"end":{"line":5,"column":57}},"line":5},"2":{"name":"capitalizeWords","decl":{"start":{"line":8,"column":9},"end":{"line":8,"column":24}},"loc":{"start":{"line":8,"column":30},"end":{"line":10,"column":1}},"line":8},"3":{"name":"(anonymous_3)","decl":{"start":{"line":9,"column":32},"end":{"line":9,"column":33}},"loc":{"start":{"line":9,"column":37},"end":{"line":9,"column":52}},"line":9},"4":{"name":"ensureDirectoryExists","decl":{"start":{"line":12,"column":15},"end":{"line":12,"column":36}},"loc":{"start":{"line":12,"column":42},"end":{"line":14,"column":1}},"line":12},"5":{"name":"writeJsonSafe","decl":{"start":{"line":16,"column":15},"end":{"line":16,"column":28}},"loc":{"start":{"line":16,"column":45},"end":{"line":18,"column":1}},"line":16}},"branchMap":{},"s":{"0":0,"1":0,"2":0,"3":0,"4":0,"5":0,"6":0,"7":0,"8":0},"f":{"0":0,"1":0,"2":0,"3":0,"4":0,"5":0},"b":{}}
,"/Users/hebbarp/todo-management/c9ai/src/utils/config.js": {"path":"/Users/hebbarp/todo-management/c9ai/src/utils/config.js","statementMap":{"0":{"start":{"line":1,"column":11},"end":{"line":1,"column":30}},"1":{"start":{"line":2,"column":13},"end":{"line":2,"column":28}},"2":{"start":{"line":3,"column":11},"end":{"line":3,"column":24}},"3":{"start":{"line":7,"column":8},"end":{"line":7,"column":58}},"4":{"start":{"line":8,"column":8},"end":{"line":8,"column":67}},"5":{"start":{"line":9,"column":8},"end":{"line":9,"column":25}},"6":{"start":{"line":13,"column":8},"end":{"line":20,"column":9}},"7":{"start":{"line":14,"column":12},"end":{"line":16,"column":13}},"8":{"start":{"line":15,"column":16},"end":{"line":15,"column":65}},"9":{"start":{"line":18,"column":12},"end":{"line":18,"column":58}},"10":{"start":{"line":19,"column":12},"end":{"line":19,"column":29}},"11":{"start":{"line":24,"column":8},"end":{"line":28,"column":9}},"12":{"start":{"line":25,"column":12},"end":{"line":25,"column":76}},"13":{"start":{"line":27,"column":12},"end":{"line":27,"column":57}},"14":{"start":{"line":32,"column":0},"end":{"line":32,"column":37}}},"fnMap":{"0":{"name":"(anonymous_0)","decl":{"start":{"line":6,"column":4},"end":{"line":6,"column":5}},"loc":{"start":{"line":6,"column":18},"end":{"line":10,"column":5}},"line":6},"1":{"name":"(anonymous_1)","decl":{"start":{"line":12,"column":4},"end":{"line":12,"column":5}},"loc":{"start":{"line":12,"column":17},"end":{"line":21,"column":5}},"line":12},"2":{"name":"(anonymous_2)","decl":{"start":{"line":23,"column":4},"end":{"line":23,"column":5}},"loc":{"start":{"line":23,"column":17},"end":{"line":29,"column":5}},"line":23}},"branchMap":{"0":{"loc":{"start":{"line":14,"column":12},"end":{"line":16,"column":13}},"type":"if","locations":[{"start":{"line":14,"column":12},"end":{"line":16,"column":13}},{"start":{},"end":{}}],"line":14}},"s":{"0":0,"1":0,"2":0,"3":0,"4":0,"5":0,"6":0,"7":0,"8":0,"9":0,"10":0,"11":0,"12":0,"13":0,"14":0},"f":{"0":0,"1":0,"2":0},"b":{"0":[0,0]}}
,"/Users/hebbarp/todo-management/c9ai/src/utils/knowledgeBase.js": {"path":"/Users/hebbarp/todo-management/c9ai/src/utils/knowledgeBase.js","statementMap":{"0":{"start":{"line":1,"column":11},"end":{"line":1,"column":30}},"1":{"start":{"line":2,"column":13},"end":{"line":2,"column":28}},"2":{"start":{"line":3,"column":14},"end":{"line":3,"column":30}},"3":{"start":{"line":7,"column":8},"end":{"line":7,"column":25}},"4":{"start":{"line":8,"column":8},"end":{"line":8,"column":28}},"5":{"start":{"line":9,"column":8},"end":{"line":9,"column":58}},"6":{"start":{"line":10,"column":8},"end":{"line":10,"column":66}},"7":{"start":{"line":14,"column":8},"end":{"line":22,"column":9}},"8":{"start":{"line":15,"column":12},"end":{"line":19,"column":13}},"9":{"start":{"line":16,"column":29},"end":{"line":16,"column":59}},"10":{"start":{"line":17,"column":16},"end":{"line":17,"column":48}},"11":{"start":{"line":18,"column":16},"end":{"line":18,"column":54}},"12":{"start":{"line":21,"column":12},"end":{"line":21,"column":85}},"13":{"start":{"line":26,"column":8},"end":{"line":34,"column":9}},"14":{"start":{"line":27,"column":12},"end":{"line":31,"column":30}},"15":{"start":{"line":33,"column":12},"end":{"line":33,"column":84}},"16":{"start":{"line":38,"column":8},"end":{"line":41,"column":10}},"17":{"start":{"line":45,"column":8},"end":{"line":45,"column":43}},"18":{"start":{"line":49,"column":0},"end":{"line":49,"column":37}}},"fnMap":{"0":{"name":"(anonymous_0)","decl":{"start":{"line":6,"column":4},"end":{"line":6,"column":5}},"loc":{"start":{"line":6,"column":18},"end":{"line":11,"column":5}},"line":6},"1":{"name":"(anonymous_1)","decl":{"start":{"line":13,"column":4},"end":{"line":13,"column":5}},"loc":{"start":{"line":13,"column":17},"end":{"line":23,"column":5}},"line":13},"2":{"name":"(anonymous_2)","decl":{"start":{"line":25,"column":4},"end":{"line":25,"column":5}},"loc":{"start":{"line":25,"column":17},"end":{"line":35,"column":5}},"line":25},"3":{"name":"(anonymous_3)","decl":{"start":{"line":37,"column":4},"end":{"line":37,"column":5}},"loc":{"start":{"line":37,"column":29},"end":{"line":42,"column":5}},"line":37},"4":{"name":"(anonymous_4)","decl":{"start":{"line":44,"column":4},"end":{"line":44,"column":5}},"loc":{"start":{"line":44,"column":20},"end":{"line":46,"column":5}},"line":44}},"branchMap":{"0":{"loc":{"start":{"line":15,"column":12},"end":{"line":19,"column":13}},"type":"if","locations":[{"start":{"line":15,"column":12},"end":{"line":19,"column":13}},{"start":{},"end":{}}],"line":15},"1":{"loc":{"start":{"line":17,"column":30},"end":{"line":17,"column":47}},"type":"binary-expr","locations":[{"start":{"line":17,"column":30},"end":{"line":17,"column":41}},{"start":{"line":17,"column":45},"end":{"line":17,"column":47}}],"line":17},"2":{"loc":{"start":{"line":18,"column":33},"end":{"line":18,"column":53}},"type":"binary-expr","locations":[{"start":{"line":18,"column":33},"end":{"line":18,"column":47}},{"start":{"line":18,"column":51},"end":{"line":18,"column":53}}],"line":18}},"s":{"0":0,"1":0,"2":0,"3":0,"4":0,"5":0,"6":0,"7":0,"8":0,"9":0,"10":0,"11":0,"12":0,"13":0,"14":0,"15":0,"16":0,"17":0,"18":0},"f":{"0":0,"1":0,"2":0,"3":0,"4":0},"b":{"0":[0,0],"1":[0,0],"2":[0,0]}}
,"/Users/hebbarp/todo-management/c9ai/src/utils/modelUtils.js": {"path":"/Users/hebbarp/todo-management/c9ai/src/utils/modelUtils.js","statementMap":{"0":{"start":{"line":1,"column":13},"end":{"line":1,"column":28}},"1":{"start":{"line":2,"column":11},"end":{"line":2,"column":30}},"2":{"start":{"line":3,"column":14},"end":{"line":3,"column":30}},"3":{"start":{"line":4,"column":18},"end":{"line":4,"column":37}},"4":{"start":{"line":7,"column":4},"end":{"line":27,"column":7}},"5":{"start":{"line":8,"column":21},"end":{"line":8,"column":52}},"6":{"start":{"line":9,"column":8},"end":{"line":26,"column":11}},"7":{"start":{"line":10,"column":26},"end":{"line":10,"column":74}},"8":{"start":{"line":11,"column":26},"end":{"line":11,"column":27}},"9":{"start":{"line":13,"column":12},"end":{"line":16,"column":15}},"10":{"start":{"line":14,"column":16},"end":{"line":14,"column":40}},"11":{"start":{"line":15,"column":16},"end":{"line":15,"column":45}},"12":{"start":{"line":18,"column":12},"end":{"line":18,"column":32}},"13":{"start":{"line":19,"column":12},"end":{"line":22,"column":15}},"14":{"start":{"line":20,"column":16},"end":{"line":20,"column":29}},"15":{"start":{"line":21,"column":16},"end":{"line":21,"column":26}},"16":{"start":{"line":24,"column":12},"end":{"line":24,"column":33}},"17":{"start":{"line":25,"column":12},"end":{"line":25,"column":24}},"18":{"start":{"line":35,"column":23},"end":{"line":35,"column":74}},"19":{"start":{"line":36,"column":4},"end":{"line":38,"column":5}},"20":{"start":{"line":37,"column":8},"end":{"line":37,"column":45}},"21":{"start":{"line":39,"column":4},"end":{"line":39,"column":16}},"22":{"start":{"line":42,"column":0},"end":{"line":46,"column":2}}},"fnMap":{"0":{"name":"downloadModel","decl":{"start":{"line":6,"column":15},"end":{"line":6,"column":28}},"loc":{"start":{"line":6,"column":57},"end":{"line":28,"column":1}},"line":6},"1":{"name":"(anonymous_1)","decl":{"start":{"line":7,"column":23},"end":{"line":7,"column":24}},"loc":{"start":{"line":7,"column":44},"end":{"line":27,"column":5}},"line":7},"2":{"name":"(anonymous_2)","decl":{"start":{"line":9,"column":23},"end":{"line":9,"column":24}},"loc":{"start":{"line":9,"column":35},"end":{"line":23,"column":9}},"line":9},"3":{"name":"(anonymous_3)","decl":{"start":{"line":13,"column":32},"end":{"line":13,"column":33}},"loc":{"start":{"line":13,"column":41},"end":{"line":16,"column":13}},"line":13},"4":{"name":"(anonymous_4)","decl":{"start":{"line":19,"column":30},"end":{"line":19,"column":31}},"loc":{"start":{"line":19,"column":36},"end":{"line":22,"column":13}},"line":19},"5":{"name":"(anonymous_5)","decl":{"start":{"line":23,"column":23},"end":{"line":23,"column":24}},"loc":{"start":{"line":23,"column":30},"end":{"line":26,"column":9}},"line":23},"6":{"name":"validateModel","decl":{"start":{"line":30,"column":15},"end":{"line":30,"column":28}},"loc":{"start":{"line":30,"column":54},"end":{"line":32,"column":1}},"line":30},"7":{"name":"loadModelConfig","decl":{"start":{"line":34,"column":15},"end":{"line":34,"column":30}},"loc":{"start":{"line":34,"column":53},"end":{"line":40,"column":1}},"line":34}},"branchMap":{"0":{"loc":{"start":{"line":36,"column":4},"end":{"line":38,"column":5}},"type":"if","locations":[{"start":{"line":36,"column":4},"end":{"line":38,"column":5}},{"start":{},"end":{}}],"line":36}},"s":{"0":0,"1":0,"2":0,"3":0,"4":0,"5":0,"6":0,"7":0,"8":0,"9":0,"10":0,"11":0,"12":0,"13":0,"14":0,"15":0,"16":0,"17":0,"18":0,"19":0,"20":0,"21":0,"22":0},"f":{"0":0,"1":0,"2":0,"3":0,"4":0,"5":0,"6":0,"7":0},"b":{"0":[0,0]}}
,"/Users/hebbarp/todo-management/c9ai/src/utils/testRunner.js": {"path":"/Users/hebbarp/todo-management/c9ai/src/utils/testRunner.js","statementMap":{"0":{"start":{"line":1,"column":13},"end":{"line":1,"column":28}},"1":{"start":{"line":2,"column":14},"end":{"line":2,"column":30}},"2":{"start":{"line":6,"column":4},"end":{"line":9,"column":6}},"3":{"start":{"line":16,"column":0},"end":{"line":19,"column":2}}},"fnMap":{"0":{"name":"generateUnitTests","decl":{"start":{"line":4,"column":15},"end":{"line":4,"column":32}},"loc":{"start":{"line":4,"column":49},"end":{"line":10,"column":1}},"line":4},"1":{"name":"runTests","decl":{"start":{"line":12,"column":15},"end":{"line":12,"column":23}},"loc":{"start":{"line":12,"column":34},"end":{"line":14,"column":1}},"line":12}},"branchMap":{},"s":{"0":0,"1":0,"2":0,"3":0},"f":{"0":0,"1":0},"b":{}}
}
