TN:
SF:src/c9ai-core.js
FN:23,(anonymous_0)
FN:46,(anonymous_1)
FN:74,(anonymous_2)
FN:94,(anonymous_3)
FN:106,(anonymous_4)
FN:116,(anonymous_5)
FN:130,(anonymous_6)
FN:144,(anonymous_7)
FN:158,(anonymous_8)
FN:171,(anonymous_9)
FN:296,(anonymous_10)
FN:326,(anonymous_11)
FN:371,(anonymous_12)
FN:392,(anonymous_13)
FN:396,(anonymous_14)
FN:441,(anonymous_15)
FN:471,(anonymous_16)
FN:490,(anonymous_17)
FN:496,(anonymous_18)
FN:502,(anonymous_19)
FN:505,(anonymous_20)
FN:520,(anonymous_21)
FN:557,(anonymous_22)
FN:606,(anonymous_23)
FN:619,(anonymous_24)
FN:627,(anonymous_25)
FN:650,(anonymous_26)
FN:673,(anonymous_27)
FN:746,(anonymous_28)
FN:758,(anonymous_29)
FN:776,(anonymous_30)
FN:812,(anonymous_31)
FN:843,(anonymous_32)
FN:872,(anonymous_33)
FN:882,(anonymous_34)
FN:893,(anonymous_35)
FN:899,(anonymous_36)
FN:946,(anonymous_37)
FN:990,(anonymous_38)
FN:1017,(anonymous_39)
FN:1046,(anonymous_40)
FN:1060,(anonymous_41)
FN:1068,(anonymous_42)
FN:1118,(anonymous_43)
FN:1141,(anonymous_44)
FN:1185,(anonymous_45)
FN:1201,(anonymous_46)
FN:1202,(anonymous_47)
FN:1208,(anonymous_48)
FN:1215,(anonymous_49)
FN:1222,(anonymous_50)
FN:1241,(anonymous_51)
FN:1248,(anonymous_52)
FN:1251,(anonymous_53)
FN:1258,(anonymous_54)
FN:1264,(anonymous_55)
FN:1275,(anonymous_56)
FN:1276,(anonymous_57)
FN:1289,(anonymous_58)
FN:1290,(anonymous_59)
FN:1302,(anonymous_60)
FN:1303,(anonymous_61)
FN:1306,(anonymous_62)
FN:1314,(anonymous_63)
FN:1320,(anonymous_64)
FN:1343,(anonymous_65)
FN:1371,(anonymous_66)
FN:1416,(anonymous_67)
FN:1428,(anonymous_68)
FN:1473,(anonymous_69)
FN:1491,(anonymous_70)
FN:1492,(anonymous_71)
FN:1495,(anonymous_72)
FN:1511,(anonymous_73)
FN:1521,(anonymous_74)
FN:1526,(anonymous_75)
FN:1534,(anonymous_76)
FN:1537,(anonymous_77)
FN:1566,(anonymous_78)
FN:1572,(anonymous_79)
FN:1599,(anonymous_80)
FN:1602,(anonymous_81)
FN:1608,(anonymous_82)
FN:1616,(anonymous_83)
FN:1687,(anonymous_84)
FN:1706,(anonymous_85)
FN:1707,(anonymous_86)
FN:1734,(anonymous_87)
FN:1759,(anonymous_88)
FN:1760,(anonymous_89)
FN:1761,(anonymous_90)
FN:1793,(anonymous_91)
FN:1821,(anonymous_92)
FN:1835,(anonymous_93)
FN:1836,(anonymous_94)
FN:1837,(anonymous_95)
FN:1957,(anonymous_96)
FN:2001,(anonymous_97)
FN:2081,(anonymous_98)
FN:2208,(anonymous_99)
FN:2246,(anonymous_100)
FN:2260,(anonymous_101)
FN:2279,(anonymous_102)
FN:2313,(anonymous_103)
FN:2333,(anonymous_104)
FN:2415,(anonymous_105)
FN:2468,(anonymous_106)
FN:2498,(anonymous_107)
FN:2559,(anonymous_108)
FN:2570,(anonymous_109)
FN:2586,(anonymous_110)
FN:2595,(anonymous_111)
FN:2640,(anonymous_112)
FN:2711,(anonymous_113)
FN:2732,(anonymous_114)
FN:2752,(anonymous_115)
FN:2766,(anonymous_116)
FN:2808,(anonymous_117)
FN:2818,(anonymous_118)
FN:2820,(anonymous_119)
FN:2869,(anonymous_120)
FN:2888,(anonymous_121)
FN:2913,(anonymous_122)
FN:2958,(anonymous_123)
FN:2981,(anonymous_124)
FN:3021,(anonymous_125)
FN:3034,(anonymous_126)
FN:3036,(anonymous_127)
FN:3073,(anonymous_128)
FN:3113,(anonymous_129)
FN:3150,(anonymous_130)
FN:3175,(anonymous_131)
FN:3207,(anonymous_132)
FN:3248,(anonymous_133)
FN:3290,(anonymous_134)
FN:3320,(anonymous_135)
FN:3375,(anonymous_136)
FN:3404,(anonymous_137)
FN:3436,(anonymous_138)
FN:3476,(anonymous_139)
FN:3527,(anonymous_140)
FN:3547,(anonymous_141)
FN:3559,(anonymous_142)
FN:3568,(anonymous_143)
FN:3577,(anonymous_144)
FN:3586,(anonymous_145)
FN:3595,(anonymous_146)
FN:3685,(anonymous_147)
FN:3687,(anonymous_148)
FN:3691,(anonymous_149)
FN:3693,(anonymous_150)
FN:3697,(anonymous_151)
FN:3699,(anonymous_152)
FN:3703,(anonymous_153)
FN:3705,(anonymous_154)
FN:3709,(anonymous_155)
FN:3811,(anonymous_156)
FN:3825,(anonymous_157)
FN:3826,(anonymous_158)
FN:3831,(anonymous_159)
FN:3868,(anonymous_160)
FN:3873,(anonymous_161)
FN:3900,(anonymous_162)
FN:3912,(anonymous_163)
FN:3933,(anonymous_164)
FN:3984,(anonymous_165)
FN:4007,(anonymous_166)
FN:4010,(anonymous_167)
FN:4013,(anonymous_168)
FN:4045,(anonymous_169)
FN:4117,(anonymous_170)
FN:4118,(anonymous_171)
FN:4122,(anonymous_172)
FN:4137,(anonymous_173)
FN:4150,(anonymous_174)
FN:4154,(anonymous_175)
FN:4168,(anonymous_176)
FN:4171,(anonymous_177)
FN:4177,(anonymous_178)
FN:4178,(anonymous_179)
FN:4203,(anonymous_180)
FN:4235,(anonymous_181)
FNF:182
FNH:0
FNDA:0,(anonymous_0)
FNDA:0,(anonymous_1)
FNDA:0,(anonymous_2)
FNDA:0,(anonymous_3)
FNDA:0,(anonymous_4)
FNDA:0,(anonymous_5)
FNDA:0,(anonymous_6)
FNDA:0,(anonymous_7)
FNDA:0,(anonymous_8)
FNDA:0,(anonymous_9)
FNDA:0,(anonymous_10)
FNDA:0,(anonymous_11)
FNDA:0,(anonymous_12)
FNDA:0,(anonymous_13)
FNDA:0,(anonymous_14)
FNDA:0,(anonymous_15)
FNDA:0,(anonymous_16)
FNDA:0,(anonymous_17)
FNDA:0,(anonymous_18)
FNDA:0,(anonymous_19)
FNDA:0,(anonymous_20)
FNDA:0,(anonymous_21)
FNDA:0,(anonymous_22)
FNDA:0,(anonymous_23)
FNDA:0,(anonymous_24)
FNDA:0,(anonymous_25)
FNDA:0,(anonymous_26)
FNDA:0,(anonymous_27)
FNDA:0,(anonymous_28)
FNDA:0,(anonymous_29)
FNDA:0,(anonymous_30)
FNDA:0,(anonymous_31)
FNDA:0,(anonymous_32)
FNDA:0,(anonymous_33)
FNDA:0,(anonymous_34)
FNDA:0,(anonymous_35)
FNDA:0,(anonymous_36)
FNDA:0,(anonymous_37)
FNDA:0,(anonymous_38)
FNDA:0,(anonymous_39)
FNDA:0,(anonymous_40)
FNDA:0,(anonymous_41)
FNDA:0,(anonymous_42)
FNDA:0,(anonymous_43)
FNDA:0,(anonymous_44)
FNDA:0,(anonymous_45)
FNDA:0,(anonymous_46)
FNDA:0,(anonymous_47)
FNDA:0,(anonymous_48)
FNDA:0,(anonymous_49)
FNDA:0,(anonymous_50)
FNDA:0,(anonymous_51)
FNDA:0,(anonymous_52)
FNDA:0,(anonymous_53)
FNDA:0,(anonymous_54)
FNDA:0,(anonymous_55)
FNDA:0,(anonymous_56)
FNDA:0,(anonymous_57)
FNDA:0,(anonymous_58)
FNDA:0,(anonymous_59)
FNDA:0,(anonymous_60)
FNDA:0,(anonymous_61)
FNDA:0,(anonymous_62)
FNDA:0,(anonymous_63)
FNDA:0,(anonymous_64)
FNDA:0,(anonymous_65)
FNDA:0,(anonymous_66)
FNDA:0,(anonymous_67)
FNDA:0,(anonymous_68)
FNDA:0,(anonymous_69)
FNDA:0,(anonymous_70)
FNDA:0,(anonymous_71)
FNDA:0,(anonymous_72)
FNDA:0,(anonymous_73)
FNDA:0,(anonymous_74)
FNDA:0,(anonymous_75)
FNDA:0,(anonymous_76)
FNDA:0,(anonymous_77)
FNDA:0,(anonymous_78)
FNDA:0,(anonymous_79)
FNDA:0,(anonymous_80)
FNDA:0,(anonymous_81)
FNDA:0,(anonymous_82)
FNDA:0,(anonymous_83)
FNDA:0,(anonymous_84)
FNDA:0,(anonymous_85)
FNDA:0,(anonymous_86)
FNDA:0,(anonymous_87)
FNDA:0,(anonymous_88)
FNDA:0,(anonymous_89)
FNDA:0,(anonymous_90)
FNDA:0,(anonymous_91)
FNDA:0,(anonymous_92)
FNDA:0,(anonymous_93)
FNDA:0,(anonymous_94)
FNDA:0,(anonymous_95)
FNDA:0,(anonymous_96)
FNDA:0,(anonymous_97)
FNDA:0,(anonymous_98)
FNDA:0,(anonymous_99)
FNDA:0,(anonymous_100)
FNDA:0,(anonymous_101)
FNDA:0,(anonymous_102)
FNDA:0,(anonymous_103)
FNDA:0,(anonymous_104)
FNDA:0,(anonymous_105)
FNDA:0,(anonymous_106)
FNDA:0,(anonymous_107)
FNDA:0,(anonymous_108)
FNDA:0,(anonymous_109)
FNDA:0,(anonymous_110)
FNDA:0,(anonymous_111)
FNDA:0,(anonymous_112)
FNDA:0,(anonymous_113)
FNDA:0,(anonymous_114)
FNDA:0,(anonymous_115)
FNDA:0,(anonymous_116)
FNDA:0,(anonymous_117)
FNDA:0,(anonymous_118)
FNDA:0,(anonymous_119)
FNDA:0,(anonymous_120)
FNDA:0,(anonymous_121)
FNDA:0,(anonymous_122)
FNDA:0,(anonymous_123)
FNDA:0,(anonymous_124)
FNDA:0,(anonymous_125)
FNDA:0,(anonymous_126)
FNDA:0,(anonymous_127)
FNDA:0,(anonymous_128)
FNDA:0,(anonymous_129)
FNDA:0,(anonymous_130)
FNDA:0,(anonymous_131)
FNDA:0,(anonymous_132)
FNDA:0,(anonymous_133)
FNDA:0,(anonymous_134)
FNDA:0,(anonymous_135)
FNDA:0,(anonymous_136)
FNDA:0,(anonymous_137)
FNDA:0,(anonymous_138)
FNDA:0,(anonymous_139)
FNDA:0,(anonymous_140)
FNDA:0,(anonymous_141)
FNDA:0,(anonymous_142)
FNDA:0,(anonymous_143)
FNDA:0,(anonymous_144)
FNDA:0,(anonymous_145)
FNDA:0,(anonymous_146)
FNDA:0,(anonymous_147)
FNDA:0,(anonymous_148)
FNDA:0,(anonymous_149)
FNDA:0,(anonymous_150)
FNDA:0,(anonymous_151)
FNDA:0,(anonymous_152)
FNDA:0,(anonymous_153)
FNDA:0,(anonymous_154)
FNDA:0,(anonymous_155)
FNDA:0,(anonymous_156)
FNDA:0,(anonymous_157)
FNDA:0,(anonymous_158)
FNDA:0,(anonymous_159)
FNDA:0,(anonymous_160)
FNDA:0,(anonymous_161)
FNDA:0,(anonymous_162)
FNDA:0,(anonymous_163)
FNDA:0,(anonymous_164)
FNDA:0,(anonymous_165)
FNDA:0,(anonymous_166)
FNDA:0,(anonymous_167)
FNDA:0,(anonymous_168)
FNDA:0,(anonymous_169)
FNDA:0,(anonymous_170)
FNDA:0,(anonymous_171)
FNDA:0,(anonymous_172)
FNDA:0,(anonymous_173)
FNDA:0,(anonymous_174)
FNDA:0,(anonymous_175)
FNDA:0,(anonymous_176)
FNDA:0,(anonymous_177)
FNDA:0,(anonymous_178)
FNDA:0,(anonymous_179)
FNDA:0,(anonymous_180)
FNDA:0,(anonymous_181)
DA:1,0
DA:2,0
DA:3,0
DA:4,0
DA:5,0
DA:6,0
DA:7,0
DA:8,0
DA:13,0
DA:14,0
DA:15,0
DA:16,0
DA:17,0
DA:24,0
DA:25,0
DA:26,0
DA:27,0
DA:30,0
DA:31,0
DA:32,0
DA:33,0
DA:34,0
DA:35,0
DA:36,0
DA:37,0
DA:38,0
DA:39,0
DA:40,0
DA:41,0
DA:43,0
DA:47,0
DA:50,0
DA:51,0
DA:52,0
DA:53,0
DA:56,0
DA:59,0
DA:62,0
DA:65,0
DA:68,0
DA:71,0
DA:75,0
DA:76,0
DA:77,0
DA:79,0
DA:80,0
DA:81,0
DA:83,0
DA:84,0
DA:86,0
DA:90,0
DA:95,0
DA:96,0
DA:97,0
DA:98,0
DA:99,0
DA:102,0
DA:107,0
DA:108,0
DA:117,0
DA:118,0
DA:119,0
DA:120,0
DA:121,0
DA:122,0
DA:123,0
DA:126,0
DA:131,0
DA:132,0
DA:133,0
DA:134,0
DA:135,0
DA:136,0
DA:137,0
DA:140,0
DA:145,0
DA:146,0
DA:147,0
DA:148,0
DA:149,0
DA:151,0
DA:154,0
DA:159,0
DA:160,0
DA:161,0
DA:165,0
DA:167,0
DA:172,0
DA:174,0
DA:176,0
DA:177,0
DA:178,0
DA:180,0
DA:181,0
DA:182,0
DA:183,0
DA:185,0
DA:186,0
DA:187,0
DA:189,0
DA:192,0
DA:195,0
DA:199,0
DA:200,0
DA:201,0
DA:202,0
DA:204,0
DA:208,0
DA:210,0
DA:213,0
DA:215,0
DA:219,0
DA:220,0
DA:224,0
DA:225,0
DA:228,0
DA:229,0
DA:233,0
DA:235,0
DA:236,0
DA:237,0
DA:239,0
DA:240,0
DA:241,0
DA:243,0
DA:244,0
DA:245,0
DA:247,0
DA:248,0
DA:250,0
DA:251,0
DA:253,0
DA:254,0
DA:256,0
DA:257,0
DA:259,0
DA:260,0
DA:262,0
DA:263,0
DA:265,0
DA:266,0
DA:269,0
DA:270,0
DA:272,0
DA:273,0
DA:275,0
DA:276,0
DA:279,0
DA:280,0
DA:283,0
DA:284,0
DA:285,0
DA:287,0
DA:292,0
DA:297,0
DA:298,0
DA:299,0
DA:302,0
DA:304,0
DA:306,0
DA:308,0
DA:309,0
DA:310,0
DA:312,0
DA:313,0
DA:315,0
DA:316,0
DA:319,0
DA:320,0
DA:321,0
DA:322,0
DA:327,0
DA:329,0
DA:330,0
DA:332,0
DA:333,0
DA:335,0
DA:336,0
DA:338,0
DA:347,0
DA:348,0
DA:351,0
DA:352,0
DA:354,0
DA:358,0
DA:361,0
DA:362,0
DA:366,0
DA:367,0
DA:372,0
DA:379,0
DA:381,0
DA:382,0
DA:383,0
DA:386,0
DA:387,0
DA:388,0
DA:393,0
DA:397,0
DA:399,0
DA:400,0
DA:401,0
DA:404,0
DA:405,0
DA:407,0
DA:410,0
DA:411,0
DA:412,0
DA:416,0
DA:417,0
DA:418,0
DA:419,0
DA:420,0
DA:421,0
DA:423,0
DA:424,0
DA:427,0
DA:428,0
DA:429,0
DA:432,0
DA:433,0
DA:434,0
DA:436,0
DA:442,0
DA:444,0
DA:446,0
DA:447,0
DA:449,0
DA:450,0
DA:452,0
DA:453,0
DA:455,0
DA:457,0
DA:459,0
DA:460,0
DA:462,0
DA:463,0
DA:466,0
DA:467,0
DA:472,0
DA:473,0
DA:474,0
DA:475,0
DA:476,0
DA:477,0
DA:479,0
DA:480,0
DA:483,0
DA:484,0
DA:487,0
DA:488,0
DA:489,0
DA:490,0
DA:492,0
DA:497,0
DA:498,0
DA:499,0
DA:501,0
DA:502,0
DA:506,0
DA:508,0
DA:509,0
DA:510,0
DA:513,0
DA:514,0
DA:515,0
DA:516,0
DA:521,0
DA:522,0
DA:525,0
DA:526,0
DA:527,0
DA:528,0
DA:529,0
DA:531,0
DA:533,0
DA:537,0
DA:538,0
DA:539,0
DA:540,0
DA:541,0
DA:543,0
DA:544,0
DA:545,0
DA:546,0
DA:548,0
DA:550,0
DA:554,0
DA:558,0
DA:561,0
DA:562,0
DA:563,0
DA:564,0
DA:565,0
DA:567,0
DA:568,0
DA:570,0
DA:571,0
DA:572,0
DA:574,0
DA:579,0
DA:580,0
DA:581,0
DA:584,0
DA:585,0
DA:587,0
DA:588,0
DA:589,0
DA:591,0
DA:596,0
DA:597,0
DA:598,0
DA:599,0
DA:600,0
DA:602,0
DA:607,0
DA:609,0
DA:610,0
DA:611,0
DA:614,0
DA:619,0
DA:623,0
DA:625,0
DA:627,0
DA:628,0
DA:629,0
DA:630,0
DA:632,0
DA:633,0
DA:634,0
DA:636,0
DA:637,0
DA:639,0
DA:642,0
DA:644,0
DA:645,0
DA:651,0
DA:652,0
DA:653,0
DA:656,0
DA:657,0
DA:658,0
DA:660,0
DA:661,0
DA:662,0
DA:663,0
DA:664,0
DA:665,0
DA:666,0
DA:670,0
DA:674,0
DA:675,0
DA:676,0
DA:678,0
DA:680,0
DA:681,0
DA:682,0
DA:683,0
DA:685,0
DA:687,0
DA:690,0
DA:691,0
DA:693,0
DA:695,0
DA:699,0
DA:700,0
DA:702,0
DA:704,0
DA:705,0
DA:707,0
DA:708,0
DA:709,0
DA:710,0
DA:712,0
DA:713,0
DA:714,0
DA:715,0
DA:718,0
DA:721,0
DA:723,0
DA:726,0
DA:727,0
DA:728,0
DA:729,0
DA:730,0
DA:731,0
DA:733,0
DA:735,0
DA:738,0
DA:739,0
DA:740,0
DA:742,0
DA:747,0
DA:748,0
DA:750,0
DA:751,0
DA:753,0
DA:754,0
DA:759,0
DA:760,0
DA:762,0
DA:763,0
DA:764,0
DA:766,0
DA:767,0
DA:768,0
DA:770,0
DA:772,0
DA:777,0
DA:780,0
DA:781,0
DA:783,0
DA:784,0
DA:787,0
DA:788,0
DA:792,0
DA:793,0
DA:795,0
DA:796,0
DA:798,0
DA:799,0
DA:800,0
DA:802,0
DA:803,0
DA:804,0
DA:805,0
DA:806,0
DA:807,0
DA:808,0
DA:813,0
DA:814,0
DA:816,0
DA:817,0
DA:818,0
DA:821,0
DA:822,0
DA:823,0
DA:824,0
DA:826,0
DA:827,0
DA:830,0
DA:831,0
DA:832,0
DA:833,0
DA:834,0
DA:839,0
DA:840,0
DA:844,0
DA:845,0
DA:847,0
DA:848,0
DA:849,0
DA:850,0
DA:851,0
DA:852,0
DA:853,0
DA:854,0
DA:858,0
DA:859,0
DA:860,0
DA:863,0
DA:864,0
DA:866,0
DA:868,0
DA:873,0
DA:874,0
DA:876,0
DA:877,0
DA:883,0
DA:884,0
DA:885,0
DA:886,0
DA:893,0
DA:899,0
DA:914,0
DA:916,0
DA:923,0
DA:924,0
DA:927,0
DA:928,0
DA:929,0
DA:930,0
DA:938,0
DA:939,0
DA:941,0
DA:946,0
DA:963,0
DA:965,0
DA:974,0
DA:977,0
DA:979,0
DA:980,0
DA:981,0
DA:984,0
DA:985,0
DA:991,0
DA:992,0
DA:993,0
DA:996,0
DA:997,0
DA:998,0
DA:1001,0
DA:1002,0
DA:1004,0
DA:1005,0
DA:1007,0
DA:1008,0
DA:1009,0
DA:1010,0
DA:1011,0
DA:1013,0
DA:1018,0
DA:1019,0
DA:1020,0
DA:1023,0
DA:1024,0
DA:1025,0
DA:1028,0
DA:1037,0
DA:1038,0
DA:1039,0
DA:1040,0
DA:1042,0
DA:1047,0
DA:1048,0
DA:1049,0
DA:1054,0
DA:1056,0
DA:1061,0
DA:1062,0
DA:1063,0
DA:1064,0
DA:1065,0
DA:1069,0
DA:1070,0
DA:1071,0
DA:1072,0
DA:1073,0
DA:1074,0
DA:1075,0
DA:1076,0
DA:1077,0
DA:1079,0
DA:1080,0
DA:1082,0
DA:1083,0
DA:1084,0
DA:1085,0
DA:1086,0
DA:1087,0
DA:1088,0
DA:1090,0
DA:1091,0
DA:1092,0
DA:1093,0
DA:1094,0
DA:1096,0
DA:1097,0
DA:1098,0
DA:1099,0
DA:1100,0
DA:1101,0
DA:1102,0
DA:1104,0
DA:1105,0
DA:1106,0
DA:1107,0
DA:1108,0
DA:1109,0
DA:1110,0
DA:1111,0
DA:1112,0
DA:1113,0
DA:1114,0
DA:1115,0
DA:1119,0
DA:1121,0
DA:1122,0
DA:1123,0
DA:1124,0
DA:1125,0
DA:1126,0
DA:1127,0
DA:1128,0
DA:1129,0
DA:1130,0
DA:1131,0
DA:1132,0
DA:1133,0
DA:1134,0
DA:1138,0
DA:1141,0
DA:1142,0
DA:1143,0
DA:1145,0
DA:1148,0
DA:1149,0
DA:1151,0
DA:1152,0
DA:1153,0
DA:1162,0
DA:1163,0
DA:1166,0
DA:1168,0
DA:1169,0
DA:1170,0
DA:1171,0
DA:1172,0
DA:1175,0
DA:1176,0
DA:1177,0
DA:1181,0
DA:1186,0
DA:1198,0
DA:1202,0
DA:1203,0
DA:1208,0
DA:1209,0
DA:1210,0
DA:1212,0
DA:1215,0
DA:1216,0
DA:1217,0
DA:1223,0
DA:1227,0
DA:1229,0
DA:1235,0
DA:1236,0
DA:1238,0
DA:1241,0
DA:1242,0
DA:1248,0
DA:1249,0
DA:1250,0
DA:1251,0
DA:1252,0
DA:1253,0
DA:1258,0
DA:1259,0
DA:1260,0
DA:1261,0
DA:1264,0
DA:1265,0
DA:1266,0
DA:1268,0
DA:1269,0
DA:1271,0
DA:1275,0
DA:1276,0
DA:1277,0
DA:1278,0
DA:1281,0
DA:1282,0
DA:1283,0
DA:1290,0
DA:1291,0
DA:1296,0
DA:1298,0
DA:1299,0
DA:1301,0
DA:1302,0
DA:1303,0
DA:1306,0
DA:1307,0
DA:1308,0
DA:1310,0
DA:1314,0
DA:1315,0
DA:1321,0
DA:1323,0
DA:1330,0
DA:1331,0
DA:1332,0
DA:1333,0
DA:1336,0
DA:1337,0
DA:1344,0
DA:1346,0
DA:1347,0
DA:1349,0
DA:1350,0
DA:1351,0
DA:1353,0
DA:1354,0
DA:1356,0
DA:1357,0
DA:1358,0
DA:1360,0
DA:1361,0
DA:1363,0
DA:1364,0
DA:1366,0
DA:1367,0
DA:1372,0
DA:1373,0
DA:1375,0
DA:1398,0
DA:1399,0
DA:1401,0
DA:1402,0
DA:1403,0
DA:1405,0
DA:1406,0
DA:1407,0
DA:1408,0
DA:1409,0
DA:1414,0
DA:1415,0
DA:1416,0
DA:1417,0
DA:1418,0
DA:1419,0
DA:1422,0
DA:1424,0
DA:1429,0
DA:1452,0
DA:1453,0
DA:1454,0
DA:1455,0
DA:1458,0
DA:1459,0
DA:1462,0
DA:1463,0
DA:1464,0
DA:1467,0
DA:1468,0
DA:1470,0
DA:1472,0
DA:1473,0
DA:1474,0
DA:1477,0
DA:1478,0
DA:1479,0
DA:1481,0
DA:1482,0
DA:1485,0
DA:1486,0
DA:1492,0
DA:1493,0
DA:1495,0
DA:1496,0
DA:1498,0
DA:1503,0
DA:1504,0
DA:1505,0
DA:1508,0
DA:1509,0
DA:1511,0
DA:1512,0
DA:1513,0
DA:1514,0
DA:1515,0
DA:1519,0
DA:1521,0
DA:1522,0
DA:1523,0
DA:1526,0
DA:1527,0
DA:1528,0
DA:1535,0
DA:1536,0
DA:1537,0
DA:1539,0
DA:1540,0
DA:1541,0
DA:1544,0
DA:1553,0
DA:1554,0
DA:1555,0
DA:1557,0
DA:1559,0
DA:1562,0
DA:1567,0
DA:1568,0
DA:1570,0
DA:1571,0
DA:1572,0
DA:1574,0
DA:1575,0
DA:1576,0
DA:1577,0
DA:1580,0
DA:1581,0
DA:1582,0
DA:1583,0
DA:1584,0
DA:1585,0
DA:1587,0
DA:1588,0
DA:1589,0
DA:1592,0
DA:1593,0
DA:1595,0
DA:1600,0
DA:1601,0
DA:1602,0
DA:1604,0
DA:1609,0
DA:1610,0
DA:1613,0
DA:1615,0
DA:1616,0
DA:1618,0
DA:1619,0
DA:1622,0
DA:1624,0
DA:1627,0
DA:1628,0
DA:1629,0
DA:1633,0
DA:1638,0
DA:1642,0
DA:1651,0
DA:1654,0
DA:1655,0
DA:1658,0
DA:1665,0
DA:1669,0
DA:1671,0
DA:1678,0
DA:1682,0
DA:1683,0
DA:1688,0
DA:1689,0
DA:1692,0
DA:1694,0
DA:1696,0
DA:1697,0
DA:1699,0
DA:1706,0
DA:1707,0
DA:1710,0
DA:1713,0
DA:1714,0
DA:1717,0
DA:1720,0
DA:1724,0
DA:1725,0
DA:1726,0
DA:1727,0
DA:1729,0
DA:1735,0
DA:1736,0
DA:1739,0
DA:1741,0
DA:1742,0
DA:1745,0
DA:1749,0
DA:1750,0
DA:1751,0
DA:1752,0
DA:1754,0
DA:1760,0
DA:1761,0
DA:1762,0
DA:1765,0
DA:1767,0
DA:1769,0
DA:1771,0
DA:1778,0
DA:1780,0
DA:1781,0
DA:1784,0
DA:1787,0
DA:1788,0
DA:1794,0
DA:1795,0
DA:1798,0
DA:1799,0
DA:1800,0
DA:1802,0
DA:1804,0
DA:1811,0
DA:1814,0
DA:1817,0
DA:1822,0
DA:1824,0
DA:1829,0
DA:1836,0
DA:1837,0
DA:1838,0
DA:1841,0
DA:1842,0
DA:1845,0
DA:1848,0
DA:1849,0
DA:1850,0
DA:1851,0
DA:1852,0
DA:1853,0
DA:1857,0
DA:1858,0
DA:1859,0
DA:1860,0
DA:1861,0
DA:1862,0
DA:1863,0
DA:1864,0
DA:1865,0
DA:1866,0
DA:1867,0
DA:1868,0
DA:1869,0
DA:1870,0
DA:1871,0
DA:1872,0
DA:1875,0
DA:1876,0
DA:1878,0
DA:1882,0
DA:1883,0
DA:1884,0
DA:1885,0
DA:1889,0
DA:1890,0
DA:1891,0
DA:1892,0
DA:1893,0
DA:1894,0
DA:1898,0
DA:1899,0
DA:1900,0
DA:1901,0
DA:1905,0
DA:1906,0
DA:1907,0
DA:1908,0
DA:1910,0
DA:1911,0
DA:1912,0
DA:1913,0
DA:1915,0
DA:1920,0
DA:1921,0
DA:1925,0
DA:1926,0
DA:1928,0
DA:1929,0
DA:1932,0
DA:1934,0
DA:1935,0
DA:1936,0
DA:1938,0
DA:1939,0
DA:1944,0
DA:1945,0
DA:1948,0
DA:1951,0
DA:1952,0
DA:1958,0
DA:1961,0
DA:1962,0
DA:1964,0
DA:1965,0
DA:1966,0
DA:1967,0
DA:1968,0
DA:1969,0
DA:1970,0
DA:1971,0
DA:1972,0
DA:1973,0
DA:1974,0
DA:1975,0
DA:1979,0
DA:1981,0
DA:1982,0
DA:1983,0
DA:1984,0
DA:1985,0
DA:1986,0
DA:1987,0
DA:1988,0
DA:1989,0
DA:1990,0
DA:1991,0
DA:1992,0
DA:1995,0
DA:1998,0
DA:2002,0
DA:2004,0
DA:2040,0
DA:2077,0
DA:2082,0
DA:2084,0
DA:2153,0
DA:2204,0
DA:2209,0
DA:2211,0
DA:2213,0
DA:2228,0
DA:2242,0
DA:2247,0
DA:2248,0
DA:2249,0
DA:2250,0
DA:2251,0
DA:2252,0
DA:2253,0
DA:2254,0
DA:2256,0
DA:2261,0
DA:2262,0
DA:2264,0
DA:2265,0
DA:2266,0
DA:2272,0
DA:2275,0
DA:2280,0
DA:2282,0
DA:2286,0
DA:2287,0
DA:2288,0
DA:2289,0
DA:2290,0
DA:2292,0
DA:2293,0
DA:2297,0
DA:2301,0
DA:2302,0
DA:2303,0
DA:2305,0
DA:2309,0
DA:2315,0
DA:2317,0
DA:2318,0
DA:2319,0
DA:2320,0
DA:2321,0
DA:2322,0
DA:2323,0
DA:2324,0
DA:2325,0
DA:2326,0
DA:2327,0
DA:2330,0
DA:2334,0
DA:2337,0
DA:2338,0
DA:2339,0
DA:2340,0
DA:2343,0
DA:2345,0
DA:2347,0
DA:2348,0
DA:2350,0
DA:2351,0
DA:2352,0
DA:2353,0
DA:2354,0
DA:2356,0
DA:2361,0
DA:2366,0
DA:2367,0
DA:2369,0
DA:2370,0
DA:2371,0
DA:2372,0
DA:2375,0
DA:2376,0
DA:2377,0
DA:2378,0
DA:2379,0
DA:2382,0
DA:2385,0
DA:2386,0
DA:2387,0
DA:2389,0
DA:2393,0
DA:2394,0
DA:2395,0
DA:2397,0
DA:2398,0
DA:2403,0
DA:2404,0
DA:2407,0
DA:2411,0
DA:2417,0
DA:2419,0
DA:2420,0
DA:2423,0
DA:2425,0
DA:2426,0
DA:2429,0
DA:2430,0
DA:2433,0
DA:2434,0
DA:2439,0
DA:2440,0
DA:2441,0
DA:2442,0
DA:2443,0
DA:2448,0
DA:2449,0
DA:2450,0
DA:2454,0
DA:2455,0
DA:2456,0
DA:2460,0
DA:2462,0
DA:2464,0
DA:2469,0
DA:2470,0
DA:2471,0
DA:2472,0
DA:2473,0
DA:2475,0
DA:2476,0
DA:2479,0
DA:2481,0
DA:2482,0
DA:2485,0
DA:2486,0
DA:2487,0
DA:2488,0
DA:2489,0
DA:2491,0
DA:2494,0
DA:2499,0
DA:2501,0
DA:2503,0
DA:2504,0
DA:2505,0
DA:2506,0
DA:2507,0
DA:2508,0
DA:2509,0
DA:2511,0
DA:2512,0
DA:2513,0
DA:2514,0
DA:2515,0
DA:2516,0
DA:2517,0
DA:2518,0
DA:2519,0
DA:2520,0
DA:2521,0
DA:2522,0
DA:2523,0
DA:2524,0
DA:2525,0
DA:2526,0
DA:2527,0
DA:2528,0
DA:2529,0
DA:2532,0
DA:2533,0
DA:2534,0
DA:2535,0
DA:2536,0
DA:2537,0
DA:2538,0
DA:2539,0
DA:2540,0
DA:2541,0
DA:2542,0
DA:2543,0
DA:2544,0
DA:2547,0
DA:2551,0
DA:2552,0
DA:2555,0
DA:2560,0
DA:2562,0
DA:2563,0
DA:2564,0
DA:2566,0
DA:2571,0
DA:2573,0
DA:2574,0
DA:2575,0
DA:2576,0
DA:2577,0
DA:2578,0
DA:2579,0
DA:2580,0
DA:2583,0
DA:2587,0
DA:2589,0
DA:2590,0
DA:2591,0
DA:2595,0
DA:2596,0
DA:2597,0
DA:2601,0
DA:2606,0
DA:2610,0
DA:2612,0
DA:2613,0
DA:2614,0
DA:2617,0
DA:2618,0
DA:2621,0
DA:2622,0
DA:2623,0
DA:2626,0
DA:2627,0
DA:2630,0
DA:2632,0
DA:2635,0
DA:2636,0
DA:2642,0
DA:2644,0
DA:2645,0
DA:2646,0
DA:2647,0
DA:2650,0
DA:2651,0
DA:2652,0
DA:2653,0
DA:2654,0
DA:2655,0
DA:2656,0
DA:2657,0
DA:2658,0
DA:2660,0
DA:2661,0
DA:2662,0
DA:2664,0
DA:2665,0
DA:2666,0
DA:2667,0
DA:2668,0
DA:2669,0
DA:2670,0
DA:2671,0
DA:2672,0
DA:2673,0
DA:2674,0
DA:2677,0
DA:2679,0
DA:2680,0
DA:2682,0
DA:2683,0
DA:2684,0
DA:2686,0
DA:2687,0
DA:2688,0
DA:2692,0
DA:2693,0
DA:2694,0
DA:2697,0
DA:2698,0
DA:2699,0
DA:2704,0
DA:2705,0
DA:2708,0
DA:2712,0
DA:2715,0
DA:2716,0
DA:2719,0
DA:2720,0
DA:2722,0
DA:2723,0
DA:2725,0
DA:2726,0
DA:2727,0
DA:2728,0
DA:2733,0
DA:2734,0
DA:2736,0
DA:2737,0
DA:2738,0
DA:2740,0
DA:2741,0
DA:2742,0
DA:2745,0
DA:2746,0
DA:2747,0
DA:2748,0
DA:2749,0
DA:2751,0
DA:2752,0
DA:2753,0
DA:2757,0
DA:2758,0
DA:2761,0
DA:2762,0
DA:2767,0
DA:2768,0
DA:2769,0
DA:2772,0
DA:2773,0
DA:2775,0
DA:2776,0
DA:2777,0
DA:2779,0
DA:2780,0
DA:2783,0
DA:2785,0
DA:2786,0
DA:2787,0
DA:2789,0
DA:2798,0
DA:2799,0
DA:2800,0
DA:2802,0
DA:2805,0
DA:2806,0
DA:2807,0
DA:2808,0
DA:2809,0
DA:2814,0
DA:2819,0
DA:2820,0
DA:2821,0
DA:2822,0
DA:2825,0
DA:2840,0
DA:2841,0
DA:2843,0
DA:2844,0
DA:2847,0
DA:2848,0
DA:2849,0
DA:2850,0
DA:2852,0
DA:2853,0
DA:2857,0
DA:2861,0
DA:2864,0
DA:2865,0
DA:2870,0
DA:2872,0
DA:2873,0
DA:2874,0
DA:2875,0
DA:2876,0
DA:2877,0
DA:2878,0
DA:2879,0
DA:2880,0
DA:2881,0
DA:2882,0
DA:2885,0
DA:2889,0
DA:2890,0
DA:2892,0
DA:2893,0
DA:2895,0
DA:2896,0
DA:2898,0
DA:2899,0
DA:2901,0
DA:2902,0
DA:2905,0
DA:2906,0
DA:2907,0
DA:2910,0
DA:2914,0
DA:2915,0
DA:2917,0
DA:2918,0
DA:2919,0
DA:2921,0
DA:2922,0
DA:2923,0
DA:2926,0
DA:2928,0
DA:2929,0
DA:2931,0
DA:2933,0
DA:2934,0
DA:2935,0
DA:2937,0
DA:2938,0
DA:2939,0
DA:2941,0
DA:2944,0
DA:2948,0
DA:2951,0
DA:2954,0
DA:2959,0
DA:2960,0
DA:2961,0
DA:2962,0
DA:2963,0
DA:2964,0
DA:2965,0
DA:2968,0
DA:2969,0
DA:2970,0
DA:2972,0
DA:2973,0
DA:2974,0
DA:2976,0
DA:2978,0
DA:2979,0
DA:2980,0
DA:2981,0
DA:2982,0
DA:2986,0
DA:2987,0
DA:2988,0
DA:2990,0
DA:2991,0
DA:2993,0
DA:2994,0
DA:2995,0
DA:2996,0
DA:2998,0
DA:3001,0
DA:3004,0
DA:3007,0
DA:3011,0
DA:3012,0
DA:3014,0
DA:3015,0
DA:3016,0
DA:3018,0
DA:3019,0
DA:3020,0
DA:3021,0
DA:3022,0
DA:3027,0
DA:3029,0
DA:3030,0
DA:3035,0
DA:3036,0
DA:3037,0
DA:3038,0
DA:3041,0
DA:3053,0
DA:3054,0
DA:3056,0
DA:3057,0
DA:3058,0
DA:3059,0
DA:3062,0
DA:3066,0
DA:3069,0
DA:3074,0
DA:3075,0
DA:3077,0
DA:3078,0
DA:3084,0
DA:3085,0
DA:3091,0
DA:3092,0
DA:3099,0
DA:3107,0
DA:3114,0
DA:3116,0
DA:3118,0
DA:3119,0
DA:3120,0
DA:3121,0
DA:3122,0
DA:3123,0
DA:3124,0
DA:3125,0
DA:3126,0
DA:3127,0
DA:3128,0
DA:3129,0
DA:3130,0
DA:3131,0
DA:3132,0
DA:3133,0
DA:3134,0
DA:3135,0
DA:3136,0
DA:3139,0
DA:3140,0
DA:3141,0
DA:3145,0
DA:3146,0
DA:3152,0
DA:3154,0
DA:3155,0
DA:3160,0
DA:3161,0
DA:3167,0
DA:3176,0
DA:3177,0
DA:3178,0
DA:3181,0
DA:3184,0
DA:3187,0
DA:3188,0
DA:3189,0
DA:3190,0
DA:3192,0
DA:3196,0
DA:3197,0
DA:3201,0
DA:3202,0
DA:3203,0
DA:3207,0
DA:3208,0
DA:3209,0
DA:3213,0
DA:3214,0
DA:3215,0
DA:3216,0
DA:3217,0
DA:3218,0
DA:3222,0
DA:3223,0
DA:3224,0
DA:3227,0
DA:3229,0
DA:3230,0
DA:3233,0
DA:3236,0
DA:3239,0
DA:3242,0
DA:3244,0
DA:3249,0
DA:3252,0
DA:3253,0
DA:3254,0
DA:3255,0
DA:3256,0
DA:3257,0
DA:3258,0
DA:3260,0
DA:3266,0
DA:3267,0
DA:3268,0
DA:3269,0
DA:3270,0
DA:3271,0
DA:3272,0
DA:3273,0
DA:3275,0
DA:3281,0
DA:3282,0
DA:3283,0
DA:3284,0
DA:3286,0
DA:3291,0
DA:3292,0
DA:3293,0
DA:3297,0
DA:3298,0
DA:3299,0
DA:3301,0
DA:3302,0
DA:3306,0
DA:3307,0
DA:3308,0
DA:3309,0
DA:3310,0
DA:3311,0
DA:3321,0
DA:3322,0
DA:3323,0
DA:3327,0
DA:3328,0
DA:3329,0
DA:3331,0
DA:3332,0
DA:3335,0
DA:3342,0
DA:3343,0
DA:3344,0
DA:3345,0
DA:3346,0
DA:3347,0
DA:3348,0
DA:3349,0
DA:3352,0
DA:3353,0
DA:3355,0
DA:3357,0
DA:3358,0
DA:3359,0
DA:3360,0
DA:3363,0
DA:3368,0
DA:3376,0
DA:3379,0
DA:3397,0
DA:3398,0
DA:3401,0
DA:3405,0
DA:3407,0
DA:3409,0
DA:3411,0
DA:3414,0
DA:3417,0
DA:3419,0
DA:3420,0
DA:3423,0
DA:3424,0
DA:3427,0
DA:3430,0
DA:3431,0
DA:3432,0
DA:3437,0
DA:3438,0
DA:3441,0
DA:3444,0
DA:3445,0
DA:3459,0
DA:3460,0
DA:3461,0
DA:3463,0
DA:3468,0
DA:3471,0
DA:3472,0
DA:3477,0
DA:3478,0
DA:3482,0
DA:3484,0
DA:3492,0
DA:3495,0
DA:3510,0
DA:3513,0
DA:3524,0
DA:3528,0
DA:3529,0
DA:3531,0
DA:3538,0
DA:3539,0
DA:3542,0
DA:3543,0
DA:3548,0
DA:3560,0
DA:3561,0
DA:3562,0
DA:3564,0
DA:3569,0
DA:3570,0
DA:3571,0
DA:3573,0
DA:3578,0
DA:3579,0
DA:3580,0
DA:3582,0
DA:3587,0
DA:3588,0
DA:3589,0
DA:3591,0
DA:3596,0
DA:3597,0
DA:3599,0
DA:3682,0
DA:3686,0
DA:3687,0
DA:3688,0
DA:3692,0
DA:3693,0
DA:3694,0
DA:3698,0
DA:3699,0
DA:3700,0
DA:3704,0
DA:3705,0
DA:3706,0
DA:3710,0
DA:3711,0
DA:3713,0
DA:3808,0
DA:3812,0
DA:3817,0
DA:3818,0
DA:3821,0
DA:3822,0
DA:3826,0
DA:3827,0
DA:3832,0
DA:3835,0
DA:3851,0
DA:3868,0
DA:3869,0
DA:3873,0
DA:3874,0
DA:3878,0
DA:3879,0
DA:3880,0
DA:3881,0
DA:3884,0
DA:3887,0
DA:3888,0
DA:3892,0
DA:3893,0
DA:3897,0
DA:3901,0
DA:3903,0
DA:3904,0
DA:3907,0
DA:3908,0
DA:3909,0
DA:3911,0
DA:3912,0
DA:3913,0
DA:3914,0
DA:3918,0
DA:3921,0
DA:3922,0
DA:3923,0
DA:3924,0
DA:3926,0
DA:3929,0
DA:3935,0
DA:3936,0
DA:3937,0
DA:3938,0
DA:3939,0
DA:3944,0
DA:3945,0
DA:3946,0
DA:3947,0
DA:3950,0
DA:3951,0
DA:3952,0
DA:3954,0
DA:3955,0
DA:3956,0
DA:3959,0
DA:3960,0
DA:3961,0
DA:3964,0
DA:3969,0
DA:3970,0
DA:3974,0
DA:3975,0
DA:3978,0
DA:3979,0
DA:3985,0
DA:3988,0
DA:3989,0
DA:3992,0
DA:3993,0
DA:3996,0
DA:3997,0
DA:4000,0
DA:4001,0
DA:4004,0
DA:4008,0
DA:4009,0
DA:4010,0
DA:4014,0
DA:4015,0
DA:4018,0
DA:4020,0
DA:4026,0
DA:4027,0
DA:4034,0
DA:4037,0
DA:4041,0
DA:4046,0
DA:4049,0
DA:4050,0
DA:4054,0
DA:4055,0
DA:4059,0
DA:4060,0
DA:4064,0
DA:4065,0
DA:4066,0
DA:4067,0
DA:4068,0
DA:4069,0
DA:4070,0
DA:4072,0
DA:4076,0
DA:4077,0
DA:4078,0
DA:4080,0
DA:4081,0
DA:4084,0
DA:4088,0
DA:4089,0
DA:4093,0
DA:4094,0
DA:4098,0
DA:4099,0
DA:4103,0
DA:4104,0
DA:4108,0
DA:4109,0
DA:4113,0
DA:4118,0
DA:4124,0
DA:4127,0
DA:4130,0
DA:4133,0
DA:4135,0
DA:4136,0
DA:4137,0
DA:4138,0
DA:4142,0
DA:4143,0
DA:4146,0
DA:4151,0
DA:4154,0
DA:4155,0
DA:4156,0
DA:4158,0
DA:4159,0
DA:4168,0
DA:4172,0
DA:4173,0
DA:4174,0
DA:4177,0
DA:4178,0
DA:4179,0
DA:4184,0
DA:4185,0
DA:4186,0
DA:4187,0
DA:4188,0
DA:4189,0
DA:4190,0
DA:4193,0
DA:4195,0
DA:4196,0
DA:4200,0
DA:4205,0
DA:4213,0
DA:4215,0
DA:4216,0
DA:4217,0
DA:4218,0
DA:4221,0
DA:4224,0
DA:4225,0
DA:4228,0
DA:4231,0
DA:4237,0
DA:4244,0
DA:4248,0
LF:1826
LH:0
BRDA:47,0,0,0
BRDA:47,0,1,0
BRDA:83,1,0,0
BRDA:83,1,1,0
BRDA:97,2,0,0
BRDA:97,2,1,0
BRDA:99,3,0,0
BRDA:99,3,1,0
BRDA:119,4,0,0
BRDA:119,4,1,0
BRDA:133,5,0,0
BRDA:133,5,1,0
BRDA:147,6,0,0
BRDA:147,6,1,0
BRDA:176,7,0,0
BRDA:176,7,1,0
BRDA:178,8,0,0
BRDA:178,8,1,0
BRDA:180,9,0,0
BRDA:180,9,1,0
BRDA:182,10,0,0
BRDA:182,10,1,0
BRDA:182,11,0,0
BRDA:182,11,1,0
BRDA:199,12,0,0
BRDA:199,12,1,0
BRDA:204,13,0,0
BRDA:204,13,1,0
BRDA:204,13,2,0
BRDA:204,13,3,0
BRDA:204,13,4,0
BRDA:204,13,5,0
BRDA:204,13,6,0
BRDA:204,13,7,0
BRDA:208,14,0,0
BRDA:208,14,1,0
BRDA:219,15,0,0
BRDA:219,15,1,0
BRDA:233,16,0,0
BRDA:233,16,1,0
BRDA:233,16,2,0
BRDA:233,16,3,0
BRDA:233,16,4,0
BRDA:233,16,5,0
BRDA:233,16,6,0
BRDA:233,16,7,0
BRDA:233,16,8,0
BRDA:233,16,9,0
BRDA:233,16,10,0
BRDA:233,16,11,0
BRDA:233,16,12,0
BRDA:233,16,13,0
BRDA:233,16,14,0
BRDA:233,16,15,0
BRDA:233,16,16,0
BRDA:283,17,0,0
BRDA:283,17,1,0
BRDA:283,18,0,0
BRDA:283,18,1,0
BRDA:284,19,0,0
BRDA:284,19,1,0
BRDA:296,20,0,0
BRDA:297,21,0,0
BRDA:297,21,1,0
BRDA:308,22,0,0
BRDA:308,22,1,0
BRDA:322,23,0,0
BRDA:322,23,1,0
BRDA:335,24,0,0
BRDA:335,24,1,0
BRDA:351,25,0,0
BRDA:351,25,1,0
BRDA:386,26,0,0
BRDA:386,26,1,0
BRDA:399,27,0,0
BRDA:399,27,1,0
BRDA:410,28,0,0
BRDA:410,28,1,0
BRDA:418,29,0,0
BRDA:418,29,1,0
BRDA:419,30,0,0
BRDA:419,30,1,0
BRDA:427,31,0,0
BRDA:427,31,1,0
BRDA:433,32,0,0
BRDA:433,32,1,0
BRDA:441,33,0,0
BRDA:444,34,0,0
BRDA:444,34,1,0
BRDA:444,34,2,0
BRDA:444,34,3,0
BRDA:444,34,4,0
BRDA:444,34,5,0
BRDA:452,35,0,0
BRDA:452,35,1,0
BRDA:452,36,0,0
BRDA:452,36,1,0
BRDA:475,37,0,0
BRDA:475,37,1,0
BRDA:477,38,0,0
BRDA:477,38,1,0
BRDA:480,39,0,0
BRDA:480,39,1,0
BRDA:489,40,0,0
BRDA:489,40,1,0
BRDA:498,41,0,0
BRDA:498,41,1,0
BRDA:508,42,0,0
BRDA:508,42,1,0
BRDA:525,43,0,0
BRDA:525,43,1,0
BRDA:538,44,0,0
BRDA:538,44,1,0
BRDA:561,45,0,0
BRDA:561,45,1,0
BRDA:561,46,0,0
BRDA:561,46,1,0
BRDA:579,47,0,0
BRDA:579,47,1,0
BRDA:579,48,0,0
BRDA:579,48,1,0
BRDA:609,49,0,0
BRDA:609,49,1,0
BRDA:628,50,0,0
BRDA:628,50,1,0
BRDA:652,51,0,0
BRDA:652,51,1,0
BRDA:662,52,0,0
BRDA:662,52,1,0
BRDA:678,53,0,0
BRDA:678,53,1,0
BRDA:678,53,2,0
BRDA:678,53,3,0
BRDA:678,53,4,0
BRDA:680,54,0,0
BRDA:680,54,1,0
BRDA:682,55,0,0
BRDA:682,55,1,0
BRDA:690,56,0,0
BRDA:690,56,1,0
BRDA:700,57,0,0
BRDA:700,57,1,0
BRDA:702,58,0,0
BRDA:702,58,1,0
BRDA:704,59,0,0
BRDA:704,59,1,0
BRDA:708,60,0,0
BRDA:708,60,1,0
BRDA:708,61,0,0
BRDA:708,61,1,0
BRDA:710,62,0,0
BRDA:710,62,1,0
BRDA:712,63,0,0
BRDA:712,63,1,0
BRDA:714,64,0,0
BRDA:714,64,1,0
BRDA:728,65,0,0
BRDA:728,65,1,0
BRDA:730,66,0,0
BRDA:730,66,1,0
BRDA:738,67,0,0
BRDA:738,67,1,0
BRDA:776,68,0,0
BRDA:776,69,0,0
BRDA:777,70,0,0
BRDA:777,70,1,0
BRDA:777,70,2,0
BRDA:777,70,3,0
BRDA:777,70,4,0
BRDA:777,70,5,0
BRDA:777,70,6,0
BRDA:777,70,7,0
BRDA:777,70,8,0
BRDA:777,70,9,0
BRDA:777,70,10,0
BRDA:816,71,0,0
BRDA:816,71,1,0
BRDA:826,72,0,0
BRDA:826,72,1,0
BRDA:826,73,0,0
BRDA:826,73,1,0
BRDA:830,74,0,0
BRDA:830,74,1,0
BRDA:830,75,0,0
BRDA:830,75,1,0
BRDA:833,76,0,0
BRDA:833,76,1,0
BRDA:853,77,0,0
BRDA:853,77,1,0
BRDA:853,78,0,0
BRDA:853,78,1,0
BRDA:858,79,0,0
BRDA:858,79,1,0
BRDA:883,80,0,0
BRDA:883,80,1,0
BRDA:884,81,0,0
BRDA:884,81,1,0
BRDA:885,82,0,0
BRDA:885,82,1,0
BRDA:893,83,0,0
BRDA:893,83,1,0
BRDA:899,84,0,0
BRDA:899,84,1,0
BRDA:923,85,0,0
BRDA:923,85,1,0
BRDA:927,86,0,0
BRDA:927,86,1,0
BRDA:939,87,0,0
BRDA:939,87,1,0
BRDA:946,88,0,0
BRDA:946,88,1,0
BRDA:984,89,0,0
BRDA:984,89,1,0
BRDA:991,90,0,0
BRDA:991,90,1,0
BRDA:996,91,0,0
BRDA:996,91,1,0
BRDA:1007,92,0,0
BRDA:1007,92,1,0
BRDA:1018,93,0,0
BRDA:1018,93,1,0
BRDA:1023,94,0,0
BRDA:1023,94,1,0
BRDA:1037,95,0,0
BRDA:1037,95,1,0
BRDA:1121,96,0,0
BRDA:1121,96,1,0
BRDA:1121,97,0,0
BRDA:1121,97,1,0
BRDA:1138,98,0,0
BRDA:1138,98,1,0
BRDA:1142,99,0,0
BRDA:1142,99,1,0
BRDA:1209,100,0,0
BRDA:1209,100,1,0
BRDA:1222,101,0,0
BRDA:1227,102,0,0
BRDA:1227,102,1,0
BRDA:1229,103,0,0
BRDA:1229,103,1,0
BRDA:1235,104,0,0
BRDA:1235,104,1,0
BRDA:1252,105,0,0
BRDA:1252,105,1,0
BRDA:1268,106,0,0
BRDA:1268,106,1,0
BRDA:1268,107,0,0
BRDA:1268,107,1,0
BRDA:1281,108,0,0
BRDA:1281,108,1,0
BRDA:1289,109,0,0
BRDA:1293,110,0,0
BRDA:1293,110,1,0
BRDA:1301,111,0,0
BRDA:1301,111,1,0
BRDA:1307,112,0,0
BRDA:1307,112,1,0
BRDA:1310,113,0,0
BRDA:1310,113,1,0
BRDA:1332,114,0,0
BRDA:1332,114,1,0
BRDA:1343,115,0,0
BRDA:1344,116,0,0
BRDA:1344,116,1,0
BRDA:1344,116,2,0
BRDA:1344,116,3,0
BRDA:1344,116,4,0
BRDA:1349,117,0,0
BRDA:1349,117,1,0
BRDA:1356,118,0,0
BRDA:1356,118,1,0
BRDA:1402,119,0,0
BRDA:1402,119,1,0
BRDA:1406,120,0,0
BRDA:1406,120,1,0
BRDA:1406,121,0,0
BRDA:1406,121,1,0
BRDA:1417,122,0,0
BRDA:1417,122,1,0
BRDA:1452,123,0,0
BRDA:1452,123,1,0
BRDA:1462,124,0,0
BRDA:1462,124,1,0
BRDA:1485,125,0,0
BRDA:1485,125,1,0
BRDA:1496,126,0,0
BRDA:1496,126,1,0
BRDA:1496,127,0,0
BRDA:1496,127,1,0
BRDA:1503,128,0,0
BRDA:1503,128,1,0
BRDA:1508,129,0,0
BRDA:1508,129,1,0
BRDA:1513,130,0,0
BRDA:1513,130,1,0
BRDA:1513,131,0,0
BRDA:1513,131,1,0
BRDA:1539,132,0,0
BRDA:1539,132,1,0
BRDA:1553,133,0,0
BRDA:1553,133,1,0
BRDA:1572,134,0,0
BRDA:1572,134,1,0
BRDA:1574,135,0,0
BRDA:1574,135,1,0
BRDA:1602,136,0,0
BRDA:1602,136,1,0
BRDA:1609,137,0,0
BRDA:1609,137,1,0
BRDA:1609,138,0,0
BRDA:1609,138,1,0
BRDA:1616,139,0,0
BRDA:1616,139,1,0
BRDA:1618,140,0,0
BRDA:1618,140,1,0
BRDA:1627,141,0,0
BRDA:1627,141,1,0
BRDA:1687,142,0,0
BRDA:1688,143,0,0
BRDA:1688,143,1,0
BRDA:1688,144,0,0
BRDA:1688,144,1,0
BRDA:1696,145,0,0
BRDA:1696,145,1,0
BRDA:1696,146,0,0
BRDA:1696,146,1,0
BRDA:1696,146,2,0
BRDA:1696,146,3,0
BRDA:1713,147,0,0
BRDA:1713,147,1,0
BRDA:1713,148,0,0
BRDA:1713,148,1,0
BRDA:1724,149,0,0
BRDA:1724,149,1,0
BRDA:1734,150,0,0
BRDA:1735,151,0,0
BRDA:1735,151,1,0
BRDA:1735,152,0,0
BRDA:1735,152,1,0
BRDA:1741,153,0,0
BRDA:1741,153,1,0
BRDA:1741,154,0,0
BRDA:1741,154,1,0
BRDA:1749,155,0,0
BRDA:1749,155,1,0
BRDA:1780,156,0,0
BRDA:1780,156,1,0
BRDA:1780,157,0,0
BRDA:1780,157,1,0
BRDA:1794,158,0,0
BRDA:1794,158,1,0
BRDA:1794,159,0,0
BRDA:1794,159,1,0
BRDA:1799,160,0,0
BRDA:1799,160,1,0
BRDA:1799,161,0,0
BRDA:1799,161,1,0
BRDA:1821,162,0,0
BRDA:1822,163,0,0
BRDA:1822,163,1,0
BRDA:1848,164,0,0
BRDA:1848,164,1,0
BRDA:1850,165,0,0
BRDA:1850,165,1,0
BRDA:1852,166,0,0
BRDA:1852,166,1,0
BRDA:1852,167,0,0
BRDA:1852,167,1,0
BRDA:1857,168,0,0
BRDA:1857,168,1,0
BRDA:1859,169,0,0
BRDA:1859,169,1,0
BRDA:1859,170,0,0
BRDA:1859,170,1,0
BRDA:1861,171,0,0
BRDA:1861,171,1,0
BRDA:1861,172,0,0
BRDA:1861,172,1,0
BRDA:1863,173,0,0
BRDA:1863,173,1,0
BRDA:1863,174,0,0
BRDA:1863,174,1,0
BRDA:1863,174,2,0
BRDA:1865,175,0,0
BRDA:1865,175,1,0
BRDA:1865,176,0,0
BRDA:1865,176,1,0
BRDA:1865,176,2,0
BRDA:1867,177,0,0
BRDA:1867,177,1,0
BRDA:1867,178,0,0
BRDA:1867,178,1,0
BRDA:1869,179,0,0
BRDA:1869,179,1,0
BRDA:1869,180,0,0
BRDA:1869,180,1,0
BRDA:1871,181,0,0
BRDA:1871,181,1,0
BRDA:1871,182,0,0
BRDA:1871,182,1,0
BRDA:1876,183,0,0
BRDA:1876,183,1,0
BRDA:1882,184,0,0
BRDA:1882,184,1,0
BRDA:1882,185,0,0
BRDA:1882,185,1,0
BRDA:1882,185,2,0
BRDA:1882,185,3,0
BRDA:1884,186,0,0
BRDA:1884,186,1,0
BRDA:1884,187,0,0
BRDA:1884,187,1,0
BRDA:1884,187,2,0
BRDA:1889,188,0,0
BRDA:1889,188,1,0
BRDA:1890,189,0,0
BRDA:1890,189,1,0
BRDA:1892,190,0,0
BRDA:1892,190,1,0
BRDA:1892,191,0,0
BRDA:1892,191,1,0
BRDA:1893,192,0,0
BRDA:1893,192,1,0
BRDA:1898,193,0,0
BRDA:1898,193,1,0
BRDA:1898,194,0,0
BRDA:1898,194,1,0
BRDA:1900,195,0,0
BRDA:1900,195,1,0
BRDA:1900,196,0,0
BRDA:1900,196,1,0
BRDA:1905,197,0,0
BRDA:1905,197,1,0
BRDA:1905,198,0,0
BRDA:1905,198,1,0
BRDA:1906,199,0,0
BRDA:1906,199,1,0
BRDA:1908,200,0,0
BRDA:1908,200,1,0
BRDA:1911,201,0,0
BRDA:1911,201,1,0
BRDA:1920,202,0,0
BRDA:1920,202,1,0
BRDA:1925,203,0,0
BRDA:1925,203,1,0
BRDA:1925,204,0,0
BRDA:1925,204,1,0
BRDA:1925,204,2,0
BRDA:1926,205,0,0
BRDA:1926,205,1,0
BRDA:1926,206,0,0
BRDA:1926,206,1,0
BRDA:1926,206,2,0
BRDA:1932,207,0,0
BRDA:1932,207,1,0
BRDA:1933,208,0,0
BRDA:1933,208,1,0
BRDA:1934,209,0,0
BRDA:1934,209,1,0
BRDA:1935,210,0,0
BRDA:1935,210,1,0
BRDA:1938,211,0,0
BRDA:1938,211,1,0
BRDA:1938,212,0,0
BRDA:1938,212,1,0
BRDA:1938,212,2,0
BRDA:1964,213,0,0
BRDA:1964,213,1,0
BRDA:1964,214,0,0
BRDA:1964,214,1,0
BRDA:1967,215,0,0
BRDA:1967,215,1,0
BRDA:1967,216,0,0
BRDA:1967,216,1,0
BRDA:1970,217,0,0
BRDA:1970,217,1,0
BRDA:1973,218,0,0
BRDA:1973,218,1,0
BRDA:1973,219,0,0
BRDA:1973,219,1,0
BRDA:1981,220,0,0
BRDA:1981,220,1,0
BRDA:1983,221,0,0
BRDA:1983,221,1,0
BRDA:1985,222,0,0
BRDA:1985,222,1,0
BRDA:1987,223,0,0
BRDA:1987,223,1,0
BRDA:1989,224,0,0
BRDA:1989,224,1,0
BRDA:1989,225,0,0
BRDA:1989,225,1,0
BRDA:1991,226,0,0
BRDA:1991,226,1,0
BRDA:2002,227,0,0
BRDA:2002,227,1,0
BRDA:2002,227,2,0
BRDA:2082,228,0,0
BRDA:2082,228,1,0
BRDA:2082,228,2,0
BRDA:2211,229,0,0
BRDA:2211,229,1,0
BRDA:2211,229,2,0
BRDA:2213,230,0,0
BRDA:2213,230,1,0
BRDA:2216,231,0,0
BRDA:2216,231,1,0
BRDA:2219,232,0,0
BRDA:2219,232,1,0
BRDA:2228,233,0,0
BRDA:2228,233,1,0
BRDA:2231,234,0,0
BRDA:2231,234,1,0
BRDA:2234,235,0,0
BRDA:2234,235,1,0
BRDA:2247,236,0,0
BRDA:2247,236,1,0
BRDA:2247,237,0,0
BRDA:2247,237,1,0
BRDA:2249,238,0,0
BRDA:2249,238,1,0
BRDA:2249,239,0,0
BRDA:2249,239,1,0
BRDA:2251,240,0,0
BRDA:2251,240,1,0
BRDA:2251,241,0,0
BRDA:2251,241,1,0
BRDA:2253,242,0,0
BRDA:2253,242,1,0
BRDA:2265,243,0,0
BRDA:2265,243,1,0
BRDA:2286,244,0,0
BRDA:2286,244,1,0
BRDA:2301,245,0,0
BRDA:2301,245,1,0
BRDA:2301,246,0,0
BRDA:2301,246,1,0
BRDA:2317,247,0,0
BRDA:2317,247,1,0
BRDA:2317,248,0,0
BRDA:2317,248,1,0
BRDA:2317,248,2,0
BRDA:2318,249,0,0
BRDA:2318,249,1,0
BRDA:2320,250,0,0
BRDA:2320,250,1,0
BRDA:2320,251,0,0
BRDA:2320,251,1,0
BRDA:2322,252,0,0
BRDA:2322,252,1,0
BRDA:2323,253,0,0
BRDA:2323,253,1,0
BRDA:2323,254,0,0
BRDA:2323,254,1,0
BRDA:2323,254,2,0
BRDA:2325,255,0,0
BRDA:2325,255,1,0
BRDA:2326,256,0,0
BRDA:2326,256,1,0
BRDA:2326,257,0,0
BRDA:2326,257,1,0
BRDA:2337,258,0,0
BRDA:2337,258,1,0
BRDA:2337,259,0,0
BRDA:2337,259,1,0
BRDA:2347,260,0,0
BRDA:2347,260,1,0
BRDA:2347,261,0,0
BRDA:2347,261,1,0
BRDA:2352,262,0,0
BRDA:2352,262,1,0
BRDA:2366,263,0,0
BRDA:2366,263,1,0
BRDA:2367,264,0,0
BRDA:2367,264,1,0
BRDA:2375,265,0,0
BRDA:2375,265,1,0
BRDA:2378,266,0,0
BRDA:2378,266,1,0
BRDA:2385,267,0,0
BRDA:2385,267,1,0
BRDA:2394,268,0,0
BRDA:2394,268,1,0
BRDA:2403,269,0,0
BRDA:2403,269,1,0
BRDA:2423,270,0,0
BRDA:2423,270,1,0
BRDA:2423,271,0,0
BRDA:2423,271,1,0
BRDA:2423,271,2,0
BRDA:2423,271,3,0
BRDA:2423,271,4,0
BRDA:2425,272,0,0
BRDA:2425,272,1,0
BRDA:2426,273,0,0
BRDA:2426,273,1,0
BRDA:2429,274,0,0
BRDA:2429,274,1,0
BRDA:2429,275,0,0
BRDA:2429,275,1,0
BRDA:2429,275,2,0
BRDA:2433,276,0,0
BRDA:2433,276,1,0
BRDA:2439,277,0,0
BRDA:2439,277,1,0
BRDA:2439,278,0,0
BRDA:2439,278,1,0
BRDA:2440,279,0,0
BRDA:2440,279,1,0
BRDA:2441,280,0,0
BRDA:2441,280,1,0
BRDA:2442,281,0,0
BRDA:2442,281,1,0
BRDA:2448,282,0,0
BRDA:2448,282,1,0
BRDA:2448,283,0,0
BRDA:2448,283,1,0
BRDA:2449,284,0,0
BRDA:2449,284,1,0
BRDA:2454,285,0,0
BRDA:2454,285,1,0
BRDA:2454,286,0,0
BRDA:2454,286,1,0
BRDA:2455,287,0,0
BRDA:2455,287,1,0
BRDA:2460,288,0,0
BRDA:2460,288,1,0
BRDA:2460,289,0,0
BRDA:2460,289,1,0
BRDA:2488,290,0,0
BRDA:2488,290,1,0
BRDA:2503,291,0,0
BRDA:2503,291,1,0
BRDA:2506,292,0,0
BRDA:2506,292,1,0
BRDA:2509,293,0,0
BRDA:2509,293,1,0
BRDA:2512,294,0,0
BRDA:2512,294,1,0
BRDA:2515,295,0,0
BRDA:2515,295,1,0
BRDA:2517,296,0,0
BRDA:2517,296,1,0
BRDA:2520,297,0,0
BRDA:2520,297,1,0
BRDA:2522,298,0,0
BRDA:2522,298,1,0
BRDA:2525,299,0,0
BRDA:2525,299,1,0
BRDA:2528,300,0,0
BRDA:2528,300,1,0
BRDA:2532,301,0,0
BRDA:2532,301,1,0
BRDA:2533,302,0,0
BRDA:2533,302,1,0
BRDA:2536,303,0,0
BRDA:2536,303,1,0
BRDA:2539,304,0,0
BRDA:2539,304,1,0
BRDA:2542,305,0,0
BRDA:2542,305,1,0
BRDA:2573,306,0,0
BRDA:2573,306,1,0
BRDA:2573,307,0,0
BRDA:2573,307,1,0
BRDA:2575,308,0,0
BRDA:2575,308,1,0
BRDA:2575,309,0,0
BRDA:2575,309,1,0
BRDA:2577,310,0,0
BRDA:2577,310,1,0
BRDA:2579,311,0,0
BRDA:2579,311,1,0
BRDA:2589,312,0,0
BRDA:2589,312,1,0
BRDA:2589,313,0,0
BRDA:2589,313,1,0
BRDA:2613,314,0,0
BRDA:2613,314,1,0
BRDA:2621,315,0,0
BRDA:2621,315,1,0
BRDA:2621,316,0,0
BRDA:2621,316,1,0
BRDA:2630,317,0,0
BRDA:2630,317,1,0
BRDA:2644,318,0,0
BRDA:2644,318,1,0
BRDA:2644,319,0,0
BRDA:2644,319,1,0
BRDA:2644,319,2,0
BRDA:2647,320,0,0
BRDA:2647,320,1,0
BRDA:2647,321,0,0
BRDA:2647,321,1,0
BRDA:2647,321,2,0
BRDA:2647,321,3,0
BRDA:2647,321,4,0
BRDA:2647,321,5,0
BRDA:2647,321,6,0
BRDA:2652,322,0,0
BRDA:2652,322,1,0
BRDA:2652,323,0,0
BRDA:2652,323,1,0
BRDA:2652,323,2,0
BRDA:2655,324,0,0
BRDA:2655,324,1,0
BRDA:2655,325,0,0
BRDA:2655,325,1,0
BRDA:2658,326,0,0
BRDA:2658,326,1,0
BRDA:2658,327,0,0
BRDA:2658,327,1,0
BRDA:2658,327,2,0
BRDA:2658,327,3,0
BRDA:2662,328,0,0
BRDA:2662,328,1,0
BRDA:2662,329,0,0
BRDA:2662,329,1,0
BRDA:2662,329,2,0
BRDA:2662,329,3,0
BRDA:2666,330,0,0
BRDA:2666,330,1,0
BRDA:2667,331,0,0
BRDA:2667,331,1,0
BRDA:2670,332,0,0
BRDA:2670,332,1,0
BRDA:2671,333,0,0
BRDA:2671,333,1,0
BRDA:2674,334,0,0
BRDA:2674,334,1,0
BRDA:2674,335,0,0
BRDA:2674,335,1,0
BRDA:2674,335,2,0
BRDA:2674,335,3,0
BRDA:2674,335,4,0
BRDA:2677,336,0,0
BRDA:2677,336,1,0
BRDA:2678,337,0,0
BRDA:2678,337,1,0
BRDA:2679,338,0,0
BRDA:2679,338,1,0
BRDA:2680,339,0,0
BRDA:2680,339,1,0
BRDA:2684,340,0,0
BRDA:2684,340,1,0
BRDA:2684,341,0,0
BRDA:2684,341,1,0
BRDA:2684,341,2,0
BRDA:2684,341,3,0
BRDA:2688,342,0,0
BRDA:2688,342,1,0
BRDA:2688,343,0,0
BRDA:2688,343,1,0
BRDA:2688,343,2,0
BRDA:2688,343,3,0
BRDA:2688,343,4,0
BRDA:2688,343,5,0
BRDA:2688,343,6,0
BRDA:2688,343,7,0
BRDA:2688,343,8,0
BRDA:2688,343,9,0
BRDA:2694,344,0,0
BRDA:2694,344,1,0
BRDA:2694,345,0,0
BRDA:2694,345,1,0
BRDA:2694,345,2,0
BRDA:2694,345,3,0
BRDA:2694,345,4,0
BRDA:2694,345,5,0
BRDA:2699,346,0,0
BRDA:2699,346,1,0
BRDA:2699,347,0,0
BRDA:2699,347,1,0
BRDA:2699,347,2,0
BRDA:2699,347,3,0
BRDA:2699,347,4,0
BRDA:2699,347,5,0
BRDA:2699,347,6,0
BRDA:2699,347,7,0
BRDA:2699,347,8,0
BRDA:2699,347,9,0
BRDA:2699,347,10,0
BRDA:2711,348,0,0
BRDA:2711,349,0,0
BRDA:2712,350,0,0
BRDA:2712,350,1,0
BRDA:2712,350,2,0
BRDA:2712,350,3,0
BRDA:2712,350,4,0
BRDA:2712,350,5,0
BRDA:2732,351,0,0
BRDA:2740,352,0,0
BRDA:2740,352,1,0
BRDA:2747,353,0,0
BRDA:2747,353,1,0
BRDA:2749,354,0,0
BRDA:2749,354,1,0
BRDA:2751,355,0,0
BRDA:2751,355,1,0
BRDA:2751,356,0,0
BRDA:2751,356,1,0
BRDA:2766,357,0,0
BRDA:2767,358,0,0
BRDA:2767,358,1,0
BRDA:2780,359,0,0
BRDA:2780,359,1,0
BRDA:2785,360,0,0
BRDA:2785,360,1,0
BRDA:2798,361,0,0
BRDA:2798,361,1,0
BRDA:2799,362,0,0
BRDA:2799,362,1,0
BRDA:2830,363,0,0
BRDA:2830,363,1,0
BRDA:2840,364,0,0
BRDA:2840,364,1,0
BRDA:2843,365,0,0
BRDA:2843,365,1,0
BRDA:2849,366,0,0
BRDA:2849,366,1,0
BRDA:2852,367,0,0
BRDA:2852,367,1,0
BRDA:2870,368,0,0
BRDA:2870,368,1,0
BRDA:2872,369,0,0
BRDA:2872,369,1,0
BRDA:2872,370,0,0
BRDA:2872,370,1,0
BRDA:2872,370,2,0
BRDA:2874,371,0,0
BRDA:2874,371,1,0
BRDA:2874,372,0,0
BRDA:2874,372,1,0
BRDA:2876,373,0,0
BRDA:2876,373,1,0
BRDA:2878,374,0,0
BRDA:2878,374,1,0
BRDA:2878,375,0,0
BRDA:2878,375,1,0
BRDA:2880,376,0,0
BRDA:2880,376,1,0
BRDA:2881,377,0,0
BRDA:2881,377,1,0
BRDA:2890,378,0,0
BRDA:2890,378,1,0
BRDA:2892,379,0,0
BRDA:2892,379,1,0
BRDA:2892,380,0,0
BRDA:2892,380,1,0
BRDA:2895,381,0,0
BRDA:2895,381,1,0
BRDA:2895,382,0,0
BRDA:2895,382,1,0
BRDA:2898,383,0,0
BRDA:2898,383,1,0
BRDA:2898,384,0,0
BRDA:2898,384,1,0
BRDA:2901,385,0,0
BRDA:2901,385,1,0
BRDA:2901,386,0,0
BRDA:2901,386,1,0
BRDA:2905,387,0,0
BRDA:2905,387,1,0
BRDA:2913,388,0,0
BRDA:2921,389,0,0
BRDA:2921,389,1,0
BRDA:2933,390,0,0
BRDA:2933,390,1,0
BRDA:2938,391,0,0
BRDA:2938,391,1,0
BRDA:2959,392,0,0
BRDA:2959,392,1,0
BRDA:2988,393,0,0
BRDA:2988,393,1,0
BRDA:2988,394,0,0
BRDA:2988,394,1,0
BRDA:2995,395,0,0
BRDA:2995,395,1,0
BRDA:3014,396,0,0
BRDA:3014,396,1,0
BRDA:3053,397,0,0
BRDA:3053,397,1,0
BRDA:3058,398,0,0
BRDA:3058,398,1,0
BRDA:3077,399,0,0
BRDA:3077,399,1,0
BRDA:3077,400,0,0
BRDA:3077,400,1,0
BRDA:3084,401,0,0
BRDA:3084,401,1,0
BRDA:3084,402,0,0
BRDA:3084,402,1,0
BRDA:3091,403,0,0
BRDA:3091,403,1,0
BRDA:3091,404,0,0
BRDA:3091,404,1,0
BRDA:3118,405,0,0
BRDA:3118,405,1,0
BRDA:3118,406,0,0
BRDA:3118,406,1,0
BRDA:3121,407,0,0
BRDA:3121,407,1,0
BRDA:3121,408,0,0
BRDA:3121,408,1,0
BRDA:3124,409,0,0
BRDA:3124,409,1,0
BRDA:3124,410,0,0
BRDA:3124,410,1,0
BRDA:3127,411,0,0
BRDA:3127,411,1,0
BRDA:3130,412,0,0
BRDA:3130,412,1,0
BRDA:3130,413,0,0
BRDA:3130,413,1,0
BRDA:3133,414,0,0
BRDA:3133,414,1,0
BRDA:3134,415,0,0
BRDA:3134,415,1,0
BRDA:3154,416,0,0
BRDA:3154,416,1,0
BRDA:3154,417,0,0
BRDA:3154,417,1,0
BRDA:3160,418,0,0
BRDA:3160,418,1,0
BRDA:3160,419,0,0
BRDA:3160,419,1,0
BRDA:3177,420,0,0
BRDA:3177,420,1,0
BRDA:3187,421,0,0
BRDA:3187,421,1,0
BRDA:3187,422,0,0
BRDA:3187,422,1,0
BRDA:3189,423,0,0
BRDA:3189,423,1,0
BRDA:3189,424,0,0
BRDA:3189,424,1,0
BRDA:3196,425,0,0
BRDA:3196,425,1,0
BRDA:3196,426,0,0
BRDA:3196,426,1,0
BRDA:3201,427,0,0
BRDA:3201,427,1,0
BRDA:3213,428,0,0
BRDA:3213,428,1,0
BRDA:3213,429,0,0
BRDA:3213,429,1,0
BRDA:3215,430,0,0
BRDA:3215,430,1,0
BRDA:3215,431,0,0
BRDA:3215,431,1,0
BRDA:3217,432,0,0
BRDA:3217,432,1,0
BRDA:3217,433,0,0
BRDA:3217,433,1,0
BRDA:3222,434,0,0
BRDA:3222,434,1,0
BRDA:3222,435,0,0
BRDA:3222,435,1,0
BRDA:3248,436,0,0
BRDA:3252,437,0,0
BRDA:3252,437,1,0
BRDA:3254,438,0,0
BRDA:3254,438,1,0
BRDA:3255,439,0,0
BRDA:3255,439,1,0
BRDA:3257,440,0,0
BRDA:3257,440,1,0
BRDA:3266,441,0,0
BRDA:3266,441,1,0
BRDA:3266,442,0,0
BRDA:3266,442,1,0
BRDA:3268,443,0,0
BRDA:3268,443,1,0
BRDA:3270,444,0,0
BRDA:3270,444,1,0
BRDA:3272,445,0,0
BRDA:3272,445,1,0
BRDA:3281,446,0,0
BRDA:3281,446,1,0
BRDA:3283,447,0,0
BRDA:3283,447,1,0
BRDA:3292,448,0,0
BRDA:3292,448,1,0
BRDA:3297,449,0,0
BRDA:3297,449,1,0
BRDA:3297,450,0,0
BRDA:3297,450,1,0
BRDA:3301,451,0,0
BRDA:3301,451,1,0
BRDA:3306,452,0,0
BRDA:3306,452,1,0
BRDA:3306,453,0,0
BRDA:3306,453,1,0
BRDA:3308,454,0,0
BRDA:3308,454,1,0
BRDA:3322,455,0,0
BRDA:3322,455,1,0
BRDA:3327,456,0,0
BRDA:3327,456,1,0
BRDA:3327,457,0,0
BRDA:3327,457,1,0
BRDA:3331,458,0,0
BRDA:3331,458,1,0
BRDA:3343,459,0,0
BRDA:3343,459,1,0
BRDA:3352,460,0,0
BRDA:3352,460,1,0
BRDA:3397,461,0,0
BRDA:3397,461,1,0
BRDA:3397,462,0,0
BRDA:3397,462,1,0
BRDA:3405,463,0,0
BRDA:3405,464,0,0
BRDA:3414,465,0,0
BRDA:3414,465,1,0
BRDA:3424,466,0,0
BRDA:3424,466,1,0
BRDA:3444,467,0,0
BRDA:3444,467,1,0
BRDA:3444,468,0,0
BRDA:3444,468,1,0
BRDA:3444,468,2,0
BRDA:3482,469,0,0
BRDA:3482,469,1,0
BRDA:3482,469,2,0
BRDA:3561,470,0,0
BRDA:3561,470,1,0
BRDA:3564,471,0,0
BRDA:3564,471,1,0
BRDA:3570,472,0,0
BRDA:3570,472,1,0
BRDA:3573,473,0,0
BRDA:3573,473,1,0
BRDA:3579,474,0,0
BRDA:3579,474,1,0
BRDA:3582,475,0,0
BRDA:3582,475,1,0
BRDA:3588,476,0,0
BRDA:3588,476,1,0
BRDA:3591,477,0,0
BRDA:3591,477,1,0
BRDA:3682,478,0,0
BRDA:3682,478,1,0
BRDA:3688,479,0,0
BRDA:3688,479,1,0
BRDA:3694,480,0,0
BRDA:3694,480,1,0
BRDA:3700,481,0,0
BRDA:3700,481,1,0
BRDA:3706,482,0,0
BRDA:3706,482,1,0
BRDA:3808,483,0,0
BRDA:3808,483,1,0
BRDA:3818,484,0,0
BRDA:3818,484,1,0
BRDA:3818,485,0,0
BRDA:3818,485,1,0
BRDA:3868,486,0,0
BRDA:3868,486,1,0
BRDA:3873,487,0,0
BRDA:3873,487,1,0
BRDA:3887,488,0,0
BRDA:3887,488,1,0
BRDA:3887,489,0,0
BRDA:3887,489,1,0
BRDA:3887,489,2,0
BRDA:3887,489,3,0
BRDA:3892,490,0,0
BRDA:3892,490,1,0
BRDA:3897,491,0,0
BRDA:3897,491,1,0
BRDA:3911,492,0,0
BRDA:3911,492,1,0
BRDA:3921,493,0,0
BRDA:3921,493,1,0
BRDA:3923,494,0,0
BRDA:3923,494,1,0
BRDA:3935,495,0,0
BRDA:3935,495,1,0
BRDA:3938,496,0,0
BRDA:3938,496,1,0
BRDA:3945,497,0,0
BRDA:3945,497,1,0
BRDA:3951,498,0,0
BRDA:3951,498,1,0
BRDA:3952,499,0,0
BRDA:3952,499,1,0
BRDA:3974,500,0,0
BRDA:3974,500,1,0
BRDA:3988,501,0,0
BRDA:3988,501,1,0
BRDA:3992,502,0,0
BRDA:3992,502,1,0
BRDA:3996,503,0,0
BRDA:3996,503,1,0
BRDA:4000,504,0,0
BRDA:4000,504,1,0
BRDA:4000,505,0,0
BRDA:4000,505,1,0
BRDA:4014,506,0,0
BRDA:4014,506,1,0
BRDA:4014,507,0,0
BRDA:4014,507,1,0
BRDA:4026,508,0,0
BRDA:4026,508,1,0
BRDA:4026,509,0,0
BRDA:4026,509,1,0
BRDA:4026,509,2,0
BRDA:4026,509,3,0
BRDA:4049,510,0,0
BRDA:4049,510,1,0
BRDA:4054,511,0,0
BRDA:4054,511,1,0
BRDA:4059,512,0,0
BRDA:4059,512,1,0
BRDA:4064,513,0,0
BRDA:4064,513,1,0
BRDA:4065,514,0,0
BRDA:4065,514,1,0
BRDA:4066,515,0,0
BRDA:4066,515,1,0
BRDA:4067,516,0,0
BRDA:4067,516,1,0
BRDA:4068,517,0,0
BRDA:4068,517,1,0
BRDA:4069,518,0,0
BRDA:4069,518,1,0
BRDA:4070,519,0,0
BRDA:4070,519,1,0
BRDA:4076,520,0,0
BRDA:4076,520,1,0
BRDA:4077,521,0,0
BRDA:4077,521,1,0
BRDA:4080,522,0,0
BRDA:4080,522,1,0
BRDA:4080,523,0,0
BRDA:4080,523,1,0
BRDA:4080,523,2,0
BRDA:4088,524,0,0
BRDA:4088,524,1,0
BRDA:4093,525,0,0
BRDA:4093,525,1,0
BRDA:4098,526,0,0
BRDA:4098,526,1,0
BRDA:4103,527,0,0
BRDA:4103,527,1,0
BRDA:4108,528,0,0
BRDA:4108,528,1,0
BRDA:4124,529,0,0
BRDA:4124,529,1,0
BRDA:4124,530,0,0
BRDA:4124,530,1,0
BRDA:4124,530,2,0
BRDA:4135,531,0,0
BRDA:4135,531,1,0
BRDA:4158,532,0,0
BRDA:4158,532,1,0
BRDA:4178,533,0,0
BRDA:4178,533,1,0
BRDA:4178,534,0,0
BRDA:4178,534,1,0
BRDA:4184,535,0,0
BRDA:4184,535,1,0
BRDA:4184,536,0,0
BRDA:4184,536,1,0
BRDA:4185,537,0,0
BRDA:4185,537,1,0
BRDA:4185,538,0,0
BRDA:4185,538,1,0
BRDA:4186,539,0,0
BRDA:4186,539,1,0
BRDA:4186,540,0,0
BRDA:4186,540,1,0
BRDA:4187,541,0,0
BRDA:4187,541,1,0
BRDA:4187,542,0,0
BRDA:4187,542,1,0
BRDA:4188,543,0,0
BRDA:4188,543,1,0
BRDA:4188,544,0,0
BRDA:4188,544,1,0
BRDA:4189,545,0,0
BRDA:4189,545,1,0
BRDA:4189,546,0,0
BRDA:4189,546,1,0
BRDA:4190,547,0,0
BRDA:4190,547,1,0
BRDA:4190,548,0,0
BRDA:4190,548,1,0
BRDA:4193,549,0,0
BRDA:4193,549,1,0
BRDA:4193,550,0,0
BRDA:4193,550,1,0
BRDA:4193,550,2,0
BRDA:4193,550,3,0
BRDA:4193,550,4,0
BRDA:4193,550,5,0
BRDA:4195,551,0,0
BRDA:4195,551,1,0
BRDA:4217,552,0,0
BRDA:4217,552,1,0
BRDA:4224,553,0,0
BRDA:4224,553,1,0
BRF:1203
BRH:0
end_of_record
TN:
SF:src/index.js
FN:30,(anonymous_0)
FN:34,(anonymous_1)
FN:41,createReadlineInterface
FN:51,interactiveMode
FN:65,(anonymous_4)
FN:93,(anonymous_5)
FN:98,(anonymous_6)
FN:115,(anonymous_7)
FN:122,(anonymous_8)
FN:130,(anonymous_9)
FN:137,(anonymous_10)
FN:144,(anonymous_11)
FN:152,(anonymous_12)
FN:170,(anonymous_13)
FN:175,(anonymous_14)
FNF:15
FNH:0
FNDA:0,(anonymous_0)
FNDA:0,(anonymous_1)
FNDA:0,createReadlineInterface
FNDA:0,interactiveMode
FNDA:0,(anonymous_4)
FNDA:0,(anonymous_5)
FNDA:0,(anonymous_6)
FNDA:0,(anonymous_7)
FNDA:0,(anonymous_8)
FNDA:0,(anonymous_9)
FNDA:0,(anonymous_10)
FNDA:0,(anonymous_11)
FNDA:0,(anonymous_12)
FNDA:0,(anonymous_13)
FNDA:0,(anonymous_14)
DA:3,0
DA:4,0
DA:5,0
DA:6,0
DA:7,0
DA:10,0
DA:24,0
DA:27,0
DA:30,0
DA:31,0
DA:34,0
DA:35,0
DA:36,0
DA:42,0
DA:52,0
DA:53,0
DA:55,0
DA:56,0
DA:57,0
DA:58,0
DA:59,0
DA:60,0
DA:61,0
DA:63,0
DA:65,0
DA:66,0
DA:67,0
DA:68,0
DA:69,0
DA:73,0
DA:74,0
DA:75,0
DA:76,0
DA:79,0
DA:80,0
DA:81,0
DA:84,0
DA:85,0
DA:87,0
DA:90,0
DA:93,0
DA:94,0
DA:95,0
DA:98,0
DA:99,0
DA:100,0
DA:103,0
DA:107,0
DA:112,0
DA:116,0
DA:119,0
DA:123,0
DA:127,0
DA:131,0
DA:134,0
DA:138,0
DA:141,0
DA:145,0
DA:148,0
DA:153,0
DA:156,0
DA:163,0
DA:164,0
DA:166,0
DA:170,0
DA:171,0
DA:172,0
DA:175,0
DA:176,0
DA:177,0
LF:70
LH:0
BRDA:66,0,0,0
BRDA:66,0,1,0
BRDA:66,1,0,0
BRDA:66,1,1,0
BRDA:66,1,2,0
BRDA:73,2,0,0
BRDA:73,2,1,0
BRDA:79,3,0,0
BRDA:79,3,1,0
BRDA:163,4,0,0
BRDA:163,4,1,0
BRF:11
BRH:0
end_of_record
TN:
SF:src/knowledge-scanner.js
FN:6,(anonymous_0)
FN:16,(anonymous_1)
FN:42,(anonymous_2)
FN:50,(anonymous_3)
FN:66,(anonymous_4)
FN:101,(anonymous_5)
FN:108,(anonymous_6)
FN:161,(anonymous_7)
FN:194,(anonymous_8)
FN:202,(anonymous_9)
FN:217,(anonymous_10)
FN:236,(anonymous_11)
FN:281,(anonymous_12)
FN:284,(anonymous_13)
FN:296,(anonymous_14)
FN:304,(anonymous_15)
FN:319,(anonymous_16)
FNF:17
FNH:0
FNDA:0,(anonymous_0)
FNDA:0,(anonymous_1)
FNDA:0,(anonymous_2)
FNDA:0,(anonymous_3)
FNDA:0,(anonymous_4)
FNDA:0,(anonymous_5)
FNDA:0,(anonymous_6)
FNDA:0,(anonymous_7)
FNDA:0,(anonymous_8)
FNDA:0,(anonymous_9)
FNDA:0,(anonymous_10)
FNDA:0,(anonymous_11)
FNDA:0,(anonymous_12)
FNDA:0,(anonymous_13)
FNDA:0,(anonymous_14)
FNDA:0,(anonymous_15)
FNDA:0,(anonymous_16)
DA:1,0
DA:2,0
DA:3,0
DA:7,0
DA:8,0
DA:9,0
DA:17,0
DA:25,0
DA:27,0
DA:28,0
DA:29,0
DA:30,0
DA:34,0
DA:38,0
DA:39,0
DA:43,0
DA:45,0
DA:46,0
DA:47,0
DA:49,0
DA:50,0
DA:52,0
DA:53,0
DA:55,0
DA:56,0
DA:57,0
DA:58,0
DA:62,0
DA:67,0
DA:68,0
DA:70,0
DA:73,0
DA:77,0
DA:79,0
DA:80,0
DA:83,0
DA:84,0
DA:85,0
DA:86,0
DA:87,0
DA:88,0
DA:89,0
DA:90,0
DA:95,0
DA:96,0
DA:102,0
DA:103,0
DA:105,0
DA:108,0
DA:109,0
DA:110,0
DA:111,0
DA:113,0
DA:114,0
DA:117,0
DA:118,0
DA:120,0
DA:121,0
DA:122,0
DA:123,0
DA:124,0
DA:125,0
DA:129,0
DA:133,0
DA:134,0
DA:138,0
DA:139,0
DA:140,0
DA:141,0
DA:142,0
DA:144,0
DA:145,0
DA:150,0
DA:151,0
DA:162,0
DA:163,0
DA:166,0
DA:167,0
DA:168,0
DA:170,0
DA:171,0
DA:172,0
DA:173,0
DA:174,0
DA:175,0
DA:180,0
DA:183,0
DA:184,0
DA:196,0
DA:197,0
DA:199,0
DA:202,0
DA:203,0
DA:205,0
DA:206,0
DA:208,0
DA:218,0
DA:219,0
DA:220,0
DA:222,0
DA:224,0
DA:237,0
DA:238,0
DA:240,0
DA:241,0
DA:243,0
DA:245,0
DA:246,0
DA:249,0
DA:250,0
DA:251,0
DA:252,0
DA:253,0
DA:254,0
DA:256,0
DA:257,0
DA:259,0
DA:260,0
DA:262,0
DA:263,0
DA:264,0
DA:267,0
DA:268,0
DA:269,0
DA:270,0
DA:271,0
DA:272,0
DA:273,0
DA:275,0
DA:276,0
DA:281,0
DA:285,0
DA:287,0
DA:288,0
DA:289,0
DA:290,0
DA:293,0
DA:297,0
DA:298,0
DA:299,0
DA:300,0
DA:306,0
DA:313,0
DA:314,0
DA:315,0
DA:316,0
DA:320,0
DA:321,0
DA:325,0
LF:149
LH:0
BRDA:16,0,0,0
BRDA:20,1,0,0
BRDA:21,2,0,0
BRDA:22,3,0,0
BRDA:23,4,0,0
BRDA:24,5,0,0
BRDA:28,6,0,0
BRDA:28,6,1,0
BRDA:43,7,0,0
BRDA:43,7,1,0
BRDA:50,8,0,0
BRDA:50,8,1,0
BRDA:55,9,0,0
BRDA:55,9,1,0
BRDA:57,10,0,0
BRDA:57,10,1,0
BRDA:73,11,0,0
BRDA:73,11,1,0
BRDA:73,11,2,0
BRDA:73,11,3,0
BRDA:73,11,4,0
BRDA:73,11,5,0
BRDA:77,12,0,0
BRDA:77,12,1,0
BRDA:83,13,0,0
BRDA:83,13,1,0
BRDA:85,14,0,0
BRDA:85,14,1,0
BRDA:87,15,0,0
BRDA:87,15,1,0
BRDA:89,16,0,0
BRDA:89,16,1,0
BRDA:89,17,0,0
BRDA:89,17,1,0
BRDA:95,18,0,0
BRDA:95,18,1,0
BRDA:95,19,0,0
BRDA:95,19,1,0
BRDA:103,20,0,0
BRDA:103,20,1,0
BRDA:117,21,0,0
BRDA:117,21,1,0
BRDA:118,22,0,0
BRDA:118,22,1,0
BRDA:118,23,0,0
BRDA:118,23,1,0
BRDA:122,24,0,0
BRDA:122,24,1,0
BRDA:122,25,0,0
BRDA:122,25,1,0
BRDA:124,26,0,0
BRDA:124,26,1,0
BRDA:133,27,0,0
BRDA:133,27,1,0
BRDA:133,28,0,0
BRDA:133,28,1,0
BRDA:133,28,2,0
BRDA:138,29,0,0
BRDA:138,29,1,0
BRDA:138,30,0,0
BRDA:138,30,1,0
BRDA:141,31,0,0
BRDA:141,31,1,0
BRDA:144,32,0,0
BRDA:144,32,1,0
BRDA:144,33,0,0
BRDA:144,33,1,0
BRDA:150,34,0,0
BRDA:150,34,1,0
BRDA:155,35,0,0
BRDA:155,35,1,0
BRDA:171,36,0,0
BRDA:171,36,1,0
BRDA:174,37,0,0
BRDA:174,37,1,0
BRDA:174,38,0,0
BRDA:174,38,1,0
BRDA:180,39,0,0
BRDA:180,39,1,0
BRDA:180,39,2,0
BRDA:180,39,3,0
BRDA:180,39,4,0
BRDA:183,40,0,0
BRDA:183,40,1,0
BRDA:186,41,0,0
BRDA:186,41,1,0
BRDA:186,41,2,0
BRDA:186,41,3,0
BRDA:187,42,0,0
BRDA:187,42,1,0
BRDA:187,42,2,0
BRDA:188,43,0,0
BRDA:188,43,1,0
BRDA:188,43,2,0
BRDA:188,43,3,0
BRDA:199,44,0,0
BRDA:199,44,1,0
BRDA:203,45,0,0
BRDA:203,45,1,0
BRDA:220,46,0,0
BRDA:220,46,1,0
BRDA:220,47,0,0
BRDA:220,47,1,0
BRDA:226,48,0,0
BRDA:226,48,1,0
BRDA:228,49,0,0
BRDA:228,49,1,0
BRDA:243,50,0,0
BRDA:243,50,1,0
BRDA:243,51,0,0
BRDA:243,51,1,0
BRDA:245,52,0,0
BRDA:245,52,1,0
BRDA:249,53,0,0
BRDA:249,53,1,0
BRDA:252,54,0,0
BRDA:252,54,1,0
BRDA:256,55,0,0
BRDA:256,55,1,0
BRDA:262,56,0,0
BRDA:262,56,1,0
BRDA:263,57,0,0
BRDA:263,57,1,0
BRDA:267,58,0,0
BRDA:267,58,1,0
BRDA:267,59,0,0
BRDA:267,59,1,0
BRDA:270,60,0,0
BRDA:270,60,1,0
BRDA:271,61,0,0
BRDA:271,61,1,0
BRDA:271,61,2,0
BRDA:289,62,0,0
BRDA:289,62,1,0
BRDA:289,63,0,0
BRDA:289,63,1,0
BRDA:297,64,0,0
BRDA:297,64,1,0
BRF:138
BRH:0
end_of_record
TN:
SF:src/core/C9AICore.js
FN:14,(anonymous_0)
FN:23,(anonymous_1)
FN:37,(anonymous_2)
FNF:3
FNH:0
FNDA:0,(anonymous_0)
FNDA:0,(anonymous_1)
FNDA:0,(anonymous_2)
DA:1,0
DA:2,0
DA:3,0
DA:4,0
DA:5,0
DA:6,0
DA:8,0
DA:9,0
DA:10,0
DA:11,0
DA:15,0
DA:16,0
DA:17,0
DA:18,0
DA:19,0
DA:20,0
DA:24,0
DA:26,0
DA:27,0
DA:28,0
DA:29,0
DA:31,0
DA:32,0
DA:34,0
DA:38,0
DA:42,0
LF:26
LH:0
BRDA:24,0,0,0
BRDA:24,0,1,0
BRF:2
BRH:0
end_of_record
TN:
SF:src/core/index.js
FNF:0
FNH:0
DA:1,0
DA:2,0
LF:2
LH:0
BRF:0
BRH:0
end_of_record
TN:
SF:src/handlers/analyticsHandler.js
FN:3,handleAnalytics
FN:12,showTodoMetrics
FN:17,showToolUsageMetrics
FN:22,showModelPerformance
FNF:4
FNH:0
FNDA:0,handleAnalytics
FNDA:0,showTodoMetrics
FNDA:0,showToolUsageMetrics
FNDA:0,showModelPerformance
DA:1,0
DA:4,0
DA:7,0
DA:8,0
DA:9,0
DA:13,0
DA:18,0
DA:23,0
DA:27,0
LF:9
LH:0
BRF:0
BRH:0
end_of_record
TN:
SF:src/handlers/autonomousHandler.js
FN:4,handleAutonomous
FN:23,createExecutionPlan
FN:28,executeStep
FNF:3
FNH:0
FNDA:0,handleAutonomous
FNDA:0,createExecutionPlan
FNDA:0,executeStep
DA:1,0
DA:2,0
DA:5,0
DA:6,0
DA:7,0
DA:8,0
DA:10,0
DA:11,0
DA:14,0
DA:15,0
DA:17,0
DA:18,0
DA:19,0
DA:25,0
DA:32,0
LF:15
LH:0
BRF:0
BRH:0
end_of_record
TN:
SF:src/handlers/commandHandler.js
FN:7,handleCommand
FNF:1
FNH:0
FNDA:0,handleCommand
DA:1,0
DA:2,0
DA:3,0
DA:4,0
DA:5,0
DA:8,0
DA:10,0
DA:12,0
DA:13,0
DA:14,0
DA:15,0
DA:17,0
DA:21,0
DA:22,0
DA:25,0
DA:27,0
DA:29,0
DA:31,0
DA:33,0
DA:36,0
DA:39,0
DA:43,0
LF:22
LH:0
BRDA:12,0,0,0
BRDA:12,0,1,0
BRDA:14,1,0,0
BRDA:14,1,1,0
BRDA:21,2,0,0
BRDA:21,2,1,0
BRDA:25,3,0,0
BRDA:25,3,1,0
BRDA:25,3,2,0
BRDA:25,3,3,0
BRDA:25,3,4,0
BRF:11
BRH:0
end_of_record
TN:
SF:src/handlers/contentHandler.js
FN:5,handleContentCreation
FN:11,generateContent
FN:16,performWebResearch
FNF:3
FNH:0
FNDA:0,handleContentCreation
FNDA:0,generateContent
FNDA:0,performWebResearch
DA:1,0
DA:2,0
DA:3,0
DA:6,0
DA:7,0
DA:8,0
DA:12,0
DA:13,0
DA:18,0
DA:26,0
LF:10
LH:0
BRF:0
BRH:0
end_of_record
TN:
SF:src/handlers/conversationHandler.js
FN:4,handleConversation
FN:21,isConversationalInput
FN:28,(anonymous_2)
FN:31,isObviousConversation
FN:37,(anonymous_4)
FNF:5
FNH:0
FNDA:0,handleConversation
FNDA:0,isConversationalInput
FNDA:0,(anonymous_2)
FNDA:0,isObviousConversation
FNDA:0,(anonymous_4)
DA:1,0
DA:2,0
DA:5,0
DA:6,0
DA:9,0
DA:10,0
DA:11,0
DA:14,0
DA:16,0
DA:17,0
DA:22,0
DA:28,0
DA:32,0
DA:37,0
DA:40,0
LF:15
LH:0
BRDA:5,0,0,0
BRDA:5,0,1,0
BRDA:10,1,0,0
BRDA:10,1,1,0
BRF:4
BRH:0
end_of_record
TN:
SF:src/handlers/issueHandler.js
FN:4,handleIssues
FN:25,listGitHubIssues
FN:31,executeGitHubIssues
FNF:3
FNH:0
FNDA:0,handleIssues
FNDA:0,listGitHubIssues
FNDA:0,executeGitHubIssues
DA:1,0
DA:2,0
DA:5,0
DA:7,0
DA:8,0
DA:10,0
DA:12,0
DA:14,0
DA:16,0
DA:17,0
DA:20,0
DA:21,0
DA:27,0
DA:28,0
DA:35,0
LF:15
LH:0
BRDA:4,0,0,0
BRDA:4,1,0,0
BRDA:8,2,0,0
BRDA:8,2,1,0
BRDA:8,2,2,0
BRDA:8,2,3,0
BRDA:25,3,0,0
BRDA:31,4,0,0
BRF:8
BRH:0
end_of_record
TN:
SF:src/handlers/modelHandler.js
FN:6,handleModels
FN:21,listModels
FN:26,(anonymous_2)
FN:30,(anonymous_3)
FNF:4
FNH:0
FNDA:0,handleModels
FNDA:0,listModels
FNDA:0,(anonymous_2)
FNDA:0,(anonymous_3)
DA:1,0
DA:2,0
DA:3,0
DA:4,0
DA:7,0
DA:9,0
DA:11,0
DA:13,0
DA:15,0
DA:17,0
DA:22,0
DA:23,0
DA:26,0
DA:28,0
DA:29,0
DA:30,0
DA:31,0
DA:36,0
DA:37,0
DA:38,0
DA:43,0
LF:21
LH:0
BRDA:6,0,0,0
BRDA:7,1,0,0
BRDA:7,1,1,0
BRDA:7,1,2,0
BRDA:7,1,3,0
BRDA:7,1,4,0
BRDA:28,2,0,0
BRDA:28,2,1,0
BRF:8
BRH:0
end_of_record
TN:
SF:src/handlers/todoHandler.js
FN:6,handleTodos
FN:23,listTodos
FN:27,(anonymous_2)
FN:37,(anonymous_3)
FN:43,parseLocalTodos
FN:49,(anonymous_5)
FNF:6
FNH:0
FNDA:0,handleTodos
FNDA:0,listTodos
FNDA:0,(anonymous_2)
FNDA:0,(anonymous_3)
FNDA:0,parseLocalTodos
FNDA:0,(anonymous_5)
DA:1,0
DA:2,0
DA:3,0
DA:4,0
DA:7,0
DA:9,0
DA:11,0
DA:13,0
DA:15,0
DA:17,0
DA:19,0
DA:24,0
DA:25,0
DA:26,0
DA:27,0
DA:28,0
DA:31,0
DA:34,0
DA:35,0
DA:36,0
DA:37,0
DA:39,0
DA:44,0
DA:45,0
DA:46,0
DA:48,0
DA:49,0
DA:54,0
LF:28
LH:0
BRDA:6,0,0,0
BRDA:9,1,0,0
BRDA:9,1,1,0
BRDA:9,1,2,0
BRDA:9,1,3,0
BRDA:9,1,4,0
BRDA:36,2,0,0
BRDA:36,2,1,0
BRDA:45,3,0,0
BRDA:45,3,1,0
BRF:10
BRH:0
end_of_record
TN:
SF:src/handlers/toolHandler.js
FN:6,handleTools
FN:21,listTools
FN:29,listAgenticTools
FNF:3
FNH:0
FNDA:0,handleTools
FNDA:0,listTools
FNDA:0,listAgenticTools
DA:1,0
DA:2,0
DA:3,0
DA:4,0
DA:7,0
DA:9,0
DA:11,0
DA:13,0
DA:15,0
DA:17,0
DA:22,0
DA:23,0
DA:25,0
DA:26,0
DA:30,0
DA:36,0
LF:16
LH:0
BRDA:6,0,0,0
BRDA:6,1,0,0
BRDA:7,2,0,0
BRDA:7,2,1,0
BRDA:7,2,2,0
BRDA:7,2,3,0
BRDA:7,2,4,0
BRF:7
BRH:0
end_of_record
TN:
SF:src/models/localModel.js
FN:4,initLocalModel
FN:21,runLocalAI
FNF:2
FNH:0
FNDA:0,initLocalModel
FNDA:0,runLocalAI
DA:1,0
DA:2,0
DA:5,0
DA:6,0
DA:7,0
DA:12,0
DA:13,0
DA:14,0
DA:16,0
DA:17,0
DA:22,0
DA:23,0
DA:24,0
DA:26,0
DA:27,0
DA:29,0
DA:33,0
LF:17
LH:0
BRDA:21,0,0,0
BRDA:26,1,0,0
BRDA:26,1,1,0
BRF:3
BRH:0
end_of_record
TN:
SF:src/utils/common.js
FN:4,sleep
FN:5,(anonymous_1)
FN:8,capitalizeWords
FN:9,(anonymous_3)
FN:12,ensureDirectoryExists
FN:16,writeJsonSafe
FNF:6
FNH:0
FNDA:0,sleep
FNDA:0,(anonymous_1)
FNDA:0,capitalizeWords
FNDA:0,(anonymous_3)
FNDA:0,ensureDirectoryExists
FNDA:0,writeJsonSafe
DA:1,0
DA:2,0
DA:5,0
DA:9,0
DA:13,0
DA:17,0
DA:20,0
LF:7
LH:0
BRF:0
BRH:0
end_of_record
TN:
SF:src/utils/config.js
FN:6,(anonymous_0)
FN:12,(anonymous_1)
FN:23,(anonymous_2)
FNF:3
FNH:0
FNDA:0,(anonymous_0)
FNDA:0,(anonymous_1)
FNDA:0,(anonymous_2)
DA:1,0
DA:2,0
DA:3,0
DA:7,0
DA:8,0
DA:9,0
DA:13,0
DA:14,0
DA:15,0
DA:18,0
DA:19,0
DA:24,0
DA:25,0
DA:27,0
DA:32,0
LF:15
LH:0
BRDA:14,0,0,0
BRDA:14,0,1,0
BRF:2
BRH:0
end_of_record
TN:
SF:src/utils/knowledgeBase.js
FN:6,(anonymous_0)
FN:13,(anonymous_1)
FN:25,(anonymous_2)
FN:37,(anonymous_3)
FN:44,(anonymous_4)
FNF:5
FNH:0
FNDA:0,(anonymous_0)
FNDA:0,(anonymous_1)
FNDA:0,(anonymous_2)
FNDA:0,(anonymous_3)
FNDA:0,(anonymous_4)
DA:1,0
DA:2,0
DA:3,0
DA:7,0
DA:8,0
DA:9,0
DA:10,0
DA:14,0
DA:15,0
DA:16,0
DA:17,0
DA:18,0
DA:21,0
DA:26,0
DA:27,0
DA:33,0
DA:38,0
DA:45,0
DA:49,0
LF:19
LH:0
BRDA:15,0,0,0
BRDA:15,0,1,0
BRDA:17,1,0,0
BRDA:17,1,1,0
BRDA:18,2,0,0
BRDA:18,2,1,0
BRF:6
BRH:0
end_of_record
TN:
SF:src/utils/modelUtils.js
FN:6,downloadModel
FN:7,(anonymous_1)
FN:9,(anonymous_2)
FN:13,(anonymous_3)
FN:19,(anonymous_4)
FN:23,(anonymous_5)
FN:30,validateModel
FN:34,loadModelConfig
FNF:8
FNH:0
FNDA:0,downloadModel
FNDA:0,(anonymous_1)
FNDA:0,(anonymous_2)
FNDA:0,(anonymous_3)
FNDA:0,(anonymous_4)
FNDA:0,(anonymous_5)
FNDA:0,validateModel
FNDA:0,loadModelConfig
DA:1,0
DA:2,0
DA:3,0
DA:4,0
DA:7,0
DA:8,0
DA:9,0
DA:10,0
DA:11,0
DA:13,0
DA:14,0
DA:15,0
DA:18,0
DA:19,0
DA:20,0
DA:21,0
DA:24,0
DA:25,0
DA:35,0
DA:36,0
DA:37,0
DA:39,0
DA:42,0
LF:23
LH:0
BRDA:36,0,0,0
BRDA:36,0,1,0
BRF:2
BRH:0
end_of_record
TN:
SF:src/utils/testRunner.js
FN:4,generateUnitTests
FN:12,runTests
FNF:2
FNH:0
FNDA:0,generateUnitTests
FNDA:0,runTests
DA:1,0
DA:2,0
DA:6,0
DA:16,0
LF:4
LH:0
BRF:0
BRH:0
end_of_record
